{"C:\\Users\\chris\\Documents\\test\\anistream\\frontend-native\\app\\_layout.tsx": {"path":"C:\\Users\\chris\\Documents\\test\\anistream\\frontend-native\\app\\_layout.tsx","statementMap":{"0":{"start":{"line":14,"column":0},"end":{"line":14,"column":36}},"1":{"start":{"line":17,"column":22},"end":{"line":19,"column":14}},"2":{"start":{"line":19,"column":10},"end":{"line":19,"column":14}},"3":{"start":{"line":22,"column":18},"end":{"line":24,"column":14}},"4":{"start":{"line":24,"column":10},"end":{"line":24,"column":14}},"5":{"start":{"line":28,"column":2},"end":{"line":28,"column":47}},"6":{"start":{"line":28,"column":40},"end":{"line":28,"column":47}},"7":{"start":{"line":29,"column":2},"end":{"line":40,"column":3}},"8":{"start":{"line":30,"column":20},"end":{"line":30,"column":43}},"9":{"start":{"line":31,"column":19},"end":{"line":31,"column":54}},"10":{"start":{"line":32,"column":4},"end":{"line":36,"column":5}},"11":{"start":{"line":33,"column":6},"end":{"line":33,"column":39}},"12":{"start":{"line":35,"column":6},"end":{"line":35,"column":34}},"13":{"start":{"line":39,"column":4},"end":{"line":39,"column":49}},"14":{"start":{"line":45,"column":26},"end":{"line":45,"column":44}},"15":{"start":{"line":46,"column":2},"end":{"line":46,"column":31}},"16":{"start":{"line":46,"column":19},"end":{"line":46,"column":31}},"17":{"start":{"line":47,"column":2},"end":{"line":52,"column":4}},"18":{"start":{"line":57,"column":35},"end":{"line":57,"column":44}},"19":{"start":{"line":58,"column":34},"end":{"line":58,"column":49}},"20":{"start":{"line":59,"column":42},"end":{"line":59,"column":57}},"21":{"start":{"line":61,"column":44},"end":{"line":63,"column":3}},"22":{"start":{"line":66,"column":2},"end":{"line":66,"column":28}},"23":{"start":{"line":68,"column":2},"end":{"line":68,"column":27}},"24":{"start":{"line":71,"column":2},"end":{"line":74,"column":9}},"25":{"start":{"line":72,"column":4},"end":{"line":72,"column":49}},"26":{"start":{"line":72,"column":42},"end":{"line":72,"column":49}},"27":{"start":{"line":73,"column":4},"end":{"line":73,"column":64}},"28":{"start":{"line":73,"column":40},"end":{"line":73,"column":62}},"29":{"start":{"line":77,"column":2},"end":{"line":81,"column":35}},"30":{"start":{"line":78,"column":4},"end":{"line":80,"column":5}},"31":{"start":{"line":79,"column":6},"end":{"line":79,"column":24}},"32":{"start":{"line":84,"column":27},"end":{"line":91,"column":30}},"33":{"start":{"line":85,"column":4},"end":{"line":90,"column":5}},"34":{"start":{"line":87,"column":6},"end":{"line":87,"column":61}},"35":{"start":{"line":87,"column":35},"end":{"line":87,"column":59}},"36":{"start":{"line":88,"column":6},"end":{"line":88,"column":37}},"37":{"start":{"line":89,"column":6},"end":{"line":89,"column":28}},"38":{"start":{"line":94,"column":2},"end":{"line":105,"column":3}},"39":{"start":{"line":95,"column":4},"end":{"line":104,"column":6}},"40":{"start":{"line":107,"column":2},"end":{"line":127,"column":4}},"41":{"start":{"line":131,"column":2},"end":{"line":137,"column":4}},"42":{"start":{"line":140,"column":15},"end":{"line":173,"column":2}}},"fnMap":{"0":{"name":"(anonymous_0)","decl":{"start":{"line":19,"column":4},"end":{"line":19,"column":5}},"loc":{"start":{"line":19,"column":10},"end":{"line":19,"column":14}},"line":19},"1":{"name":"(anonymous_1)","decl":{"start":{"line":24,"column":4},"end":{"line":24,"column":5}},"loc":{"start":{"line":24,"column":10},"end":{"line":24,"column":14}},"line":24},"2":{"name":"checkAndApplyUpdate","decl":{"start":{"line":27,"column":15},"end":{"line":27,"column":34}},"loc":{"start":{"line":27,"column":52},"end":{"line":41,"column":1}},"line":27},"3":{"name":"OfflineBanner","decl":{"start":{"line":44,"column":9},"end":{"line":44,"column":22}},"loc":{"start":{"line":44,"column":25},"end":{"line":53,"column":1}},"line":44},"4":{"name":"AppContent","decl":{"start":{"line":56,"column":9},"end":{"line":56,"column":19}},"loc":{"start":{"line":56,"column":22},"end":{"line":128,"column":1}},"line":56},"5":{"name":"(anonymous_5)","decl":{"start":{"line":71,"column":12},"end":{"line":71,"column":13}},"loc":{"start":{"line":71,"column":18},"end":{"line":74,"column":3}},"line":71},"6":{"name":"(anonymous_6)","decl":{"start":{"line":73,"column":34},"end":{"line":73,"column":35}},"loc":{"start":{"line":73,"column":40},"end":{"line":73,"column":62}},"line":73},"7":{"name":"(anonymous_7)","decl":{"start":{"line":77,"column":12},"end":{"line":77,"column":13}},"loc":{"start":{"line":77,"column":18},"end":{"line":81,"column":3}},"line":77},"8":{"name":"(anonymous_8)","decl":{"start":{"line":84,"column":39},"end":{"line":84,"column":40}},"loc":{"start":{"line":84,"column":51},"end":{"line":91,"column":3}},"line":84},"9":{"name":"(anonymous_9)","decl":{"start":{"line":87,"column":24},"end":{"line":87,"column":25}},"loc":{"start":{"line":87,"column":35},"end":{"line":87,"column":59}},"line":87},"10":{"name":"RootLayout","decl":{"start":{"line":130,"column":24},"end":{"line":130,"column":34}},"loc":{"start":{"line":130,"column":37},"end":{"line":138,"column":1}},"line":130}},"branchMap":{"0":{"loc":{"start":{"line":17,"column":22},"end":{"line":19,"column":14}},"type":"cond-expr","locations":[{"start":{"line":18,"column":4},"end":{"line":18,"column":57}},{"start":{"line":19,"column":4},"end":{"line":19,"column":14}}],"line":17},"1":{"loc":{"start":{"line":22,"column":18},"end":{"line":24,"column":14}},"type":"cond-expr","locations":[{"start":{"line":23,"column":4},"end":{"line":23,"column":48}},{"start":{"line":24,"column":4},"end":{"line":24,"column":14}}],"line":22},"2":{"loc":{"start":{"line":28,"column":2},"end":{"line":28,"column":47}},"type":"if","locations":[{"start":{"line":28,"column":2},"end":{"line":28,"column":47}},{"start":{},"end":{}}],"line":28},"3":{"loc":{"start":{"line":28,"column":6},"end":{"line":28,"column":38}},"type":"binary-expr","locations":[{"start":{"line":28,"column":6},"end":{"line":28,"column":27}},{"start":{"line":28,"column":31},"end":{"line":28,"column":38}}],"line":28},"4":{"loc":{"start":{"line":32,"column":4},"end":{"line":36,"column":5}},"type":"if","locations":[{"start":{"line":32,"column":4},"end":{"line":36,"column":5}},{"start":{},"end":{}}],"line":32},"5":{"loc":{"start":{"line":46,"column":2},"end":{"line":46,"column":31}},"type":"if","locations":[{"start":{"line":46,"column":2},"end":{"line":46,"column":31}},{"start":{},"end":{}}],"line":46},"6":{"loc":{"start":{"line":62,"column":4},"end":{"line":62,"column":36}},"type":"binary-expr","locations":[{"start":{"line":62,"column":4},"end":{"line":62,"column":25}},{"start":{"line":62,"column":29},"end":{"line":62,"column":36}}],"line":62},"7":{"loc":{"start":{"line":72,"column":4},"end":{"line":72,"column":49}},"type":"if","locations":[{"start":{"line":72,"column":4},"end":{"line":72,"column":49}},{"start":{},"end":{}}],"line":72},"8":{"loc":{"start":{"line":72,"column":8},"end":{"line":72,"column":40}},"type":"binary-expr","locations":[{"start":{"line":72,"column":8},"end":{"line":72,"column":29}},{"start":{"line":72,"column":33},"end":{"line":72,"column":40}}],"line":72},"9":{"loc":{"start":{"line":78,"column":4},"end":{"line":80,"column":5}},"type":"if","locations":[{"start":{"line":78,"column":4},"end":{"line":80,"column":5}},{"start":{},"end":{}}],"line":78},"10":{"loc":{"start":{"line":78,"column":8},"end":{"line":78,"column":37}},"type":"binary-expr","locations":[{"start":{"line":78,"column":8},"end":{"line":78,"column":20}},{"start":{"line":78,"column":24},"end":{"line":78,"column":37}}],"line":78},"11":{"loc":{"start":{"line":85,"column":4},"end":{"line":90,"column":5}},"type":"if","locations":[{"start":{"line":85,"column":4},"end":{"line":90,"column":5}},{"start":{},"end":{}}],"line":85},"12":{"loc":{"start":{"line":85,"column":8},"end":{"line":85,"column":33}},"type":"binary-expr","locations":[{"start":{"line":85,"column":8},"end":{"line":85,"column":16}},{"start":{"line":85,"column":20},"end":{"line":85,"column":33}}],"line":85},"13":{"loc":{"start":{"line":94,"column":2},"end":{"line":105,"column":3}},"type":"if","locations":[{"start":{"line":94,"column":2},"end":{"line":105,"column":3}},{"start":{},"end":{}}],"line":94},"14":{"loc":{"start":{"line":110,"column":7},"end":{"line":110,"column":49}},"type":"binary-expr","locations":[{"start":{"line":110,"column":7},"end":{"line":110,"column":28}},{"start":{"line":110,"column":32},"end":{"line":110,"column":49}}],"line":110},"15":{"loc":{"start":{"line":111,"column":7},"end":{"line":111,"column":45}},"type":"binary-expr","locations":[{"start":{"line":111,"column":7},"end":{"line":111,"column":28}},{"start":{"line":111,"column":32},"end":{"line":111,"column":45}}],"line":111}},"s":{"0":0,"1":0,"2":0,"3":0,"4":0,"5":0,"6":0,"7":0,"8":0,"9":0,"10":0,"11":0,"12":0,"13":0,"14":0,"15":0,"16":0,"17":0,"18":0,"19":0,"20":0,"21":0,"22":0,"23":0,"24":0,"25":0,"26":0,"27":0,"28":0,"29":0,"30":0,"31":0,"32":0,"33":0,"34":0,"35":0,"36":0,"37":0,"38":0,"39":0,"40":0,"41":0,"42":0},"f":{"0":0,"1":0,"2":0,"3":0,"4":0,"5":0,"6":0,"7":0,"8":0,"9":0,"10":0},"b":{"0":[0,0],"1":[0,0],"2":[0,0],"3":[0,0],"4":[0,0],"5":[0,0],"6":[0,0],"7":[0,0],"8":[0,0],"9":[0,0],"10":[0,0],"11":[0,0],"12":[0,0],"13":[0,0],"14":[0,0],"15":[0,0]}}
,"C:\\Users\\chris\\Documents\\test\\anistream\\frontend-native\\app\\index.tsx": {"path":"C:\\Users\\chris\\Documents\\test\\anistream\\frontend-native\\app\\index.tsx","statementMap":{"0":{"start":{"line":4,"column":2},"end":{"line":4,"column":42}}},"fnMap":{"0":{"name":"Index","decl":{"start":{"line":3,"column":24},"end":{"line":3,"column":29}},"loc":{"start":{"line":3,"column":32},"end":{"line":5,"column":1}},"line":3}},"branchMap":{},"s":{"0":0},"f":{"0":0},"b":{}}
,"C:\\Users\\chris\\Documents\\test\\anistream\\frontend-native\\app\\policy.tsx": {"path":"C:\\Users\\chris\\Documents\\test\\anistream\\frontend-native\\app\\policy.tsx","statementMap":{"0":{"start":{"line":8,"column":17},"end":{"line":8,"column":28}},"1":{"start":{"line":10,"column":2},"end":{"line":186,"column":4}},"2":{"start":{"line":15,"column":27},"end":{"line":15,"column":40}},"3":{"start":{"line":189,"column":15},"end":{"line":273,"column":2}}},"fnMap":{"0":{"name":"PrivacyPolicyScreen","decl":{"start":{"line":7,"column":24},"end":{"line":7,"column":43}},"loc":{"start":{"line":7,"column":46},"end":{"line":187,"column":1}},"line":7},"1":{"name":"(anonymous_1)","decl":{"start":{"line":15,"column":21},"end":{"line":15,"column":22}},"loc":{"start":{"line":15,"column":27},"end":{"line":15,"column":40}},"line":15}},"branchMap":{"0":{"loc":{"start":{"line":201,"column":23},"end":{"line":201,"column":54}},"type":"cond-expr","locations":[{"start":{"line":201,"column":47},"end":{"line":201,"column":49}},{"start":{"line":201,"column":52},"end":{"line":201,"column":54}}],"line":201},"1":{"loc":{"start":{"line":210,"column":14},"end":{"line":210,"column":45}},"type":"cond-expr","locations":[{"start":{"line":210,"column":38},"end":{"line":210,"column":40}},{"start":{"line":210,"column":43},"end":{"line":210,"column":45}}],"line":210},"2":{"loc":{"start":{"line":221,"column":23},"end":{"line":221,"column":54}},"type":"cond-expr","locations":[{"start":{"line":221,"column":47},"end":{"line":221,"column":49}},{"start":{"line":221,"column":52},"end":{"line":221,"column":54}}],"line":221},"3":{"loc":{"start":{"line":235,"column":14},"end":{"line":235,"column":45}},"type":"cond-expr","locations":[{"start":{"line":235,"column":38},"end":{"line":235,"column":40}},{"start":{"line":235,"column":43},"end":{"line":235,"column":45}}],"line":235},"4":{"loc":{"start":{"line":241,"column":14},"end":{"line":241,"column":45}},"type":"cond-expr","locations":[{"start":{"line":241,"column":38},"end":{"line":241,"column":40}},{"start":{"line":241,"column":43},"end":{"line":241,"column":45}}],"line":241},"5":{"loc":{"start":{"line":242,"column":16},"end":{"line":242,"column":47}},"type":"cond-expr","locations":[{"start":{"line":242,"column":40},"end":{"line":242,"column":42}},{"start":{"line":242,"column":45},"end":{"line":242,"column":47}}],"line":242},"6":{"loc":{"start":{"line":251,"column":14},"end":{"line":251,"column":45}},"type":"cond-expr","locations":[{"start":{"line":251,"column":38},"end":{"line":251,"column":40}},{"start":{"line":251,"column":43},"end":{"line":251,"column":45}}],"line":251},"7":{"loc":{"start":{"line":252,"column":16},"end":{"line":252,"column":47}},"type":"cond-expr","locations":[{"start":{"line":252,"column":40},"end":{"line":252,"column":42}},{"start":{"line":252,"column":45},"end":{"line":252,"column":47}}],"line":252},"8":{"loc":{"start":{"line":267,"column":14},"end":{"line":267,"column":45}},"type":"cond-expr","locations":[{"start":{"line":267,"column":38},"end":{"line":267,"column":40}},{"start":{"line":267,"column":43},"end":{"line":267,"column":45}}],"line":267},"9":{"loc":{"start":{"line":268,"column":16},"end":{"line":268,"column":47}},"type":"cond-expr","locations":[{"start":{"line":268,"column":40},"end":{"line":268,"column":42}},{"start":{"line":268,"column":45},"end":{"line":268,"column":47}}],"line":268}},"s":{"0":0,"1":0,"2":0,"3":0},"f":{"0":0,"1":0},"b":{"0":[0,0],"1":[0,0],"2":[0,0],"3":[0,0],"4":[0,0],"5":[0,0],"6":[0,0],"7":[0,0],"8":[0,0],"9":[0,0]}}
,"C:\\Users\\chris\\Documents\\test\\anistream\\frontend-native\\app\\terms.tsx": {"path":"C:\\Users\\chris\\Documents\\test\\anistream\\frontend-native\\app\\terms.tsx","statementMap":{"0":{"start":{"line":8,"column":17},"end":{"line":8,"column":28}},"1":{"start":{"line":10,"column":2},"end":{"line":295,"column":4}},"2":{"start":{"line":15,"column":27},"end":{"line":15,"column":40}},"3":{"start":{"line":298,"column":15},"end":{"line":382,"column":2}}},"fnMap":{"0":{"name":"TermsOfServiceScreen","decl":{"start":{"line":7,"column":24},"end":{"line":7,"column":44}},"loc":{"start":{"line":7,"column":47},"end":{"line":296,"column":1}},"line":7},"1":{"name":"(anonymous_1)","decl":{"start":{"line":15,"column":21},"end":{"line":15,"column":22}},"loc":{"start":{"line":15,"column":27},"end":{"line":15,"column":40}},"line":15}},"branchMap":{"0":{"loc":{"start":{"line":310,"column":23},"end":{"line":310,"column":54}},"type":"cond-expr","locations":[{"start":{"line":310,"column":47},"end":{"line":310,"column":49}},{"start":{"line":310,"column":52},"end":{"line":310,"column":54}}],"line":310},"1":{"loc":{"start":{"line":319,"column":14},"end":{"line":319,"column":45}},"type":"cond-expr","locations":[{"start":{"line":319,"column":38},"end":{"line":319,"column":40}},{"start":{"line":319,"column":43},"end":{"line":319,"column":45}}],"line":319},"2":{"loc":{"start":{"line":330,"column":23},"end":{"line":330,"column":54}},"type":"cond-expr","locations":[{"start":{"line":330,"column":47},"end":{"line":330,"column":49}},{"start":{"line":330,"column":52},"end":{"line":330,"column":54}}],"line":330},"3":{"loc":{"start":{"line":344,"column":14},"end":{"line":344,"column":45}},"type":"cond-expr","locations":[{"start":{"line":344,"column":38},"end":{"line":344,"column":40}},{"start":{"line":344,"column":43},"end":{"line":344,"column":45}}],"line":344},"4":{"loc":{"start":{"line":350,"column":14},"end":{"line":350,"column":45}},"type":"cond-expr","locations":[{"start":{"line":350,"column":38},"end":{"line":350,"column":40}},{"start":{"line":350,"column":43},"end":{"line":350,"column":45}}],"line":350},"5":{"loc":{"start":{"line":351,"column":16},"end":{"line":351,"column":47}},"type":"cond-expr","locations":[{"start":{"line":351,"column":40},"end":{"line":351,"column":42}},{"start":{"line":351,"column":45},"end":{"line":351,"column":47}}],"line":351},"6":{"loc":{"start":{"line":360,"column":14},"end":{"line":360,"column":45}},"type":"cond-expr","locations":[{"start":{"line":360,"column":38},"end":{"line":360,"column":40}},{"start":{"line":360,"column":43},"end":{"line":360,"column":45}}],"line":360},"7":{"loc":{"start":{"line":361,"column":16},"end":{"line":361,"column":47}},"type":"cond-expr","locations":[{"start":{"line":361,"column":40},"end":{"line":361,"column":42}},{"start":{"line":361,"column":45},"end":{"line":361,"column":47}}],"line":361},"8":{"loc":{"start":{"line":376,"column":14},"end":{"line":376,"column":45}},"type":"cond-expr","locations":[{"start":{"line":376,"column":38},"end":{"line":376,"column":40}},{"start":{"line":376,"column":43},"end":{"line":376,"column":45}}],"line":376},"9":{"loc":{"start":{"line":377,"column":16},"end":{"line":377,"column":47}},"type":"cond-expr","locations":[{"start":{"line":377,"column":40},"end":{"line":377,"column":42}},{"start":{"line":377,"column":45},"end":{"line":377,"column":47}}],"line":377}},"s":{"0":0,"1":0,"2":0,"3":0},"f":{"0":0,"1":0},"b":{"0":[0,0],"1":[0,0],"2":[0,0],"3":[0,0],"4":[0,0],"5":[0,0],"6":[0,0],"7":[0,0],"8":[0,0],"9":[0,0]}}
,"C:\\Users\\chris\\Documents\\test\\anistream\\frontend-native\\app\\(tabs)\\_layout.tsx": {"path":"C:\\Users\\chris\\Documents\\test\\anistream\\frontend-native\\app\\(tabs)\\_layout.tsx","statementMap":{"0":{"start":{"line":8,"column":19},"end":{"line":8,"column":28}},"1":{"start":{"line":9,"column":17},"end":{"line":9,"column":36}},"2":{"start":{"line":12,"column":24},"end":{"line":12,"column":79}},"3":{"start":{"line":13,"column":23},"end":{"line":13,"column":99}},"4":{"start":{"line":15,"column":2},"end":{"line":92,"column":4}},"5":{"start":{"line":45,"column":12},"end":{"line":45,"column":68}},"6":{"start":{"line":54,"column":12},"end":{"line":54,"column":68}},"7":{"start":{"line":81,"column":12},"end":{"line":81,"column":75}}},"fnMap":{"0":{"name":"TabLayout","decl":{"start":{"line":7,"column":24},"end":{"line":7,"column":33}},"loc":{"start":{"line":7,"column":36},"end":{"line":93,"column":1}},"line":7},"1":{"name":"(anonymous_1)","decl":{"start":{"line":44,"column":22},"end":{"line":44,"column":23}},"loc":{"start":{"line":45,"column":12},"end":{"line":45,"column":68}},"line":45},"2":{"name":"(anonymous_2)","decl":{"start":{"line":53,"column":22},"end":{"line":53,"column":23}},"loc":{"start":{"line":54,"column":12},"end":{"line":54,"column":68}},"line":54},"3":{"name":"(anonymous_3)","decl":{"start":{"line":80,"column":22},"end":{"line":80,"column":23}},"loc":{"start":{"line":81,"column":12},"end":{"line":81,"column":75}},"line":81}},"branchMap":{"0":{"loc":{"start":{"line":12,"column":24},"end":{"line":12,"column":79}},"type":"cond-expr","locations":[{"start":{"line":12,"column":48},"end":{"line":12,"column":50}},{"start":{"line":12,"column":53},"end":{"line":12,"column":79}}],"line":12},"1":{"loc":{"start":{"line":13,"column":23},"end":{"line":13,"column":99}},"type":"cond-expr","locations":[{"start":{"line":13,"column":47},"end":{"line":13,"column":49}},{"start":{"line":13,"column":52},"end":{"line":13,"column":99}}],"line":13},"2":{"loc":{"start":{"line":13,"column":52},"end":{"line":13,"column":99}},"type":"cond-expr","locations":[{"start":{"line":13,"column":76},"end":{"line":13,"column":78}},{"start":{"line":13,"column":81},"end":{"line":13,"column":99}}],"line":13},"3":{"loc":{"start":{"line":36,"column":21},"end":{"line":36,"column":50}},"type":"cond-expr","locations":[{"start":{"line":36,"column":45},"end":{"line":36,"column":46}},{"start":{"line":36,"column":49},"end":{"line":36,"column":50}}],"line":36}},"s":{"0":0,"1":0,"2":0,"3":0,"4":0,"5":0,"6":0,"7":0},"f":{"0":0,"1":0,"2":0,"3":0},"b":{"0":[0,0],"1":[0,0],"2":[0,0],"3":[0,0]}}
,"C:\\Users\\chris\\Documents\\test\\anistream\\frontend-native\\app\\(tabs)\\browse.tsx": {"path":"C:\\Users\\chris\\Documents\\test\\anistream\\frontend-native\\app\\(tabs)\\browse.tsx","statementMap":{"0":{"start":{"line":34,"column":17},"end":{"line":34,"column":28}},"1":{"start":{"line":35,"column":17},"end":{"line":35,"column":91}},"2":{"start":{"line":36,"column":20},"end":{"line":36,"column":41}},"3":{"start":{"line":38,"column":38},"end":{"line":38,"column":70}},"4":{"start":{"line":39,"column":50},"end":{"line":39,"column":88}},"5":{"start":{"line":40,"column":44},"end":{"line":40,"column":69}},"6":{"start":{"line":41,"column":38},"end":{"line":41,"column":63}},"7":{"start":{"line":42,"column":36},"end":{"line":42,"column":57}},"8":{"start":{"line":43,"column":32},"end":{"line":43,"column":46}},"9":{"start":{"line":44,"column":38},"end":{"line":44,"column":53}},"10":{"start":{"line":45,"column":40},"end":{"line":45,"column":55}},"11":{"start":{"line":48,"column":24},"end":{"line":54,"column":3}},"12":{"start":{"line":49,"column":4},"end":{"line":49,"column":30}},"13":{"start":{"line":49,"column":21},"end":{"line":49,"column":30}},"14":{"start":{"line":50,"column":4},"end":{"line":50,"column":30}},"15":{"start":{"line":50,"column":21},"end":{"line":50,"column":30}},"16":{"start":{"line":51,"column":4},"end":{"line":51,"column":31}},"17":{"start":{"line":51,"column":22},"end":{"line":51,"column":31}},"18":{"start":{"line":52,"column":4},"end":{"line":52,"column":31}},"19":{"start":{"line":52,"column":22},"end":{"line":52,"column":31}},"20":{"start":{"line":53,"column":4},"end":{"line":53,"column":13}},"21":{"start":{"line":56,"column":21},"end":{"line":56,"column":36}},"22":{"start":{"line":59,"column":23},"end":{"line":65,"column":3}},"23":{"start":{"line":60,"column":20},"end":{"line":60,"column":41}},"24":{"start":{"line":61,"column":16},"end":{"line":61,"column":17}},"25":{"start":{"line":62,"column":27},"end":{"line":62,"column":48}},"26":{"start":{"line":63,"column":21},"end":{"line":63,"column":43}},"27":{"start":{"line":64,"column":4},"end":{"line":64,"column":52}},"28":{"start":{"line":67,"column":20},"end":{"line":67,"column":34}},"29":{"start":{"line":68,"column":22},"end":{"line":68,"column":42}},"30":{"start":{"line":71,"column":30},"end":{"line":76,"column":3}},"31":{"start":{"line":72,"column":4},"end":{"line":72,"column":30}},"32":{"start":{"line":72,"column":21},"end":{"line":72,"column":30}},"33":{"start":{"line":73,"column":4},"end":{"line":73,"column":30}},"34":{"start":{"line":73,"column":21},"end":{"line":73,"column":30}},"35":{"start":{"line":74,"column":4},"end":{"line":74,"column":31}},"36":{"start":{"line":74,"column":22},"end":{"line":74,"column":31}},"37":{"start":{"line":75,"column":4},"end":{"line":75,"column":13}},"38":{"start":{"line":78,"column":27},"end":{"line":78,"column":48}},"39":{"start":{"line":81,"column":2},"end":{"line":92,"column":49}},"40":{"start":{"line":82,"column":4},"end":{"line":91,"column":5}},"41":{"start":{"line":83,"column":6},"end":{"line":83,"column":32}},"42":{"start":{"line":84,"column":6},"end":{"line":84,"column":59}},"43":{"start":{"line":85,"column":11},"end":{"line":91,"column":5}},"44":{"start":{"line":86,"column":6},"end":{"line":86,"column":29}},"45":{"start":{"line":87,"column":6},"end":{"line":87,"column":46}},"46":{"start":{"line":88,"column":11},"end":{"line":91,"column":5}},"47":{"start":{"line":89,"column":6},"end":{"line":89,"column":26}},"48":{"start":{"line":90,"column":6},"end":{"line":90,"column":43}},"49":{"start":{"line":95,"column":2},"end":{"line":97,"column":64}},"50":{"start":{"line":96,"column":4},"end":{"line":96,"column":15}},"51":{"start":{"line":99,"column":19},"end":{"line":123,"column":3}},"52":{"start":{"line":100,"column":4},"end":{"line":122,"column":5}},"53":{"start":{"line":101,"column":6},"end":{"line":101,"column":23}},"54":{"start":{"line":102,"column":26},"end":{"line":102,"column":28}},"55":{"start":{"line":104,"column":6},"end":{"line":114,"column":7}},"56":{"start":{"line":106,"column":10},"end":{"line":106,"column":64}},"57":{"start":{"line":107,"column":10},"end":{"line":107,"column":16}},"58":{"start":{"line":109,"column":10},"end":{"line":109,"column":58}},"59":{"start":{"line":110,"column":10},"end":{"line":110,"column":16}},"60":{"start":{"line":112,"column":10},"end":{"line":112,"column":52}},"61":{"start":{"line":113,"column":10},"end":{"line":113,"column":16}},"62":{"start":{"line":116,"column":6},"end":{"line":116,"column":25}},"63":{"start":{"line":118,"column":6},"end":{"line":118,"column":49}},"64":{"start":{"line":119,"column":6},"end":{"line":119,"column":23}},"65":{"start":{"line":121,"column":6},"end":{"line":121,"column":24}},"66":{"start":{"line":125,"column":24},"end":{"line":129,"column":63}},"67":{"start":{"line":126,"column":4},"end":{"line":126,"column":24}},"68":{"start":{"line":127,"column":4},"end":{"line":127,"column":21}},"69":{"start":{"line":128,"column":4},"end":{"line":128,"column":25}},"70":{"start":{"line":131,"column":27},"end":{"line":136,"column":3}},"71":{"start":{"line":132,"column":4},"end":{"line":135,"column":7}},"72":{"start":{"line":138,"column":26},"end":{"line":147,"column":3}},"73":{"start":{"line":139,"column":4},"end":{"line":146,"column":5}},"74":{"start":{"line":141,"column":8},"end":{"line":141,"column":51}},"75":{"start":{"line":143,"column":8},"end":{"line":143,"column":46}},"76":{"start":{"line":145,"column":8},"end":{"line":145,"column":96}},"77":{"start":{"line":149,"column":26},"end":{"line":175,"column":3}},"78":{"start":{"line":150,"column":24},"end":{"line":150,"column":54}},"79":{"start":{"line":151,"column":4},"end":{"line":174,"column":6}},"80":{"start":{"line":158,"column":23},"end":{"line":158,"column":45}},"81":{"start":{"line":177,"column":29},"end":{"line":219,"column":3}},"82":{"start":{"line":178,"column":4},"end":{"line":218,"column":11}},"83":{"start":{"line":181,"column":23},"end":{"line":181,"column":48}},"84":{"start":{"line":194,"column":23},"end":{"line":194,"column":45}},"85":{"start":{"line":207,"column":23},"end":{"line":207,"column":42}},"86":{"start":{"line":221,"column":33},"end":{"line":248,"column":3}},"87":{"start":{"line":222,"column":4},"end":{"line":247,"column":17}},"88":{"start":{"line":229,"column":8},"end":{"line":245,"column":27}},"89":{"start":{"line":235,"column":25},"end":{"line":235,"column":51}},"90":{"start":{"line":250,"column":30},"end":{"line":311,"column":3}},"91":{"start":{"line":252,"column":25},"end":{"line":258,"column":5}},"92":{"start":{"line":253,"column":22},"end":{"line":253,"column":24}},"93":{"start":{"line":254,"column":18},"end":{"line":254,"column":19}},"94":{"start":{"line":255,"column":29},"end":{"line":255,"column":50}},"95":{"start":{"line":256,"column":23},"end":{"line":256,"column":51}},"96":{"start":{"line":257,"column":6},"end":{"line":257,"column":60}},"97":{"start":{"line":260,"column":22},"end":{"line":260,"column":62}},"98":{"start":{"line":262,"column":4},"end":{"line":310,"column":6}},"99":{"start":{"line":273,"column":32},"end":{"line":273,"column":83}},"100":{"start":{"line":274,"column":12},"end":{"line":296,"column":14}},"101":{"start":{"line":284,"column":31},"end":{"line":284,"column":54}},"102":{"start":{"line":301,"column":25},"end":{"line":301,"column":53}},"103":{"start":{"line":313,"column":27},"end":{"line":340,"column":3}},"104":{"start":{"line":314,"column":4},"end":{"line":339,"column":17}},"105":{"start":{"line":321,"column":8},"end":{"line":337,"column":27}},"106":{"start":{"line":327,"column":25},"end":{"line":327,"column":46}},"107":{"start":{"line":342,"column":2},"end":{"line":390,"column":4}},"108":{"start":{"line":369,"column":34},"end":{"line":369,"column":41}},"109":{"start":{"line":393,"column":15},"end":{"line":571,"column":2}}},"fnMap":{"0":{"name":"BrowseScreen","decl":{"start":{"line":33,"column":24},"end":{"line":33,"column":36}},"loc":{"start":{"line":33,"column":39},"end":{"line":391,"column":1}},"line":33},"1":{"name":"(anonymous_1)","decl":{"start":{"line":48,"column":24},"end":{"line":48,"column":25}},"loc":{"start":{"line":48,"column":30},"end":{"line":54,"column":3}},"line":48},"2":{"name":"(anonymous_2)","decl":{"start":{"line":59,"column":23},"end":{"line":59,"column":24}},"loc":{"start":{"line":59,"column":29},"end":{"line":65,"column":3}},"line":59},"3":{"name":"(anonymous_3)","decl":{"start":{"line":71,"column":30},"end":{"line":71,"column":31}},"loc":{"start":{"line":71,"column":36},"end":{"line":76,"column":3}},"line":71},"4":{"name":"(anonymous_4)","decl":{"start":{"line":81,"column":12},"end":{"line":81,"column":13}},"loc":{"start":{"line":81,"column":18},"end":{"line":92,"column":3}},"line":81},"5":{"name":"(anonymous_5)","decl":{"start":{"line":95,"column":12},"end":{"line":95,"column":13}},"loc":{"start":{"line":95,"column":18},"end":{"line":97,"column":3}},"line":95},"6":{"name":"(anonymous_6)","decl":{"start":{"line":99,"column":19},"end":{"line":99,"column":20}},"loc":{"start":{"line":99,"column":31},"end":{"line":123,"column":3}},"line":99},"7":{"name":"(anonymous_7)","decl":{"start":{"line":125,"column":36},"end":{"line":125,"column":37}},"loc":{"start":{"line":125,"column":48},"end":{"line":129,"column":3}},"line":125},"8":{"name":"(anonymous_8)","decl":{"start":{"line":131,"column":27},"end":{"line":131,"column":28}},"loc":{"start":{"line":131,"column":45},"end":{"line":136,"column":3}},"line":131},"9":{"name":"(anonymous_9)","decl":{"start":{"line":138,"column":26},"end":{"line":138,"column":27}},"loc":{"start":{"line":138,"column":32},"end":{"line":147,"column":3}},"line":138},"10":{"name":"(anonymous_10)","decl":{"start":{"line":149,"column":26},"end":{"line":149,"column":27}},"loc":{"start":{"line":149,"column":79},"end":{"line":175,"column":3}},"line":149},"11":{"name":"(anonymous_11)","decl":{"start":{"line":158,"column":17},"end":{"line":158,"column":18}},"loc":{"start":{"line":158,"column":23},"end":{"line":158,"column":45}},"line":158},"12":{"name":"(anonymous_12)","decl":{"start":{"line":177,"column":29},"end":{"line":177,"column":30}},"loc":{"start":{"line":178,"column":4},"end":{"line":218,"column":11}},"line":178},"13":{"name":"(anonymous_13)","decl":{"start":{"line":181,"column":17},"end":{"line":181,"column":18}},"loc":{"start":{"line":181,"column":23},"end":{"line":181,"column":48}},"line":181},"14":{"name":"(anonymous_14)","decl":{"start":{"line":194,"column":17},"end":{"line":194,"column":18}},"loc":{"start":{"line":194,"column":23},"end":{"line":194,"column":45}},"line":194},"15":{"name":"(anonymous_15)","decl":{"start":{"line":207,"column":17},"end":{"line":207,"column":18}},"loc":{"start":{"line":207,"column":23},"end":{"line":207,"column":42}},"line":207},"16":{"name":"(anonymous_16)","decl":{"start":{"line":221,"column":33},"end":{"line":221,"column":34}},"loc":{"start":{"line":222,"column":4},"end":{"line":247,"column":17}},"line":222},"17":{"name":"(anonymous_17)","decl":{"start":{"line":228,"column":25},"end":{"line":228,"column":26}},"loc":{"start":{"line":229,"column":8},"end":{"line":245,"column":27}},"line":229},"18":{"name":"(anonymous_18)","decl":{"start":{"line":235,"column":19},"end":{"line":235,"column":20}},"loc":{"start":{"line":235,"column":25},"end":{"line":235,"column":51}},"line":235},"19":{"name":"(anonymous_19)","decl":{"start":{"line":250,"column":30},"end":{"line":250,"column":31}},"loc":{"start":{"line":250,"column":36},"end":{"line":311,"column":3}},"line":250},"20":{"name":"(anonymous_20)","decl":{"start":{"line":252,"column":25},"end":{"line":252,"column":26}},"loc":{"start":{"line":252,"column":31},"end":{"line":258,"column":5}},"line":252},"21":{"name":"(anonymous_21)","decl":{"start":{"line":272,"column":22},"end":{"line":272,"column":23}},"loc":{"start":{"line":272,"column":40},"end":{"line":297,"column":11}},"line":272},"22":{"name":"(anonymous_22)","decl":{"start":{"line":284,"column":25},"end":{"line":284,"column":26}},"loc":{"start":{"line":284,"column":31},"end":{"line":284,"column":54}},"line":284},"23":{"name":"(anonymous_23)","decl":{"start":{"line":301,"column":19},"end":{"line":301,"column":20}},"loc":{"start":{"line":301,"column":25},"end":{"line":301,"column":53}},"line":301},"24":{"name":"(anonymous_24)","decl":{"start":{"line":313,"column":27},"end":{"line":313,"column":28}},"loc":{"start":{"line":314,"column":4},"end":{"line":339,"column":17}},"line":314},"25":{"name":"(anonymous_25)","decl":{"start":{"line":320,"column":18},"end":{"line":320,"column":19}},"loc":{"start":{"line":321,"column":8},"end":{"line":337,"column":27}},"line":321},"26":{"name":"(anonymous_26)","decl":{"start":{"line":327,"column":19},"end":{"line":327,"column":20}},"loc":{"start":{"line":327,"column":25},"end":{"line":327,"column":46}},"line":327},"27":{"name":"(anonymous_27)","decl":{"start":{"line":369,"column":24},"end":{"line":369,"column":25}},"loc":{"start":{"line":369,"column":34},"end":{"line":369,"column":41}},"line":369}},"branchMap":{"0":{"loc":{"start":{"line":49,"column":4},"end":{"line":49,"column":30}},"type":"if","locations":[{"start":{"line":49,"column":4},"end":{"line":49,"column":30}},{"start":{},"end":{}}],"line":49},"1":{"loc":{"start":{"line":50,"column":4},"end":{"line":50,"column":30}},"type":"if","locations":[{"start":{"line":50,"column":4},"end":{"line":50,"column":30}},{"start":{},"end":{}}],"line":50},"2":{"loc":{"start":{"line":51,"column":4},"end":{"line":51,"column":31}},"type":"if","locations":[{"start":{"line":51,"column":4},"end":{"line":51,"column":31}},{"start":{},"end":{}}],"line":51},"3":{"loc":{"start":{"line":52,"column":4},"end":{"line":52,"column":31}},"type":"if","locations":[{"start":{"line":52,"column":4},"end":{"line":52,"column":31}},{"start":{},"end":{}}],"line":52},"4":{"loc":{"start":{"line":60,"column":20},"end":{"line":60,"column":41}},"type":"cond-expr","locations":[{"start":{"line":60,"column":34},"end":{"line":60,"column":36}},{"start":{"line":60,"column":39},"end":{"line":60,"column":41}}],"line":60},"5":{"loc":{"start":{"line":68,"column":22},"end":{"line":68,"column":42}},"type":"cond-expr","locations":[{"start":{"line":68,"column":36},"end":{"line":68,"column":37}},{"start":{"line":68,"column":40},"end":{"line":68,"column":42}}],"line":68},"6":{"loc":{"start":{"line":72,"column":4},"end":{"line":72,"column":30}},"type":"if","locations":[{"start":{"line":72,"column":4},"end":{"line":72,"column":30}},{"start":{},"end":{}}],"line":72},"7":{"loc":{"start":{"line":73,"column":4},"end":{"line":73,"column":30}},"type":"if","locations":[{"start":{"line":73,"column":4},"end":{"line":73,"column":30}},{"start":{},"end":{}}],"line":73},"8":{"loc":{"start":{"line":74,"column":4},"end":{"line":74,"column":31}},"type":"if","locations":[{"start":{"line":74,"column":4},"end":{"line":74,"column":31}},{"start":{},"end":{}}],"line":74},"9":{"loc":{"start":{"line":82,"column":4},"end":{"line":91,"column":5}},"type":"if","locations":[{"start":{"line":82,"column":4},"end":{"line":91,"column":5}},{"start":{"line":85,"column":11},"end":{"line":91,"column":5}}],"line":82},"10":{"loc":{"start":{"line":82,"column":8},"end":{"line":82,"column":82}},"type":"binary-expr","locations":[{"start":{"line":82,"column":8},"end":{"line":82,"column":23}},{"start":{"line":82,"column":27},"end":{"line":82,"column":82}}],"line":82},"11":{"loc":{"start":{"line":85,"column":11},"end":{"line":91,"column":5}},"type":"if","locations":[{"start":{"line":85,"column":11},"end":{"line":91,"column":5}},{"start":{"line":88,"column":11},"end":{"line":91,"column":5}}],"line":85},"12":{"loc":{"start":{"line":85,"column":15},"end":{"line":85,"column":69}},"type":"binary-expr","locations":[{"start":{"line":85,"column":15},"end":{"line":85,"column":27}},{"start":{"line":85,"column":31},"end":{"line":85,"column":69}}],"line":85},"13":{"loc":{"start":{"line":88,"column":11},"end":{"line":91,"column":5}},"type":"if","locations":[{"start":{"line":88,"column":11},"end":{"line":91,"column":5}},{"start":{},"end":{}}],"line":88},"14":{"loc":{"start":{"line":88,"column":15},"end":{"line":88,"column":66}},"type":"binary-expr","locations":[{"start":{"line":88,"column":15},"end":{"line":88,"column":24}},{"start":{"line":88,"column":28},"end":{"line":88,"column":66}}],"line":88},"15":{"loc":{"start":{"line":104,"column":6},"end":{"line":114,"column":7}},"type":"switch","locations":[{"start":{"line":105,"column":8},"end":{"line":107,"column":16}},{"start":{"line":108,"column":8},"end":{"line":110,"column":16}},{"start":{"line":111,"column":8},"end":{"line":113,"column":16}}],"line":104},"16":{"loc":{"start":{"line":139,"column":4},"end":{"line":146,"column":5}},"type":"switch","locations":[{"start":{"line":140,"column":6},"end":{"line":141,"column":51}},{"start":{"line":142,"column":6},"end":{"line":143,"column":46}},{"start":{"line":144,"column":6},"end":{"line":145,"column":96}}],"line":139},"17":{"loc":{"start":{"line":145,"column":15},"end":{"line":145,"column":95}},"type":"cond-expr","locations":[{"start":{"line":145,"column":38},"end":{"line":145,"column":49}},{"start":{"line":145,"column":52},"end":{"line":145,"column":95}}],"line":145},"18":{"loc":{"start":{"line":156,"column":10},"end":{"line":156,"column":44}},"type":"binary-expr","locations":[{"start":{"line":156,"column":10},"end":{"line":156,"column":22}},{"start":{"line":156,"column":26},"end":{"line":156,"column":44}}],"line":156},"19":{"loc":{"start":{"line":162,"column":25},"end":{"line":162,"column":62}},"type":"binary-expr","locations":[{"start":{"line":162,"column":25},"end":{"line":162,"column":56}},{"start":{"line":162,"column":60},"end":{"line":162,"column":62}}],"line":162},"20":{"loc":{"start":{"line":170,"column":11},"end":{"line":170,"column":73}},"type":"binary-expr","locations":[{"start":{"line":170,"column":11},"end":{"line":170,"column":20}},{"start":{"line":170,"column":24},"end":{"line":170,"column":73}}],"line":170},"21":{"loc":{"start":{"line":171,"column":11},"end":{"line":171,"column":81}},"type":"binary-expr","locations":[{"start":{"line":171,"column":11},"end":{"line":171,"column":22}},{"start":{"line":171,"column":26},"end":{"line":171,"column":81}}],"line":171},"22":{"loc":{"start":{"line":180,"column":35},"end":{"line":180,"column":87}},"type":"binary-expr","locations":[{"start":{"line":180,"column":35},"end":{"line":180,"column":60}},{"start":{"line":180,"column":64},"end":{"line":180,"column":87}}],"line":180},"23":{"loc":{"start":{"line":186,"column":17},"end":{"line":186,"column":60}},"type":"cond-expr","locations":[{"start":{"line":186,"column":45},"end":{"line":186,"column":51}},{"start":{"line":186,"column":54},"end":{"line":186,"column":60}}],"line":186},"24":{"loc":{"start":{"line":188,"column":39},"end":{"line":188,"column":89}},"type":"binary-expr","locations":[{"start":{"line":188,"column":39},"end":{"line":188,"column":64}},{"start":{"line":188,"column":68},"end":{"line":188,"column":89}}],"line":188},"25":{"loc":{"start":{"line":193,"column":35},"end":{"line":193,"column":84}},"type":"binary-expr","locations":[{"start":{"line":193,"column":35},"end":{"line":193,"column":57}},{"start":{"line":193,"column":61},"end":{"line":193,"column":84}}],"line":193},"26":{"loc":{"start":{"line":199,"column":17},"end":{"line":199,"column":57}},"type":"cond-expr","locations":[{"start":{"line":199,"column":42},"end":{"line":199,"column":48}},{"start":{"line":199,"column":51},"end":{"line":199,"column":57}}],"line":199},"27":{"loc":{"start":{"line":201,"column":39},"end":{"line":201,"column":86}},"type":"binary-expr","locations":[{"start":{"line":201,"column":39},"end":{"line":201,"column":61}},{"start":{"line":201,"column":65},"end":{"line":201,"column":86}}],"line":201},"28":{"loc":{"start":{"line":206,"column":35},"end":{"line":206,"column":81}},"type":"binary-expr","locations":[{"start":{"line":206,"column":35},"end":{"line":206,"column":54}},{"start":{"line":206,"column":58},"end":{"line":206,"column":81}}],"line":206},"29":{"loc":{"start":{"line":212,"column":17},"end":{"line":212,"column":54}},"type":"cond-expr","locations":[{"start":{"line":212,"column":39},"end":{"line":212,"column":45}},{"start":{"line":212,"column":48},"end":{"line":212,"column":54}}],"line":212},"30":{"loc":{"start":{"line":214,"column":39},"end":{"line":214,"column":83}},"type":"binary-expr","locations":[{"start":{"line":214,"column":39},"end":{"line":214,"column":58}},{"start":{"line":214,"column":62},"end":{"line":214,"column":83}}],"line":214},"31":{"loc":{"start":{"line":233,"column":12},"end":{"line":233,"column":59}},"type":"binary-expr","locations":[{"start":{"line":233,"column":12},"end":{"line":233,"column":38}},{"start":{"line":233,"column":42},"end":{"line":233,"column":59}}],"line":233},"32":{"loc":{"start":{"line":240,"column":14},"end":{"line":240,"column":65}},"type":"binary-expr","locations":[{"start":{"line":240,"column":14},"end":{"line":240,"column":40}},{"start":{"line":240,"column":44},"end":{"line":240,"column":65}}],"line":240},"33":{"loc":{"start":{"line":260,"column":22},"end":{"line":260,"column":62}},"type":"cond-expr","locations":[{"start":{"line":260,"column":36},"end":{"line":260,"column":50}},{"start":{"line":260,"column":53},"end":{"line":260,"column":62}}],"line":260},"34":{"loc":{"start":{"line":266,"column":40},"end":{"line":266,"column":76}},"type":"binary-expr","locations":[{"start":{"line":266,"column":40},"end":{"line":266,"column":51}},{"start":{"line":266,"column":55},"end":{"line":266,"column":76}}],"line":266},"35":{"loc":{"start":{"line":267,"column":42},"end":{"line":267,"column":79}},"type":"binary-expr","locations":[{"start":{"line":267,"column":42},"end":{"line":267,"column":54}},{"start":{"line":267,"column":58},"end":{"line":267,"column":79}}],"line":267},"36":{"loc":{"start":{"line":268,"column":17},"end":{"line":268,"column":109}},"type":"cond-expr","locations":[{"start":{"line":268,"column":32},"end":{"line":268,"column":80}},{"start":{"line":268,"column":83},"end":{"line":268,"column":109}}],"line":268},"37":{"loc":{"start":{"line":269,"column":33},"end":{"line":269,"column":88}},"type":"cond-expr","locations":[{"start":{"line":269,"column":47},"end":{"line":269,"column":63}},{"start":{"line":269,"column":66},"end":{"line":269,"column":88}}],"line":269},"38":{"loc":{"start":{"line":273,"column":32},"end":{"line":273,"column":83}},"type":"binary-expr","locations":[{"start":{"line":273,"column":32},"end":{"line":273,"column":43}},{"start":{"line":273,"column":47},"end":{"line":273,"column":83}}],"line":273},"39":{"loc":{"start":{"line":279,"column":18},"end":{"line":279,"column":62}},"type":"binary-expr","locations":[{"start":{"line":279,"column":18},"end":{"line":279,"column":41}},{"start":{"line":279,"column":45},"end":{"line":279,"column":62}}],"line":279},"40":{"loc":{"start":{"line":280,"column":18},"end":{"line":280,"column":48}},"type":"binary-expr","locations":[{"start":{"line":280,"column":18},"end":{"line":280,"column":29}},{"start":{"line":280,"column":33},"end":{"line":280,"column":48}}],"line":280},"41":{"loc":{"start":{"line":281,"column":18},"end":{"line":281,"column":86}},"type":"cond-expr","locations":[{"start":{"line":281,"column":59},"end":{"line":281,"column":79}},{"start":{"line":281,"column":82},"end":{"line":281,"column":86}}],"line":281},"42":{"loc":{"start":{"line":281,"column":18},"end":{"line":281,"column":56}},"type":"binary-expr","locations":[{"start":{"line":281,"column":18},"end":{"line":281,"column":29}},{"start":{"line":281,"column":33},"end":{"line":281,"column":56}}],"line":281},"43":{"loc":{"start":{"line":282,"column":18},"end":{"line":282,"column":67}},"type":"binary-expr","locations":[{"start":{"line":282,"column":18},"end":{"line":282,"column":29}},{"start":{"line":282,"column":33},"end":{"line":282,"column":45}},{"start":{"line":282,"column":49},"end":{"line":282,"column":67}}],"line":282},"44":{"loc":{"start":{"line":289,"column":20},"end":{"line":289,"column":68}},"type":"binary-expr","locations":[{"start":{"line":289,"column":20},"end":{"line":289,"column":43}},{"start":{"line":289,"column":47},"end":{"line":289,"column":68}}],"line":289},"45":{"loc":{"start":{"line":304,"column":18},"end":{"line":304,"column":61}},"type":"cond-expr","locations":[{"start":{"line":304,"column":32},"end":{"line":304,"column":44}},{"start":{"line":304,"column":47},"end":{"line":304,"column":61}}],"line":304},"46":{"loc":{"start":{"line":325,"column":12},"end":{"line":325,"column":54}},"type":"binary-expr","locations":[{"start":{"line":325,"column":12},"end":{"line":325,"column":33}},{"start":{"line":325,"column":37},"end":{"line":325,"column":54}}],"line":325},"47":{"loc":{"start":{"line":332,"column":14},"end":{"line":332,"column":60}},"type":"binary-expr","locations":[{"start":{"line":332,"column":14},"end":{"line":332,"column":35}},{"start":{"line":332,"column":39},"end":{"line":332,"column":60}}],"line":332},"48":{"loc":{"start":{"line":352,"column":9},"end":{"line":352,"column":62}},"type":"binary-expr","locations":[{"start":{"line":352,"column":9},"end":{"line":352,"column":34}},{"start":{"line":352,"column":38},"end":{"line":352,"column":62}}],"line":352},"49":{"loc":{"start":{"line":353,"column":9},"end":{"line":353,"column":56}},"type":"binary-expr","locations":[{"start":{"line":353,"column":9},"end":{"line":353,"column":31}},{"start":{"line":353,"column":35},"end":{"line":353,"column":56}}],"line":353},"50":{"loc":{"start":{"line":354,"column":9},"end":{"line":354,"column":50}},"type":"binary-expr","locations":[{"start":{"line":354,"column":9},"end":{"line":354,"column":28}},{"start":{"line":354,"column":32},"end":{"line":354,"column":50}}],"line":354},"51":{"loc":{"start":{"line":357,"column":7},"end":{"line":388,"column":7}},"type":"cond-expr","locations":[{"start":{"line":358,"column":8},"end":{"line":360,"column":15}},{"start":{"line":361,"column":10},"end":{"line":388,"column":7}}],"line":357},"52":{"loc":{"start":{"line":361,"column":10},"end":{"line":388,"column":7}},"type":"cond-expr","locations":[{"start":{"line":362,"column":8},"end":{"line":364,"column":15}},{"start":{"line":366,"column":8},"end":{"line":387,"column":10}}],"line":361},"53":{"loc":{"start":{"line":376,"column":30},"end":{"line":376,"column":74}},"type":"cond-expr","locations":[{"start":{"line":376,"column":47},"end":{"line":376,"column":62}},{"start":{"line":376,"column":65},"end":{"line":376,"column":74}}],"line":376}},"s":{"0":0,"1":0,"2":0,"3":0,"4":0,"5":0,"6":0,"7":0,"8":0,"9":0,"10":0,"11":0,"12":0,"13":0,"14":0,"15":0,"16":0,"17":0,"18":0,"19":0,"20":0,"21":0,"22":0,"23":0,"24":0,"25":0,"26":0,"27":0,"28":0,"29":0,"30":0,"31":0,"32":0,"33":0,"34":0,"35":0,"36":0,"37":0,"38":0,"39":0,"40":0,"41":0,"42":0,"43":0,"44":0,"45":0,"46":0,"47":0,"48":0,"49":0,"50":0,"51":0,"52":0,"53":0,"54":0,"55":0,"56":0,"57":0,"58":0,"59":0,"60":0,"61":0,"62":0,"63":0,"64":0,"65":0,"66":0,"67":0,"68":0,"69":0,"70":0,"71":0,"72":0,"73":0,"74":0,"75":0,"76":0,"77":0,"78":0,"79":0,"80":0,"81":0,"82":0,"83":0,"84":0,"85":0,"86":0,"87":0,"88":0,"89":0,"90":0,"91":0,"92":0,"93":0,"94":0,"95":0,"96":0,"97":0,"98":0,"99":0,"100":0,"101":0,"102":0,"103":0,"104":0,"105":0,"106":0,"107":0,"108":0,"109":0},"f":{"0":0,"1":0,"2":0,"3":0,"4":0,"5":0,"6":0,"7":0,"8":0,"9":0,"10":0,"11":0,"12":0,"13":0,"14":0,"15":0,"16":0,"17":0,"18":0,"19":0,"20":0,"21":0,"22":0,"23":0,"24":0,"25":0,"26":0,"27":0},"b":{"0":[0,0],"1":[0,0],"2":[0,0],"3":[0,0],"4":[0,0],"5":[0,0],"6":[0,0],"7":[0,0],"8":[0,0],"9":[0,0],"10":[0,0],"11":[0,0],"12":[0,0],"13":[0,0],"14":[0,0],"15":[0,0,0],"16":[0,0,0],"17":[0,0],"18":[0,0],"19":[0,0],"20":[0,0],"21":[0,0],"22":[0,0],"23":[0,0],"24":[0,0],"25":[0,0],"26":[0,0],"27":[0,0],"28":[0,0],"29":[0,0],"30":[0,0],"31":[0,0],"32":[0,0],"33":[0,0],"34":[0,0],"35":[0,0],"36":[0,0],"37":[0,0],"38":[0,0],"39":[0,0],"40":[0,0],"41":[0,0],"42":[0,0],"43":[0,0,0],"44":[0,0],"45":[0,0],"46":[0,0],"47":[0,0],"48":[0,0],"49":[0,0],"50":[0,0],"51":[0,0],"52":[0,0],"53":[0,0]}}
,"C:\\Users\\chris\\Documents\\test\\anistream\\frontend-native\\app\\(tabs)\\community.tsx": {"path":"C:\\Users\\chris\\Documents\\test\\anistream\\frontend-native\\app\\(tabs)\\community.tsx","statementMap":{"0":{"start":{"line":29,"column":17},"end":{"line":29,"column":28}},"1":{"start":{"line":30,"column":19},"end":{"line":30,"column":28}},"2":{"start":{"line":32,"column":28},"end":{"line":32,"column":48}},"3":{"start":{"line":33,"column":32},"end":{"line":33,"column":46}},"4":{"start":{"line":34,"column":38},"end":{"line":34,"column":53}},"5":{"start":{"line":35,"column":56},"end":{"line":35,"column":67}},"6":{"start":{"line":38,"column":2},"end":{"line":45,"column":13}},"7":{"start":{"line":39,"column":4},"end":{"line":39,"column":22}},"8":{"start":{"line":39,"column":15},"end":{"line":39,"column":22}},"9":{"start":{"line":40,"column":24},"end":{"line":43,"column":5}},"10":{"start":{"line":44,"column":4},"end":{"line":44,"column":31}},"11":{"start":{"line":44,"column":17},"end":{"line":44,"column":30}},"12":{"start":{"line":48,"column":48},"end":{"line":48,"column":63}},"13":{"start":{"line":49,"column":46},"end":{"line":49,"column":58}},"14":{"start":{"line":50,"column":38},"end":{"line":50,"column":53}},"15":{"start":{"line":51,"column":44},"end":{"line":51,"column":116}},"16":{"start":{"line":52,"column":23},"end":{"line":52,"column":53}},"17":{"start":{"line":55,"column":26},"end":{"line":55,"column":39}},"18":{"start":{"line":58,"column":42},"end":{"line":58,"column":69}},"19":{"start":{"line":59,"column":34},"end":{"line":59,"column":57}},"20":{"start":{"line":60,"column":48},"end":{"line":60,"column":63}},"21":{"start":{"line":61,"column":38},"end":{"line":61,"column":50}},"22":{"start":{"line":62,"column":52},"end":{"line":62,"column":67}},"23":{"start":{"line":63,"column":26},"end":{"line":63,"column":49}},"24":{"start":{"line":64,"column":32},"end":{"line":64,"column":65}},"25":{"start":{"line":66,"column":2},"end":{"line":74,"column":9}},"26":{"start":{"line":67,"column":4},"end":{"line":67,"column":21}},"27":{"start":{"line":68,"column":24},"end":{"line":72,"column":6}},"28":{"start":{"line":69,"column":6},"end":{"line":69,"column":21}},"29":{"start":{"line":70,"column":6},"end":{"line":70,"column":24}},"30":{"start":{"line":71,"column":6},"end":{"line":71,"column":27}},"31":{"start":{"line":73,"column":4},"end":{"line":73,"column":31}},"32":{"start":{"line":73,"column":17},"end":{"line":73,"column":30}},"33":{"start":{"line":76,"column":24},"end":{"line":80,"column":8}},"34":{"start":{"line":77,"column":4},"end":{"line":77,"column":24}},"35":{"start":{"line":79,"column":4},"end":{"line":79,"column":48}},"36":{"start":{"line":79,"column":21},"end":{"line":79,"column":41}},"37":{"start":{"line":82,"column":33},"end":{"line":96,"column":8}},"38":{"start":{"line":83,"column":4},"end":{"line":83,"column":40}},"39":{"start":{"line":83,"column":33},"end":{"line":83,"column":40}},"40":{"start":{"line":84,"column":4},"end":{"line":84,"column":35}},"41":{"start":{"line":85,"column":4},"end":{"line":85,"column":30}},"42":{"start":{"line":87,"column":4},"end":{"line":90,"column":7}},"43":{"start":{"line":88,"column":6},"end":{"line":88,"column":58}},"44":{"start":{"line":88,"column":26},"end":{"line":88,"column":56}},"45":{"start":{"line":89,"column":6},"end":{"line":89,"column":16}},"46":{"start":{"line":91,"column":4},"end":{"line":91,"column":26}},"47":{"start":{"line":93,"column":4},"end":{"line":95,"column":12}},"48":{"start":{"line":94,"column":6},"end":{"line":94,"column":38}},"49":{"start":{"line":99,"column":34},"end":{"line":101,"column":8}},"50":{"start":{"line":100,"column":4},"end":{"line":100,"column":28}},"51":{"start":{"line":106,"column":28},"end":{"line":141,"column":3}},"52":{"start":{"line":107,"column":18},"end":{"line":107,"column":36}},"53":{"start":{"line":108,"column":4},"end":{"line":108,"column":23}},"54":{"start":{"line":108,"column":16},"end":{"line":108,"column":23}},"55":{"start":{"line":110,"column":81},"end":{"line":110,"column":83}},"56":{"start":{"line":112,"column":4},"end":{"line":133,"column":7}},"57":{"start":{"line":113,"column":6},"end":{"line":113,"column":62}},"58":{"start":{"line":113,"column":55},"end":{"line":113,"column":62}},"59":{"start":{"line":115,"column":22},"end":{"line":115,"column":52}},"60":{"start":{"line":116,"column":22},"end":{"line":116,"column":52}},"61":{"start":{"line":118,"column":6},"end":{"line":118,"column":39}},"62":{"start":{"line":118,"column":32},"end":{"line":118,"column":39}},"63":{"start":{"line":121,"column":22},"end":{"line":121,"column":67}},"64":{"start":{"line":122,"column":6},"end":{"line":125,"column":7}},"65":{"start":{"line":123,"column":8},"end":{"line":123,"column":55}},"66":{"start":{"line":124,"column":8},"end":{"line":124,"column":15}},"67":{"start":{"line":127,"column":22},"end":{"line":127,"column":47}},"68":{"start":{"line":128,"column":6},"end":{"line":132,"column":9}},"69":{"start":{"line":135,"column":4},"end":{"line":135,"column":54}},"70":{"start":{"line":138,"column":4},"end":{"line":140,"column":5}},"71":{"start":{"line":139,"column":6},"end":{"line":139,"column":38}},"72":{"start":{"line":143,"column":22},"end":{"line":150,"column":3}},"73":{"start":{"line":144,"column":4},"end":{"line":149,"column":7}},"74":{"start":{"line":145,"column":22},"end":{"line":145,"column":31}},"75":{"start":{"line":146,"column":6},"end":{"line":146,"column":50}},"76":{"start":{"line":147,"column":6},"end":{"line":147,"column":31}},"77":{"start":{"line":148,"column":6},"end":{"line":148,"column":21}},"78":{"start":{"line":152,"column":27},"end":{"line":193,"column":3}},"79":{"start":{"line":153,"column":4},"end":{"line":153,"column":80}},"80":{"start":{"line":153,"column":73},"end":{"line":153,"column":80}},"81":{"start":{"line":155,"column":4},"end":{"line":155,"column":24}},"82":{"start":{"line":156,"column":4},"end":{"line":192,"column":5}},"83":{"start":{"line":158,"column":6},"end":{"line":171,"column":7}},"84":{"start":{"line":159,"column":8},"end":{"line":170,"column":9}},"85":{"start":{"line":160,"column":24},"end":{"line":160,"column":81}},"86":{"start":{"line":162,"column":26},"end":{"line":162,"column":59}},"87":{"start":{"line":163,"column":10},"end":{"line":165,"column":11}},"88":{"start":{"line":164,"column":12},"end":{"line":164,"column":61}},"89":{"start":{"line":167,"column":10},"end":{"line":167,"column":73}},"90":{"start":{"line":173,"column":25},"end":{"line":173,"column":57}},"91":{"start":{"line":173,"column":50},"end":{"line":173,"column":56}},"92":{"start":{"line":174,"column":22},"end":{"line":180,"column":7}},"93":{"start":{"line":181,"column":6},"end":{"line":181,"column":36}},"94":{"start":{"line":183,"column":6},"end":{"line":183,"column":28}},"95":{"start":{"line":185,"column":6},"end":{"line":185,"column":67}},"96":{"start":{"line":185,"column":35},"end":{"line":185,"column":65}},"97":{"start":{"line":186,"column":6},"end":{"line":186,"column":27}},"98":{"start":{"line":187,"column":6},"end":{"line":187,"column":31}},"99":{"start":{"line":189,"column":6},"end":{"line":189,"column":51}},"100":{"start":{"line":191,"column":6},"end":{"line":191,"column":27}},"101":{"start":{"line":195,"column":21},"end":{"line":207,"column":3}},"102":{"start":{"line":196,"column":4},"end":{"line":199,"column":5}},"103":{"start":{"line":197,"column":6},"end":{"line":197,"column":37}},"104":{"start":{"line":198,"column":6},"end":{"line":198,"column":13}},"105":{"start":{"line":201,"column":4},"end":{"line":206,"column":5}},"106":{"start":{"line":203,"column":6},"end":{"line":203,"column":58}},"107":{"start":{"line":205,"column":6},"end":{"line":205,"column":51}},"108":{"start":{"line":209,"column":27},"end":{"line":218,"column":3}},"109":{"start":{"line":210,"column":4},"end":{"line":210,"column":22}},"110":{"start":{"line":210,"column":15},"end":{"line":210,"column":22}},"111":{"start":{"line":212,"column":4},"end":{"line":217,"column":5}},"112":{"start":{"line":214,"column":6},"end":{"line":214,"column":58}},"113":{"start":{"line":216,"column":6},"end":{"line":216,"column":51}},"114":{"start":{"line":220,"column":23},"end":{"line":237,"column":3}},"115":{"start":{"line":222,"column":4},"end":{"line":225,"column":5}},"116":{"start":{"line":223,"column":6},"end":{"line":223,"column":38}},"117":{"start":{"line":224,"column":6},"end":{"line":224,"column":43}},"118":{"start":{"line":227,"column":4},"end":{"line":227,"column":26}},"119":{"start":{"line":228,"column":4},"end":{"line":228,"column":22}},"120":{"start":{"line":229,"column":4},"end":{"line":229,"column":29}},"121":{"start":{"line":230,"column":4},"end":{"line":230,"column":20}},"122":{"start":{"line":232,"column":24},"end":{"line":235,"column":6}},"123":{"start":{"line":233,"column":6},"end":{"line":233,"column":24}},"124":{"start":{"line":234,"column":6},"end":{"line":234,"column":32}},"125":{"start":{"line":236,"column":4},"end":{"line":236,"column":48}},"126":{"start":{"line":239,"column":24},"end":{"line":247,"column":3}},"127":{"start":{"line":240,"column":4},"end":{"line":243,"column":5}},"128":{"start":{"line":241,"column":6},"end":{"line":241,"column":38}},"129":{"start":{"line":242,"column":6},"end":{"line":242,"column":43}},"130":{"start":{"line":244,"column":4},"end":{"line":244,"column":26}},"131":{"start":{"line":245,"column":4},"end":{"line":245,"column":20}},"132":{"start":{"line":246,"column":4},"end":{"line":246,"column":22}},"133":{"start":{"line":249,"column":27},"end":{"line":289,"column":3}},"134":{"start":{"line":250,"column":4},"end":{"line":250,"column":61}},"135":{"start":{"line":250,"column":54},"end":{"line":250,"column":61}},"136":{"start":{"line":252,"column":4},"end":{"line":252,"column":31}},"137":{"start":{"line":253,"column":4},"end":{"line":288,"column":5}},"138":{"start":{"line":255,"column":6},"end":{"line":268,"column":7}},"139":{"start":{"line":256,"column":8},"end":{"line":267,"column":9}},"140":{"start":{"line":257,"column":24},"end":{"line":257,"column":81}},"141":{"start":{"line":259,"column":26},"end":{"line":259,"column":59}},"142":{"start":{"line":260,"column":10},"end":{"line":262,"column":11}},"143":{"start":{"line":261,"column":12},"end":{"line":261,"column":61}},"144":{"start":{"line":264,"column":10},"end":{"line":264,"column":73}},"145":{"start":{"line":270,"column":6},"end":{"line":274,"column":8}},"146":{"start":{"line":275,"column":6},"end":{"line":275,"column":24}},"147":{"start":{"line":277,"column":6},"end":{"line":283,"column":8}},"148":{"start":{"line":278,"column":8},"end":{"line":282,"column":9}},"149":{"start":{"line":279,"column":10},"end":{"line":281,"column":18}},"150":{"start":{"line":285,"column":6},"end":{"line":285,"column":51}},"151":{"start":{"line":287,"column":6},"end":{"line":287,"column":34}},"152":{"start":{"line":291,"column":21},"end":{"line":385,"column":3}},"153":{"start":{"line":292,"column":20},"end":{"line":292,"column":64}},"154":{"start":{"line":293,"column":20},"end":{"line":293,"column":45}},"155":{"start":{"line":295,"column":4},"end":{"line":384,"column":6}},"156":{"start":{"line":316,"column":29},"end":{"line":316,"column":54}},"157":{"start":{"line":328,"column":14},"end":{"line":348,"column":21}},"158":{"start":{"line":363,"column":27},"end":{"line":363,"column":46}},"159":{"start":{"line":377,"column":27},"end":{"line":377,"column":45}},"160":{"start":{"line":387,"column":24},"end":{"line":404,"column":3}},"161":{"start":{"line":388,"column":4},"end":{"line":403,"column":11}},"162":{"start":{"line":409,"column":2},"end":{"line":446,"column":3}},"163":{"start":{"line":410,"column":4},"end":{"line":445,"column":6}},"164":{"start":{"line":423,"column":27},"end":{"line":423,"column":57}},"165":{"start":{"line":434,"column":34},"end":{"line":434,"column":41}},"166":{"start":{"line":448,"column":2},"end":{"line":457,"column":3}},"167":{"start":{"line":449,"column":4},"end":{"line":456,"column":6}},"168":{"start":{"line":459,"column":2},"end":{"line":749,"column":4}},"169":{"start":{"line":469,"column":10},"end":{"line":472,"column":11}},"170":{"start":{"line":470,"column":12},"end":{"line":470,"column":34}},"171":{"start":{"line":471,"column":12},"end":{"line":471,"column":33}},"172":{"start":{"line":503,"column":18},"end":{"line":514,"column":25}},"173":{"start":{"line":511,"column":86},"end":{"line":511,"column":104}},"174":{"start":{"line":533,"column":37},"end":{"line":533,"column":66}},"175":{"start":{"line":540,"column":37},"end":{"line":540,"column":66}},"176":{"start":{"line":589,"column":30},"end":{"line":589,"column":49}},"177":{"start":{"line":618,"column":22},"end":{"line":633,"column":29}},"178":{"start":{"line":682,"column":25},"end":{"line":682,"column":61}},"179":{"start":{"line":711,"column":16},"end":{"line":711,"column":71}},"180":{"start":{"line":711,"column":64},"end":{"line":711,"column":71}},"181":{"start":{"line":712,"column":16},"end":{"line":712,"column":41}},"182":{"start":{"line":723,"column":34},"end":{"line":723,"column":41}},"183":{"start":{"line":740,"column":12},"end":{"line":740,"column":67}},"184":{"start":{"line":740,"column":60},"end":{"line":740,"column":67}},"185":{"start":{"line":741,"column":12},"end":{"line":741,"column":37}},"186":{"start":{"line":752,"column":15},"end":{"line":1265,"column":2}}},"fnMap":{"0":{"name":"CommunityScreen","decl":{"start":{"line":28,"column":24},"end":{"line":28,"column":39}},"loc":{"start":{"line":28,"column":42},"end":{"line":750,"column":1}},"line":28},"1":{"name":"(anonymous_1)","decl":{"start":{"line":38,"column":12},"end":{"line":38,"column":13}},"loc":{"start":{"line":38,"column":18},"end":{"line":45,"column":3}},"line":38},"2":{"name":"(anonymous_2)","decl":{"start":{"line":44,"column":11},"end":{"line":44,"column":12}},"loc":{"start":{"line":44,"column":17},"end":{"line":44,"column":30}},"line":44},"3":{"name":"(anonymous_3)","decl":{"start":{"line":66,"column":12},"end":{"line":66,"column":13}},"loc":{"start":{"line":66,"column":18},"end":{"line":74,"column":3}},"line":66},"4":{"name":"(anonymous_4)","decl":{"start":{"line":68,"column":62},"end":{"line":68,"column":63}},"loc":{"start":{"line":68,"column":72},"end":{"line":72,"column":5}},"line":68},"5":{"name":"(anonymous_5)","decl":{"start":{"line":73,"column":11},"end":{"line":73,"column":12}},"loc":{"start":{"line":73,"column":17},"end":{"line":73,"column":30}},"line":73},"6":{"name":"(anonymous_6)","decl":{"start":{"line":76,"column":36},"end":{"line":76,"column":37}},"loc":{"start":{"line":76,"column":42},"end":{"line":80,"column":3}},"line":76},"7":{"name":"(anonymous_7)","decl":{"start":{"line":79,"column":15},"end":{"line":79,"column":16}},"loc":{"start":{"line":79,"column":21},"end":{"line":79,"column":41}},"line":79},"8":{"name":"(anonymous_8)","decl":{"start":{"line":82,"column":45},"end":{"line":82,"column":46}},"loc":{"start":{"line":82,"column":51},"end":{"line":96,"column":3}},"line":82},"9":{"name":"(anonymous_9)","decl":{"start":{"line":87,"column":21},"end":{"line":87,"column":22}},"loc":{"start":{"line":87,"column":31},"end":{"line":90,"column":5}},"line":87},"10":{"name":"(anonymous_10)","decl":{"start":{"line":88,"column":19},"end":{"line":88,"column":20}},"loc":{"start":{"line":88,"column":26},"end":{"line":88,"column":56}},"line":88},"11":{"name":"(anonymous_11)","decl":{"start":{"line":93,"column":15},"end":{"line":93,"column":16}},"loc":{"start":{"line":93,"column":21},"end":{"line":95,"column":5}},"line":93},"12":{"name":"(anonymous_12)","decl":{"start":{"line":99,"column":46},"end":{"line":99,"column":47}},"loc":{"start":{"line":99,"column":64},"end":{"line":101,"column":3}},"line":99},"13":{"name":"(anonymous_13)","decl":{"start":{"line":106,"column":28},"end":{"line":106,"column":29}},"loc":{"start":{"line":106,"column":76},"end":{"line":141,"column":3}},"line":106},"14":{"name":"(anonymous_14)","decl":{"start":{"line":112,"column":30},"end":{"line":112,"column":31}},"loc":{"start":{"line":112,"column":40},"end":{"line":133,"column":5}},"line":112},"15":{"name":"(anonymous_15)","decl":{"start":{"line":143,"column":22},"end":{"line":143,"column":23}},"loc":{"start":{"line":143,"column":41},"end":{"line":150,"column":3}},"line":143},"16":{"name":"(anonymous_16)","decl":{"start":{"line":144,"column":21},"end":{"line":144,"column":22}},"loc":{"start":{"line":144,"column":31},"end":{"line":149,"column":5}},"line":144},"17":{"name":"(anonymous_17)","decl":{"start":{"line":152,"column":27},"end":{"line":152,"column":28}},"loc":{"start":{"line":152,"column":39},"end":{"line":193,"column":3}},"line":152},"18":{"name":"(anonymous_18)","decl":{"start":{"line":173,"column":43},"end":{"line":173,"column":44}},"loc":{"start":{"line":173,"column":50},"end":{"line":173,"column":56}},"line":173},"19":{"name":"(anonymous_19)","decl":{"start":{"line":185,"column":28},"end":{"line":185,"column":29}},"loc":{"start":{"line":185,"column":35},"end":{"line":185,"column":65}},"line":185},"20":{"name":"(anonymous_20)","decl":{"start":{"line":195,"column":21},"end":{"line":195,"column":22}},"loc":{"start":{"line":195,"column":47},"end":{"line":207,"column":3}},"line":195},"21":{"name":"(anonymous_21)","decl":{"start":{"line":209,"column":27},"end":{"line":209,"column":28}},"loc":{"start":{"line":209,"column":53},"end":{"line":218,"column":3}},"line":209},"22":{"name":"(anonymous_22)","decl":{"start":{"line":220,"column":23},"end":{"line":220,"column":24}},"loc":{"start":{"line":220,"column":39},"end":{"line":237,"column":3}},"line":220},"23":{"name":"(anonymous_23)","decl":{"start":{"line":232,"column":70},"end":{"line":232,"column":71}},"loc":{"start":{"line":232,"column":80},"end":{"line":235,"column":5}},"line":232},"24":{"name":"(anonymous_24)","decl":{"start":{"line":239,"column":24},"end":{"line":239,"column":25}},"loc":{"start":{"line":239,"column":30},"end":{"line":247,"column":3}},"line":239},"25":{"name":"(anonymous_25)","decl":{"start":{"line":249,"column":27},"end":{"line":249,"column":28}},"loc":{"start":{"line":249,"column":39},"end":{"line":289,"column":3}},"line":249},"26":{"name":"(anonymous_26)","decl":{"start":{"line":277,"column":15},"end":{"line":277,"column":16}},"loc":{"start":{"line":278,"column":8},"end":{"line":282,"column":9}},"line":278},"27":{"name":"(anonymous_27)","decl":{"start":{"line":278,"column":17},"end":{"line":278,"column":18}},"loc":{"start":{"line":279,"column":10},"end":{"line":281,"column":18}},"line":279},"28":{"name":"(anonymous_28)","decl":{"start":{"line":291,"column":21},"end":{"line":291,"column":22}},"loc":{"start":{"line":291,"column":51},"end":{"line":385,"column":3}},"line":291},"29":{"name":"(anonymous_29)","decl":{"start":{"line":316,"column":23},"end":{"line":316,"column":24}},"loc":{"start":{"line":316,"column":29},"end":{"line":316,"column":54}},"line":316},"30":{"name":"(anonymous_30)","decl":{"start":{"line":327,"column":28},"end":{"line":327,"column":29}},"loc":{"start":{"line":328,"column":14},"end":{"line":348,"column":21}},"line":328},"31":{"name":"(anonymous_31)","decl":{"start":{"line":363,"column":21},"end":{"line":363,"column":22}},"loc":{"start":{"line":363,"column":27},"end":{"line":363,"column":46}},"line":363},"32":{"name":"(anonymous_32)","decl":{"start":{"line":377,"column":21},"end":{"line":377,"column":22}},"loc":{"start":{"line":377,"column":27},"end":{"line":377,"column":45}},"line":377},"33":{"name":"(anonymous_33)","decl":{"start":{"line":387,"column":24},"end":{"line":387,"column":25}},"loc":{"start":{"line":388,"column":4},"end":{"line":403,"column":11}},"line":388},"34":{"name":"(anonymous_34)","decl":{"start":{"line":423,"column":21},"end":{"line":423,"column":22}},"loc":{"start":{"line":423,"column":27},"end":{"line":423,"column":57}},"line":423},"35":{"name":"(anonymous_35)","decl":{"start":{"line":434,"column":24},"end":{"line":434,"column":25}},"loc":{"start":{"line":434,"column":34},"end":{"line":434,"column":41}},"line":434},"36":{"name":"(anonymous_36)","decl":{"start":{"line":467,"column":19},"end":{"line":467,"column":20}},"loc":{"start":{"line":467,"column":25},"end":{"line":473,"column":9}},"line":467},"37":{"name":"(anonymous_37)","decl":{"start":{"line":502,"column":35},"end":{"line":502,"column":36}},"loc":{"start":{"line":503,"column":18},"end":{"line":514,"column":25}},"line":503},"38":{"name":"(anonymous_38)","decl":{"start":{"line":511,"column":80},"end":{"line":511,"column":81}},"loc":{"start":{"line":511,"column":86},"end":{"line":511,"column":104}},"line":511},"39":{"name":"(anonymous_39)","decl":{"start":{"line":533,"column":31},"end":{"line":533,"column":32}},"loc":{"start":{"line":533,"column":37},"end":{"line":533,"column":66}},"line":533},"40":{"name":"(anonymous_40)","decl":{"start":{"line":540,"column":31},"end":{"line":540,"column":32}},"loc":{"start":{"line":540,"column":37},"end":{"line":540,"column":66}},"line":540},"41":{"name":"(anonymous_41)","decl":{"start":{"line":589,"column":23},"end":{"line":589,"column":24}},"loc":{"start":{"line":589,"column":30},"end":{"line":589,"column":49}},"line":589},"42":{"name":"(anonymous_42)","decl":{"start":{"line":617,"column":34},"end":{"line":617,"column":35}},"loc":{"start":{"line":618,"column":22},"end":{"line":633,"column":29}},"line":618},"43":{"name":"(anonymous_43)","decl":{"start":{"line":682,"column":19},"end":{"line":682,"column":20}},"loc":{"start":{"line":682,"column":25},"end":{"line":682,"column":61}},"line":682},"44":{"name":"(anonymous_44)","decl":{"start":{"line":710,"column":23},"end":{"line":710,"column":24}},"loc":{"start":{"line":710,"column":29},"end":{"line":713,"column":15}},"line":710},"45":{"name":"(anonymous_45)","decl":{"start":{"line":723,"column":24},"end":{"line":723,"column":25}},"loc":{"start":{"line":723,"column":34},"end":{"line":723,"column":41}},"line":723},"46":{"name":"(anonymous_46)","decl":{"start":{"line":739,"column":19},"end":{"line":739,"column":20}},"loc":{"start":{"line":739,"column":25},"end":{"line":742,"column":11}},"line":739}},"branchMap":{"0":{"loc":{"start":{"line":39,"column":4},"end":{"line":39,"column":22}},"type":"if","locations":[{"start":{"line":39,"column":4},"end":{"line":39,"column":22}},{"start":{},"end":{}}],"line":39},"1":{"loc":{"start":{"line":83,"column":4},"end":{"line":83,"column":40}},"type":"if","locations":[{"start":{"line":83,"column":4},"end":{"line":83,"column":40}},{"start":{},"end":{}}],"line":83},"2":{"loc":{"start":{"line":108,"column":4},"end":{"line":108,"column":23}},"type":"if","locations":[{"start":{"line":108,"column":4},"end":{"line":108,"column":23}},{"start":{},"end":{}}],"line":108},"3":{"loc":{"start":{"line":113,"column":6},"end":{"line":113,"column":62}},"type":"if","locations":[{"start":{"line":113,"column":6},"end":{"line":113,"column":62}},{"start":{},"end":{}}],"line":113},"4":{"loc":{"start":{"line":118,"column":6},"end":{"line":118,"column":39}},"type":"if","locations":[{"start":{"line":118,"column":6},"end":{"line":118,"column":39}},{"start":{},"end":{}}],"line":118},"5":{"loc":{"start":{"line":118,"column":10},"end":{"line":118,"column":30}},"type":"binary-expr","locations":[{"start":{"line":118,"column":10},"end":{"line":118,"column":18}},{"start":{"line":118,"column":22},"end":{"line":118,"column":30}}],"line":118},"6":{"loc":{"start":{"line":121,"column":22},"end":{"line":121,"column":67}},"type":"cond-expr","locations":[{"start":{"line":121,"column":32},"end":{"line":121,"column":48}},{"start":{"line":121,"column":51},"end":{"line":121,"column":67}}],"line":121},"7":{"loc":{"start":{"line":122,"column":6},"end":{"line":125,"column":7}},"type":"if","locations":[{"start":{"line":122,"column":6},"end":{"line":125,"column":7}},{"start":{},"end":{}}],"line":122},"8":{"loc":{"start":{"line":131,"column":14},"end":{"line":131,"column":41}},"type":"cond-expr","locations":[{"start":{"line":131,"column":24},"end":{"line":131,"column":31}},{"start":{"line":131,"column":34},"end":{"line":131,"column":41}}],"line":131},"9":{"loc":{"start":{"line":138,"column":4},"end":{"line":140,"column":5}},"type":"if","locations":[{"start":{"line":138,"column":4},"end":{"line":140,"column":5}},{"start":{},"end":{}}],"line":138},"10":{"loc":{"start":{"line":153,"column":4},"end":{"line":153,"column":80}},"type":"if","locations":[{"start":{"line":153,"column":4},"end":{"line":153,"column":80}},{"start":{},"end":{}}],"line":153},"11":{"loc":{"start":{"line":153,"column":8},"end":{"line":153,"column":71}},"type":"binary-expr","locations":[{"start":{"line":153,"column":8},"end":{"line":153,"column":13}},{"start":{"line":153,"column":18},"end":{"line":153,"column":40}},{"start":{"line":153,"column":44},"end":{"line":153,"column":70}}],"line":153},"12":{"loc":{"start":{"line":158,"column":6},"end":{"line":171,"column":7}},"type":"if","locations":[{"start":{"line":158,"column":6},"end":{"line":171,"column":7}},{"start":{},"end":{}}],"line":158},"13":{"loc":{"start":{"line":158,"column":10},"end":{"line":158,"column":55}},"type":"binary-expr","locations":[{"start":{"line":158,"column":10},"end":{"line":158,"column":30}},{"start":{"line":158,"column":34},"end":{"line":158,"column":55}}],"line":158},"14":{"loc":{"start":{"line":163,"column":10},"end":{"line":165,"column":11}},"type":"if","locations":[{"start":{"line":163,"column":10},"end":{"line":165,"column":11}},{"start":{},"end":{}}],"line":163},"15":{"loc":{"start":{"line":179,"column":8},"end":{"line":179,"column":54}},"type":"cond-expr","locations":[{"start":{"line":179,"column":32},"end":{"line":179,"column":42}},{"start":{"line":179,"column":45},"end":{"line":179,"column":54}}],"line":179},"16":{"loc":{"start":{"line":196,"column":4},"end":{"line":199,"column":5}},"type":"if","locations":[{"start":{"line":196,"column":4},"end":{"line":199,"column":5}},{"start":{},"end":{}}],"line":196},"17":{"loc":{"start":{"line":210,"column":4},"end":{"line":210,"column":22}},"type":"if","locations":[{"start":{"line":210,"column":4},"end":{"line":210,"column":22}},{"start":{},"end":{}}],"line":210},"18":{"loc":{"start":{"line":222,"column":4},"end":{"line":225,"column":5}},"type":"if","locations":[{"start":{"line":222,"column":4},"end":{"line":225,"column":5}},{"start":{},"end":{}}],"line":222},"19":{"loc":{"start":{"line":240,"column":4},"end":{"line":243,"column":5}},"type":"if","locations":[{"start":{"line":240,"column":4},"end":{"line":243,"column":5}},{"start":{},"end":{}}],"line":240},"20":{"loc":{"start":{"line":250,"column":4},"end":{"line":250,"column":61}},"type":"if","locations":[{"start":{"line":250,"column":4},"end":{"line":250,"column":61}},{"start":{},"end":{}}],"line":250},"21":{"loc":{"start":{"line":250,"column":8},"end":{"line":250,"column":52}},"type":"binary-expr","locations":[{"start":{"line":250,"column":8},"end":{"line":250,"column":13}},{"start":{"line":250,"column":17},"end":{"line":250,"column":30}},{"start":{"line":250,"column":34},"end":{"line":250,"column":52}}],"line":250},"22":{"loc":{"start":{"line":255,"column":6},"end":{"line":268,"column":7}},"type":"if","locations":[{"start":{"line":255,"column":6},"end":{"line":268,"column":7}},{"start":{},"end":{}}],"line":255},"23":{"loc":{"start":{"line":255,"column":10},"end":{"line":255,"column":55}},"type":"binary-expr","locations":[{"start":{"line":255,"column":10},"end":{"line":255,"column":30}},{"start":{"line":255,"column":34},"end":{"line":255,"column":55}}],"line":255},"24":{"loc":{"start":{"line":260,"column":10},"end":{"line":262,"column":11}},"type":"if","locations":[{"start":{"line":260,"column":10},"end":{"line":262,"column":11}},{"start":{},"end":{}}],"line":260},"25":{"loc":{"start":{"line":279,"column":10},"end":{"line":281,"column":18}},"type":"cond-expr","locations":[{"start":{"line":280,"column":14},"end":{"line":280,"column":62}},{"start":{"line":281,"column":14},"end":{"line":281,"column":18}}],"line":279},"26":{"loc":{"start":{"line":292,"column":20},"end":{"line":292,"column":64}},"type":"cond-expr","locations":[{"start":{"line":292,"column":27},"end":{"line":292,"column":56}},{"start":{"line":292,"column":59},"end":{"line":292,"column":64}}],"line":292},"27":{"loc":{"start":{"line":299,"column":13},"end":{"line":305,"column":13}},"type":"cond-expr","locations":[{"start":{"line":300,"column":14},"end":{"line":300,"column":78}},{"start":{"line":302,"column":14},"end":{"line":304,"column":21}}],"line":299},"28":{"loc":{"start":{"line":313,"column":11},"end":{"line":320,"column":11}},"type":"binary-expr","locations":[{"start":{"line":313,"column":11},"end":{"line":313,"column":18}},{"start":{"line":314,"column":12},"end":{"line":319,"column":31}}],"line":313},"29":{"loc":{"start":{"line":323,"column":9},"end":{"line":323,"column":85}},"type":"cond-expr","locations":[{"start":{"line":323,"column":24},"end":{"line":323,"column":78}},{"start":{"line":323,"column":81},"end":{"line":323,"column":85}}],"line":323},"30":{"loc":{"start":{"line":325,"column":9},"end":{"line":351,"column":9}},"type":"binary-expr","locations":[{"start":{"line":325,"column":9},"end":{"line":325,"column":19}},{"start":{"line":325,"column":23},"end":{"line":325,"column":44}},{"start":{"line":326,"column":10},"end":{"line":350,"column":17}}],"line":325},"31":{"loc":{"start":{"line":332,"column":18},"end":{"line":332,"column":68}},"type":"binary-expr","locations":[{"start":{"line":332,"column":18},"end":{"line":332,"column":42}},{"start":{"line":332,"column":46},"end":{"line":332,"column":68}}],"line":332},"32":{"loc":{"start":{"line":333,"column":18},"end":{"line":333,"column":66}},"type":"binary-expr","locations":[{"start":{"line":333,"column":18},"end":{"line":333,"column":42}},{"start":{"line":333,"column":46},"end":{"line":333,"column":66}}],"line":333},"33":{"loc":{"start":{"line":334,"column":18},"end":{"line":334,"column":67}},"type":"binary-expr","locations":[{"start":{"line":334,"column":18},"end":{"line":334,"column":40}},{"start":{"line":334,"column":44},"end":{"line":334,"column":67}}],"line":334},"34":{"loc":{"start":{"line":337,"column":17},"end":{"line":347,"column":17}},"type":"cond-expr","locations":[{"start":{"line":338,"column":18},"end":{"line":338,"column":104}},{"start":{"line":340,"column":18},"end":{"line":346,"column":25}}],"line":337},"35":{"loc":{"start":{"line":353,"column":9},"end":{"line":358,"column":9}},"type":"binary-expr","locations":[{"start":{"line":353,"column":9},"end":{"line":353,"column":23}},{"start":{"line":354,"column":10},"end":{"line":357,"column":17}}],"line":353},"36":{"loc":{"start":{"line":366,"column":20},"end":{"line":366,"column":55}},"type":"cond-expr","locations":[{"start":{"line":366,"column":30},"end":{"line":366,"column":37}},{"start":{"line":366,"column":40},"end":{"line":366,"column":55}}],"line":366},"37":{"loc":{"start":{"line":368,"column":21},"end":{"line":368,"column":49}},"type":"cond-expr","locations":[{"start":{"line":368,"column":31},"end":{"line":368,"column":40}},{"start":{"line":368,"column":43},"end":{"line":368,"column":49}}],"line":368},"38":{"loc":{"start":{"line":370,"column":45},"end":{"line":370,"column":79}},"type":"binary-expr","locations":[{"start":{"line":370,"column":45},"end":{"line":370,"column":52}},{"start":{"line":370,"column":56},"end":{"line":370,"column":79}}],"line":370},"39":{"loc":{"start":{"line":390,"column":9},"end":{"line":396,"column":9}},"type":"cond-expr","locations":[{"start":{"line":391,"column":10},"end":{"line":391,"column":81}},{"start":{"line":393,"column":10},"end":{"line":395,"column":17}}],"line":390},"40":{"loc":{"start":{"line":409,"column":2},"end":{"line":446,"column":3}},"type":"if","locations":[{"start":{"line":409,"column":2},"end":{"line":446,"column":3}},{"start":{},"end":{}}],"line":409},"41":{"loc":{"start":{"line":409,"column":6},"end":{"line":409,"column":36}},"type":"binary-expr","locations":[{"start":{"line":409,"column":6},"end":{"line":409,"column":11}},{"start":{"line":409,"column":15},"end":{"line":409,"column":36}}],"line":409},"42":{"loc":{"start":{"line":448,"column":2},"end":{"line":457,"column":3}},"type":"if","locations":[{"start":{"line":448,"column":2},"end":{"line":457,"column":3}},{"start":{},"end":{}}],"line":448},"43":{"loc":{"start":{"line":463,"column":17},"end":{"line":463,"column":60}},"type":"binary-expr","locations":[{"start":{"line":463,"column":17},"end":{"line":463,"column":32}},{"start":{"line":463,"column":36},"end":{"line":463,"column":60}}],"line":463},"44":{"loc":{"start":{"line":469,"column":10},"end":{"line":472,"column":11}},"type":"if","locations":[{"
[...]
,"C:\\Users\\chris\\Documents\\test\\anistream\\frontend-native\\src\\utils\\apiCache.ts": {"path":"C:\\Users\\chris\\Documents\\test\\anistream\\frontend-native\\src\\utils\\apiCache.ts","statementMap":{"0":{"start":{"line":3,"column":18},"end":{"line":3,"column":31}},"1":{"start":{"line":11,"column":2},"end":{"line":21,"column":3}},"2":{"start":{"line":12,"column":16},"end":{"line":12,"column":63}},"3":{"start":{"line":13,"column":4},"end":{"line":18,"column":5}},"4":{"start":{"line":14,"column":35},"end":{"line":14,"column":50}},"5":{"start":{"line":15,"column":6},"end":{"line":17,"column":7}},"6":{"start":{"line":16,"column":8},"end":{"line":16,"column":26}},"7":{"start":{"line":23,"column":15},"end":{"line":23,"column":30}},"8":{"start":{"line":25,"column":2},"end":{"line":32,"column":3}},"9":{"start":{"line":26,"column":4},"end":{"line":29,"column":6}},"10":{"start":{"line":34,"column":2},"end":{"line":34,"column":14}},"11":{"start":{"line":38,"column":2},"end":{"line":40,"column":3}},"12":{"start":{"line":39,"column":4},"end":{"line":39,"column":56}},"13":{"start":{"line":42,"column":2},"end":{"line":45,"column":5}},"14":{"start":{"line":43,"column":22},"end":{"line":43,"column":67}},"15":{"start":{"line":43,"column":39},"end":{"line":43,"column":66}},"16":{"start":{"line":44,"column":4},"end":{"line":44,"column":47}}},"fnMap":{"0":{"name":"getCached","decl":{"start":{"line":10,"column":22},"end":{"line":10,"column":31}},"loc":{"start":{"line":10,"column":87},"end":{"line":35,"column":1}},"line":10},"1":{"name":"clearApiCache","decl":{"start":{"line":37,"column":16},"end":{"line":37,"column":29}},"loc":{"start":{"line":37,"column":44},"end":{"line":46,"column":1}},"line":37},"2":{"name":"(anonymous_2)","decl":{"start":{"line":42,"column":40},"end":{"line":42,"column":41}},"loc":{"start":{"line":42,"column":48},"end":{"line":45,"column":3}},"line":42},"3":{"name":"(anonymous_3)","decl":{"start":{"line":43,"column":34},"end":{"line":43,"column":35}},"loc":{"start":{"line":43,"column":39},"end":{"line":43,"column":66}},"line":43}},"branchMap":{"0":{"loc":{"start":{"line":13,"column":4},"end":{"line":18,"column":5}},"type":"if","locations":[{"start":{"line":13,"column":4},"end":{"line":18,"column":5}},{"start":{},"end":{}}],"line":13},"1":{"loc":{"start":{"line":15,"column":6},"end":{"line":17,"column":7}},"type":"if","locations":[{"start":{"line":15,"column":6},"end":{"line":17,"column":7}},{"start":{},"end":{}}],"line":15},"2":{"loc":{"start":{"line":38,"column":2},"end":{"line":40,"column":3}},"type":"if","locations":[{"start":{"line":38,"column":2},"end":{"line":40,"column":3}},{"start":{},"end":{}}],"line":38}},"s":{"0":0,"1":0,"2":0,"3":0,"4":0,"5":0,"6":0,"7":0,"8":0,"9":0,"10":0,"11":0,"12":0,"13":0,"14":0,"15":0,"16":0},"f":{"0":0,"1":0,"2":0,"3":0},"b":{"0":[0,0],"1":[0,0],"2":[0,0]}}
,"C:\\Users\\chris\\Documents\\test\\anistream\\frontend-native\\src\\utils\\imageProxy.ts": {"path":"C:\\Users\\chris\\Documents\\test\\anistream\\frontend-native\\src\\utils\\imageProxy.ts","statementMap":{"0":{"start":{"line":9,"column":2},"end":{"line":9,"column":24}},"1":{"start":{"line":9,"column":12},"end":{"line":9,"column":24}},"2":{"start":{"line":12,"column":2},"end":{"line":14,"column":3}},"3":{"start":{"line":13,"column":4},"end":{"line":13,"column":15}},"4":{"start":{"line":17,"column":2},"end":{"line":30,"column":3}},"5":{"start":{"line":18,"column":19},"end":{"line":18,"column":31}},"6":{"start":{"line":19,"column":23},"end":{"line":21,"column":73}},"7":{"start":{"line":24,"column":4},"end":{"line":26,"column":5}},"8":{"start":{"line":25,"column":6},"end":{"line":25,"column":82}},"9":{"start":{"line":29,"column":4},"end":{"line":29,"column":52}},"10":{"start":{"line":32,"column":2},"end":{"line":32,"column":13}}},"fnMap":{"0":{"name":"getProxiedImageUrl","decl":{"start":{"line":8,"column":16},"end":{"line":8,"column":34}},"loc":{"start":{"line":8,"column":82},"end":{"line":33,"column":1}},"line":8}},"branchMap":{"0":{"loc":{"start":{"line":9,"column":2},"end":{"line":9,"column":24}},"type":"if","locations":[{"start":{"line":9,"column":2},"end":{"line":9,"column":24}},{"start":{},"end":{}}],"line":9},"1":{"loc":{"start":{"line":12,"column":2},"end":{"line":14,"column":3}},"type":"if","locations":[{"start":{"line":12,"column":2},"end":{"line":14,"column":3}},{"start":{},"end":{}}],"line":12},"2":{"loc":{"start":{"line":19,"column":23},"end":{"line":21,"column":73}},"type":"binary-expr","locations":[{"start":{"line":19,"column":23},"end":{"line":19,"column":54}},{"start":{"line":20,"column":22},"end":{"line":20,"column":53}},{"start":{"line":21,"column":22},"end":{"line":21,"column":73}}],"line":19},"3":{"loc":{"start":{"line":24,"column":4},"end":{"line":26,"column":5}},"type":"if","locations":[{"start":{"line":24,"column":4},"end":{"line":26,"column":5}},{"start":{},"end":{}}],"line":24}},"s":{"0":5,"1":2,"2":3,"3":1,"4":2,"5":2,"6":2,"7":2,"8":2,"9":0,"10":0},"f":{"0":5},"b":{"0":[2,3],"1":[1,2],"2":[2,2,2],"3":[2,0]},"_coverageSchema":"1a1c01bbd47fc00a2c39e90264f33305004495a9","hash":"5a9b5836d6526f1c051c587e5a7a2899946a354e"}
,"C:\\Users\\chris\\Documents\\test\\anistream\\frontend-native\\src\\utils\\recaptcha.ts": {"path":"C:\\Users\\chris\\Documents\\test\\anistream\\frontend-native\\src\\utils\\recaptcha.ts","statementMap":{"0":{"start":{"line":31,"column":19},"end":{"line":31,"column":24}},"1":{"start":{"line":32,"column":20},"end":{"line":32,"column":25}},"2":{"start":{"line":38,"column":2},"end":{"line":40,"column":3}},"3":{"start":{"line":39,"column":4},"end":{"line":39,"column":75}},"4":{"start":{"line":42,"column":2},"end":{"line":44,"column":3}},"5":{"start":{"line":43,"column":4},"end":{"line":43,"column":29}},"6":{"start":{"line":46,"column":2},"end":{"line":48,"column":3}},"7":{"start":{"line":47,"column":4},"end":{"line":47,"column":29}},"8":{"start":{"line":50,"column":2},"end":{"line":64,"column":3}},"9":{"start":{"line":52,"column":4},"end":{"line":63,"column":7}},"10":{"start":{"line":53,"column":28},"end":{"line":62,"column":13}},"11":{"start":{"line":54,"column":8},"end":{"line":61,"column":9}},"12":{"start":{"line":55,"column":10},"end":{"line":55,"column":39}},"13":{"start":{"line":56,"column":10},"end":{"line":56,"column":30}},"14":{"start":{"line":57,"column":10},"end":{"line":57,"column":20}},"15":{"start":{"line":58,"column":15},"end":{"line":61,"column":9}},"16":{"start":{"line":59,"column":10},"end":{"line":59,"column":39}},"17":{"start":{"line":60,"column":10},"end":{"line":60,"column":74}},"18":{"start":{"line":66,"column":2},"end":{"line":66,"column":23}},"19":{"start":{"line":68,"column":2},"end":{"line":96,"column":5}},"20":{"start":{"line":69,"column":19},"end":{"line":69,"column":51}},"21":{"start":{"line":70,"column":4},"end":{"line":70,"column":66}},"22":{"start":{"line":71,"column":4},"end":{"line":71,"column":24}},"23":{"start":{"line":72,"column":4},"end":{"line":72,"column":24}},"24":{"start":{"line":73,"column":4},"end":{"line":90,"column":6}},"25":{"start":{"line":74,"column":6},"end":{"line":74,"column":26}},"26":{"start":{"line":75,"column":6},"end":{"line":75,"column":28}},"27":{"start":{"line":77,"column":28},"end":{"line":82,"column":13}},"28":{"start":{"line":78,"column":8},"end":{"line":81,"column":9}},"29":{"start":{"line":79,"column":10},"end":{"line":79,"column":39}},"30":{"start":{"line":80,"column":10},"end":{"line":80,"column":20}},"31":{"start":{"line":84,"column":6},"end":{"line":89,"column":15}},"32":{"start":{"line":85,"column":8},"end":{"line":85,"column":37}},"33":{"start":{"line":86,"column":8},"end":{"line":88,"column":9}},"34":{"start":{"line":87,"column":10},"end":{"line":87,"column":109}},"35":{"start":{"line":91,"column":4},"end":{"line":94,"column":6}},"36":{"start":{"line":92,"column":6},"end":{"line":92,"column":28}},"37":{"start":{"line":93,"column":6},"end":{"line":93,"column":59}},"38":{"start":{"line":95,"column":4},"end":{"line":95,"column":38}},"39":{"start":{"line":108,"column":2},"end":{"line":110,"column":3}},"40":{"start":{"line":109,"column":4},"end":{"line":109,"column":58}},"41":{"start":{"line":112,"column":2},"end":{"line":112,"column":30}},"42":{"start":{"line":114,"column":2},"end":{"line":116,"column":3}},"43":{"start":{"line":115,"column":4},"end":{"line":115,"column":61}},"44":{"start":{"line":118,"column":21},"end":{"line":118,"column":49}},"45":{"start":{"line":119,"column":2},"end":{"line":138,"column":5}},"46":{"start":{"line":120,"column":4},"end":{"line":137,"column":7}},"47":{"start":{"line":121,"column":6},"end":{"line":136,"column":7}},"48":{"start":{"line":122,"column":22},"end":{"line":122,"column":67}},"49":{"start":{"line":123,"column":8},"end":{"line":123,"column":23}},"50":{"start":{"line":126,"column":8},"end":{"line":135,"column":9}},"51":{"start":{"line":127,"column":10},"end":{"line":132,"column":11}},"52":{"start":{"line":128,"column":26},"end":{"line":128,"column":78}},"53":{"start":{"line":129,"column":12},"end":{"line":129,"column":27}},"54":{"start":{"line":131,"column":12},"end":{"line":131,"column":34}},"55":{"start":{"line":134,"column":10},"end":{"line":134,"column":24}},"56":{"start":{"line":157,"column":2},"end":{"line":159,"column":3}},"57":{"start":{"line":158,"column":4},"end":{"line":158,"column":58}},"58":{"start":{"line":161,"column":2},"end":{"line":161,"column":30}},"59":{"start":{"line":163,"column":2},"end":{"line":165,"column":3}},"60":{"start":{"line":164,"column":4},"end":{"line":164,"column":61}},"61":{"start":{"line":167,"column":21},"end":{"line":167,"column":49}},"62":{"start":{"line":168,"column":2},"end":{"line":182,"column":5}},"63":{"start":{"line":169,"column":4},"end":{"line":181,"column":7}},"64":{"start":{"line":170,"column":6},"end":{"line":180,"column":7}},"65":{"start":{"line":171,"column":25},"end":{"line":176,"column":10}},"66":{"start":{"line":177,"column":8},"end":{"line":177,"column":26}},"67":{"start":{"line":179,"column":8},"end":{"line":179,"column":22}},"68":{"start":{"line":190,"column":2},"end":{"line":192,"column":3}},"69":{"start":{"line":191,"column":4},"end":{"line":191,"column":11}},"70":{"start":{"line":193,"column":2},"end":{"line":193,"column":47}}},"fnMap":{"0":{"name":"loadRecaptchaScript","decl":{"start":{"line":37,"column":9},"end":{"line":37,"column":28}},"loc":{"start":{"line":37,"column":46},"end":{"line":97,"column":1}},"line":37},"1":{"name":"(anonymous_1)","decl":{"start":{"line":52,"column":23},"end":{"line":52,"column":24}},"loc":{"start":{"line":52,"column":44},"end":{"line":63,"column":5}},"line":52},"2":{"name":"(anonymous_2)","decl":{"start":{"line":53,"column":40},"end":{"line":53,"column":41}},"loc":{"start":{"line":53,"column":46},"end":{"line":62,"column":7}},"line":53},"3":{"name":"(anonymous_3)","decl":{"start":{"line":68,"column":21},"end":{"line":68,"column":22}},"loc":{"start":{"line":68,"column":42},"end":{"line":96,"column":3}},"line":68},"4":{"name":"(anonymous_4)","decl":{"start":{"line":73,"column":20},"end":{"line":73,"column":21}},"loc":{"start":{"line":73,"column":26},"end":{"line":90,"column":5}},"line":73},"5":{"name":"(anonymous_5)","decl":{"start":{"line":77,"column":40},"end":{"line":77,"column":41}},"loc":{"start":{"line":77,"column":46},"end":{"line":82,"column":7}},"line":77},"6":{"name":"(anonymous_6)","decl":{"start":{"line":84,"column":17},"end":{"line":84,"column":18}},"loc":{"start":{"line":84,"column":23},"end":{"line":89,"column":7}},"line":84},"7":{"name":"(anonymous_7)","decl":{"start":{"line":91,"column":21},"end":{"line":91,"column":22}},"loc":{"start":{"line":91,"column":27},"end":{"line":94,"column":5}},"line":91},"8":{"name":"executeRecaptcha","decl":{"start":{"line":104,"column":22},"end":{"line":104,"column":38}},"loc":{"start":{"line":107,"column":19},"end":{"line":139,"column":1}},"line":107},"9":{"name":"(anonymous_9)","decl":{"start":{"line":119,"column":21},"end":{"line":119,"column":22}},"loc":{"start":{"line":119,"column":42},"end":{"line":138,"column":3}},"line":119},"10":{"name":"(anonymous_10)","decl":{"start":{"line":120,"column":21},"end":{"line":120,"column":22}},"loc":{"start":{"line":120,"column":33},"end":{"line":137,"column":5}},"line":120},"11":{"name":"renderRecaptcha","decl":{"start":{"line":150,"column":22},"end":{"line":150,"column":37}},"loc":{"start":{"line":156,"column":19},"end":{"line":183,"column":1}},"line":156},"12":{"name":"(anonymous_12)","decl":{"start":{"line":168,"column":21},"end":{"line":168,"column":22}},"loc":{"start":{"line":168,"column":42},"end":{"line":182,"column":3}},"line":168},"13":{"name":"(anonymous_13)","decl":{"start":{"line":169,"column":21},"end":{"line":169,"column":22}},"loc":{"start":{"line":169,"column":27},"end":{"line":181,"column":5}},"line":169},"14":{"name":"(anonymous_14)","decl":{"start":{"line":174,"column":44},"end":{"line":174,"column":45}},"loc":{"start":{"line":174,"column":50},"end":{"line":174,"column":52}},"line":174},"15":{"name":"(anonymous_15)","decl":{"start":{"line":175,"column":40},"end":{"line":175,"column":41}},"loc":{"start":{"line":175,"column":46},"end":{"line":175,"column":48}},"line":175},"16":{"name":"resetRecaptcha","decl":{"start":{"line":189,"column":16},"end":{"line":189,"column":30}},"loc":{"start":{"line":189,"column":55},"end":{"line":194,"column":1}},"line":189}},"branchMap":{"0":{"loc":{"start":{"line":38,"column":2},"end":{"line":40,"column":3}},"type":"if","locations":[{"start":{"line":38,"column":2},"end":{"line":40,"column":3}},{"start":{},"end":{}}],"line":38},"1":{"loc":{"start":{"line":38,"column":6},"end":{"line":38,"column":60}},"type":"binary-expr","locations":[{"start":{"line":38,"column":6},"end":{"line":38,"column":27}},{"start":{"line":38,"column":31},"end":{"line":38,"column":60}}],"line":38},"2":{"loc":{"start":{"line":42,"column":2},"end":{"line":44,"column":3}},"type":"if","locations":[{"start":{"line":42,"column":2},"end":{"line":44,"column":3}},{"start":{},"end":{}}],"line":42},"3":{"loc":{"start":{"line":46,"column":2},"end":{"line":48,"column":3}},"type":"if","locations":[{"start":{"line":46,"column":2},"end":{"line":48,"column":3}},{"start":{},"end":{}}],"line":46},"4":{"loc":{"start":{"line":50,"column":2},"end":{"line":64,"column":3}},"type":"if","locations":[{"start":{"line":50,"column":2},"end":{"line":64,"column":3}},{"start":{},"end":{}}],"line":50},"5":{"loc":{"start":{"line":54,"column":8},"end":{"line":61,"column":9}},"type":"if","locations":[{"start":{"line":54,"column":8},"end":{"line":61,"column":9}},{"start":{"line":58,"column":15},"end":{"line":61,"column":9}}],"line":54},"6":{"loc":{"start":{"line":58,"column":15},"end":{"line":61,"column":9}},"type":"if","locations":[{"start":{"line":58,"column":15},"end":{"line":61,"column":9}},{"start":{},"end":{}}],"line":58},"7":{"loc":{"start":{"line":78,"column":8},"end":{"line":81,"column":9}},"type":"if","locations":[{"start":{"line":78,"column":8},"end":{"line":81,"column":9}},{"start":{},"end":{}}],"line":78},"8":{"loc":{"start":{"line":86,"column":8},"end":{"line":88,"column":9}},"type":"if","locations":[{"start":{"line":86,"column":8},"end":{"line":88,"column":9}},{"start":{},"end":{}}],"line":86},"9":{"loc":{"start":{"line":106,"column":2},"end":{"line":106,"column":27}},"type":"default-arg","locations":[{"start":{"line":106,"column":19},"end":{"line":106,"column":27}}],"line":106},"10":{"loc":{"start":{"line":108,"column":2},"end":{"line":110,"column":3}},"type":"if","locations":[{"start":{"line":108,"column":2},"end":{"line":110,"column":3}},{"start":{},"end":{}}],"line":108},"11":{"loc":{"start":{"line":108,"column":6},"end":{"line":108,"column":60}},"type":"binary-expr","locations":[{"start":{"line":108,"column":6},"end":{"line":108,"column":27}},{"start":{"line":108,"column":31},"end":{"line":108,"column":60}}],"line":108},"12":{"loc":{"start":{"line":114,"column":2},"end":{"line":116,"column":3}},"type":"if","locations":[{"start":{"line":114,"column":2},"end":{"line":116,"column":3}},{"start":{},"end":{}}],"line":114},"13":{"loc":{"start":{"line":126,"column":8},"end":{"line":135,"column":9}},"type":"if","locations":[{"start":{"line":126,"column":8},"end":{"line":135,"column":9}},{"start":{"line":133,"column":15},"end":{"line":135,"column":9}}],"line":126},"14":{"loc":{"start":{"line":126,"column":12},"end":{"line":126,"column":86}},"type":"binary-expr","locations":[{"start":{"line":126,"column":12},"end":{"line":126,"column":38}},{"start":{"line":126,"column":42},"end":{"line":126,"column":86}}],"line":126},"15":{"loc":{"start":{"line":157,"column":2},"end":{"line":159,"column":3}},"type":"if","locations":[{"start":{"line":157,"column":2},"end":{"line":159,"column":3}},{"start":{},"end":{}}],"line":157},"16":{"loc":{"start":{"line":157,"column":6},"end":{"line":157,"column":60}},"type":"binary-expr","locations":[{"start":{"line":157,"column":6},"end":{"line":157,"column":27}},{"start":{"line":157,"column":31},"end":{"line":157,"column":60}}],"line":157},"17":{"loc":{"start":{"line":163,"column":2},"end":{"line":165,"column":3}},"type":"if","locations":[{"start":{"line":163,"column":2},"end":{"line":165,"column":3}},{"start":{},"end":{}}],"line":163},"18":{"loc":{"start":{"line":174,"column":30},"end":{"line":174,"column":53}},"type":"binary-expr","locations":[{"start":{"line":174,"column":30},"end":{"line":174,"column":39}},{"start":{"line":174,"column":44},"end":{"line":174,"column":52}}],"line":174},"19":{"loc":{"start":{"line":175,"column":28},"end":{"line":175,"column":49}},"type":"binary-expr","locations":[{"start":{"line":175,"column":28},"end":{"line":175,"column":35}},{"start":{"line":175,"column":40},"end":{"line":175,"column":48}}],"line":175},"20":{"loc":{"start":{"line":190,"column":2},"end":{"line":192,"column":3}},"type":"if","locations":[{"start":{"line":190,"column":2},"end":{"line":192,"column":3}},{"start":{},"end":{}}],"line":190},"21":{"loc":{"start":{"line":190,"column":6},"end":{"line":190,"column":94}},"type":"binary-expr","locations":[{"start":{"line":190,"column":6},"end":{"line":190,"column":27}},{"start":{"line":190,"column":31},"end":{"line":190,"column":60}},{"start":{"line":190,"column":64},"end":{"line":190,"column":94}}],"line":190}},"s":{"0":1,"1":1,"2":3,"3":0,"4":3,"5":3,"6":0,"7":0,"8":0,"9":0,"10":0,"11":0,"12":0,"13":0,"14":0,"15":0,"16":0,"17":0,"18":0,"19":0,"20":0,"21":0,"22":0,"23":0,"24":0,"25":0,"26":0,"27":0,"28":0,"29":0,"30":0,"31":0,"32":0,"33":0,"34":0,"35":0,"36":0,"37":0,"38":0,"39":3,"40":1,"41":2,"42":2,"43":0,"44":2,"45":2,"46":2,"47":2,"48":2,"49":1,"50":1,"51":1,"52":1,"53":1,"54":0,"55":0,"56":2,"57":1,"58":1,"59":1,"60":0,"61":1,"62":1,"63":1,"64":1,"65":1,"66":1,"67":0,"68":2,"69":1,"70":1},"f":{"0":3,"1":0,"2":0,"3":0,"4":0,"5":0,"6":0,"7":0,"8":3,"9":2,"10":2,"11":2,"12":1,"13":1,"14":0,"15":0,"16":2},"b":{"0":[0,3],"1":[3,3],"2":[3,0],"3":[0,0],"4":[0,0],"5":[0,0],"6":[0,0],"7":[0,0],"8":[0,0],"9":[0],"10":[1,2],"11":[3,2],"12":[0,2],"13":[1,0],"14":[1,1],"15":[1,1],"16":[2,1],"17":[0,1],"18":[1,0],"19":[1,0],"20":[1,1],"21":[2,1,1]},"_coverageSchema":"1a1c01bbd47fc00a2c39e90264f33305004495a9","hash":"9299e3e8f7261bd40da8c75caf41aa7963e6a788"}
}
