TN:
SF:app\_layout.tsx
FN:19,(anonymous_0)
FN:24,(anonymous_1)
FN:27,checkAndApplyUpdate
FN:44,OfflineBanner
FN:56,AppContent
FN:71,(anonymous_5)
FN:73,(anonymous_6)
FN:77,(anonymous_7)
FN:84,(anonymous_8)
FN:87,(anonymous_9)
FN:130,RootLayout
FNF:11
FNH:0
FNDA:0,(anonymous_0)
FNDA:0,(anonymous_1)
FNDA:0,checkAndApplyUpdate
FNDA:0,OfflineBanner
FNDA:0,AppContent
FNDA:0,(anonymous_5)
FNDA:0,(anonymous_6)
FNDA:0,(anonymous_7)
FNDA:0,(anonymous_8)
FNDA:0,(anonymous_9)
FNDA:0,RootLayout
DA:14,0
DA:17,0
DA:19,0
DA:22,0
DA:24,0
DA:28,0
DA:29,0
DA:30,0
DA:31,0
DA:32,0
DA:33,0
DA:35,0
DA:39,0
DA:45,0
DA:46,0
DA:47,0
DA:57,0
DA:58,0
DA:59,0
DA:61,0
DA:66,0
DA:68,0
DA:71,0
DA:72,0
DA:73,0
DA:77,0
DA:78,0
DA:79,0
DA:84,0
DA:85,0
DA:87,0
DA:88,0
DA:89,0
DA:94,0
DA:95,0
DA:107,0
DA:131,0
DA:140,0
LF:38
LH:0
BRDA:17,0,0,0
BRDA:17,0,1,0
BRDA:22,1,0,0
BRDA:22,1,1,0
BRDA:28,2,0,0
BRDA:28,2,1,0
BRDA:28,3,0,0
BRDA:28,3,1,0
BRDA:32,4,0,0
BRDA:32,4,1,0
BRDA:46,5,0,0
BRDA:46,5,1,0
BRDA:62,6,0,0
BRDA:62,6,1,0
BRDA:72,7,0,0
BRDA:72,7,1,0
BRDA:72,8,0,0
BRDA:72,8,1,0
BRDA:78,9,0,0
BRDA:78,9,1,0
BRDA:78,10,0,0
BRDA:78,10,1,0
BRDA:85,11,0,0
BRDA:85,11,1,0
BRDA:85,12,0,0
BRDA:85,12,1,0
BRDA:94,13,0,0
BRDA:94,13,1,0
BRDA:110,14,0,0
BRDA:110,14,1,0
BRDA:111,15,0,0
BRDA:111,15,1,0
BRF:32
BRH:0
end_of_record
TN:
SF:app\index.tsx
FN:3,Index
FNF:1
FNH:0
FNDA:0,Index
DA:4,0
LF:1
LH:0
BRF:0
BRH:0
end_of_record
TN:
SF:app\policy.tsx
FN:7,PrivacyPolicyScreen
FN:15,(anonymous_1)
FNF:2
FNH:0
FNDA:0,PrivacyPolicyScreen
FNDA:0,(anonymous_1)
DA:8,0
DA:10,0
DA:15,0
DA:189,0
LF:4
LH:0
BRDA:201,0,0,0
BRDA:201,0,1,0
BRDA:210,1,0,0
BRDA:210,1,1,0
BRDA:221,2,0,0
BRDA:221,2,1,0
BRDA:235,3,0,0
BRDA:235,3,1,0
BRDA:241,4,0,0
BRDA:241,4,1,0
BRDA:242,5,0,0
BRDA:242,5,1,0
BRDA:251,6,0,0
BRDA:251,6,1,0
BRDA:252,7,0,0
BRDA:252,7,1,0
BRDA:267,8,0,0
BRDA:267,8,1,0
BRDA:268,9,0,0
BRDA:268,9,1,0
BRF:20
BRH:0
end_of_record
TN:
SF:app\terms.tsx
FN:7,TermsOfServiceScreen
FN:15,(anonymous_1)
FNF:2
FNH:0
FNDA:0,TermsOfServiceScreen
FNDA:0,(anonymous_1)
DA:8,0
DA:10,0
DA:15,0
DA:298,0
LF:4
LH:0
BRDA:310,0,0,0
BRDA:310,0,1,0
BRDA:319,1,0,0
BRDA:319,1,1,0
BRDA:330,2,0,0
BRDA:330,2,1,0
BRDA:344,3,0,0
BRDA:344,3,1,0
BRDA:350,4,0,0
BRDA:350,4,1,0
BRDA:351,5,0,0
BRDA:351,5,1,0
BRDA:360,6,0,0
BRDA:360,6,1,0
BRDA:361,7,0,0
BRDA:361,7,1,0
BRDA:376,8,0,0
BRDA:376,8,1,0
BRDA:377,9,0,0
BRDA:377,9,1,0
BRF:20
BRH:0
end_of_record
TN:
SF:app\(tabs)\_layout.tsx
FN:7,TabLayout
FN:44,(anonymous_1)
FN:53,(anonymous_2)
FN:80,(anonymous_3)
FNF:4
FNH:0
FNDA:0,TabLayout
FNDA:0,(anonymous_1)
FNDA:0,(anonymous_2)
FNDA:0,(anonymous_3)
DA:8,0
DA:9,0
DA:12,0
DA:13,0
DA:15,0
DA:45,0
DA:54,0
DA:81,0
LF:8
LH:0
BRDA:12,0,0,0
BRDA:12,0,1,0
BRDA:13,1,0,0
BRDA:13,1,1,0
BRDA:13,2,0,0
BRDA:13,2,1,0
BRDA:36,3,0,0
BRDA:36,3,1,0
BRF:8
BRH:0
end_of_record
TN:
SF:app\(tabs)\browse.tsx
FN:33,BrowseScreen
FN:48,(anonymous_1)
FN:59,(anonymous_2)
FN:71,(anonymous_3)
FN:81,(anonymous_4)
FN:95,(anonymous_5)
FN:99,(anonymous_6)
FN:125,(anonymous_7)
FN:131,(anonymous_8)
FN:138,(anonymous_9)
FN:149,(anonymous_10)
FN:158,(anonymous_11)
FN:177,(anonymous_12)
FN:181,(anonymous_13)
FN:194,(anonymous_14)
FN:207,(anonymous_15)
FN:221,(anonymous_16)
FN:228,(anonymous_17)
FN:235,(anonymous_18)
FN:250,(anonymous_19)
FN:252,(anonymous_20)
FN:272,(anonymous_21)
FN:284,(anonymous_22)
FN:301,(anonymous_23)
FN:313,(anonymous_24)
FN:320,(anonymous_25)
FN:327,(anonymous_26)
FN:369,(anonymous_27)
FNF:28
FNH:0
FNDA:0,BrowseScreen
FNDA:0,(anonymous_1)
FNDA:0,(anonymous_2)
FNDA:0,(anonymous_3)
FNDA:0,(anonymous_4)
FNDA:0,(anonymous_5)
FNDA:0,(anonymous_6)
FNDA:0,(anonymous_7)
FNDA:0,(anonymous_8)
FNDA:0,(anonymous_9)
FNDA:0,(anonymous_10)
FNDA:0,(anonymous_11)
FNDA:0,(anonymous_12)
FNDA:0,(anonymous_13)
FNDA:0,(anonymous_14)
FNDA:0,(anonymous_15)
FNDA:0,(anonymous_16)
FNDA:0,(anonymous_17)
FNDA:0,(anonymous_18)
FNDA:0,(anonymous_19)
FNDA:0,(anonymous_20)
FNDA:0,(anonymous_21)
FNDA:0,(anonymous_22)
FNDA:0,(anonymous_23)
FNDA:0,(anonymous_24)
FNDA:0,(anonymous_25)
FNDA:0,(anonymous_26)
FNDA:0,(anonymous_27)
DA:34,0
DA:35,0
DA:36,0
DA:38,0
DA:39,0
DA:40,0
DA:41,0
DA:42,0
DA:43,0
DA:44,0
DA:45,0
DA:48,0
DA:49,0
DA:50,0
DA:51,0
DA:52,0
DA:53,0
DA:56,0
DA:59,0
DA:60,0
DA:61,0
DA:62,0
DA:63,0
DA:64,0
DA:67,0
DA:68,0
DA:71,0
DA:72,0
DA:73,0
DA:74,0
DA:75,0
DA:78,0
DA:81,0
DA:82,0
DA:83,0
DA:84,0
DA:85,0
DA:86,0
DA:87,0
DA:88,0
DA:89,0
DA:90,0
DA:95,0
DA:96,0
DA:99,0
DA:100,0
DA:101,0
DA:102,0
DA:104,0
DA:106,0
DA:107,0
DA:109,0
DA:110,0
DA:112,0
DA:113,0
DA:116,0
DA:118,0
DA:119,0
DA:121,0
DA:125,0
DA:126,0
DA:127,0
DA:128,0
DA:131,0
DA:132,0
DA:138,0
DA:139,0
DA:141,0
DA:143,0
DA:145,0
DA:149,0
DA:150,0
DA:151,0
DA:158,0
DA:177,0
DA:178,0
DA:181,0
DA:194,0
DA:207,0
DA:221,0
DA:222,0
DA:229,0
DA:235,0
DA:250,0
DA:252,0
DA:253,0
DA:254,0
DA:255,0
DA:256,0
DA:257,0
DA:260,0
DA:262,0
DA:273,0
DA:274,0
DA:284,0
DA:301,0
DA:313,0
DA:314,0
DA:321,0
DA:327,0
DA:342,0
DA:369,0
DA:393,0
LF:103
LH:0
BRDA:49,0,0,0
BRDA:49,0,1,0
BRDA:50,1,0,0
BRDA:50,1,1,0
BRDA:51,2,0,0
BRDA:51,2,1,0
BRDA:52,3,0,0
BRDA:52,3,1,0
BRDA:60,4,0,0
BRDA:60,4,1,0
BRDA:68,5,0,0
BRDA:68,5,1,0
BRDA:72,6,0,0
BRDA:72,6,1,0
BRDA:73,7,0,0
BRDA:73,7,1,0
BRDA:74,8,0,0
BRDA:74,8,1,0
BRDA:82,9,0,0
BRDA:82,9,1,0
BRDA:82,10,0,0
BRDA:82,10,1,0
BRDA:85,11,0,0
BRDA:85,11,1,0
BRDA:85,12,0,0
BRDA:85,12,1,0
BRDA:88,13,0,0
BRDA:88,13,1,0
BRDA:88,14,0,0
BRDA:88,14,1,0
BRDA:104,15,0,0
BRDA:104,15,1,0
BRDA:104,15,2,0
BRDA:139,16,0,0
BRDA:139,16,1,0
BRDA:139,16,2,0
BRDA:145,17,0,0
BRDA:145,17,1,0
BRDA:156,18,0,0
BRDA:156,18,1,0
BRDA:162,19,0,0
BRDA:162,19,1,0
BRDA:170,20,0,0
BRDA:170,20,1,0
BRDA:171,21,0,0
BRDA:171,21,1,0
BRDA:180,22,0,0
BRDA:180,22,1,0
BRDA:186,23,0,0
BRDA:186,23,1,0
BRDA:188,24,0,0
BRDA:188,24,1,0
BRDA:193,25,0,0
BRDA:193,25,1,0
BRDA:199,26,0,0
BRDA:199,26,1,0
BRDA:201,27,0,0
BRDA:201,27,1,0
BRDA:206,28,0,0
BRDA:206,28,1,0
BRDA:212,29,0,0
BRDA:212,29,1,0
BRDA:214,30,0,0
BRDA:214,30,1,0
BRDA:233,31,0,0
BRDA:233,31,1,0
BRDA:240,32,0,0
BRDA:240,32,1,0
BRDA:260,33,0,0
BRDA:260,33,1,0
BRDA:266,34,0,0
BRDA:266,34,1,0
BRDA:267,35,0,0
BRDA:267,35,1,0
BRDA:268,36,0,0
BRDA:268,36,1,0
BRDA:269,37,0,0
BRDA:269,37,1,0
BRDA:273,38,0,0
BRDA:273,38,1,0
BRDA:279,39,0,0
BRDA:279,39,1,0
BRDA:280,40,0,0
BRDA:280,40,1,0
BRDA:281,41,0,0
BRDA:281,41,1,0
BRDA:281,42,0,0
BRDA:281,42,1,0
BRDA:282,43,0,0
BRDA:282,43,1,0
BRDA:282,43,2,0
BRDA:289,44,0,0
BRDA:289,44,1,0
BRDA:304,45,0,0
BRDA:304,45,1,0
BRDA:325,46,0,0
BRDA:325,46,1,0
BRDA:332,47,0,0
BRDA:332,47,1,0
BRDA:352,48,0,0
BRDA:352,48,1,0
BRDA:353,49,0,0
BRDA:353,49,1,0
BRDA:354,50,0,0
BRDA:354,50,1,0
BRDA:357,51,0,0
BRDA:357,51,1,0
BRDA:361,52,0,0
BRDA:361,52,1,0
BRDA:376,53,0,0
BRDA:376,53,1,0
BRF:111
BRH:0
end_of_record
TN:
SF:app\(tabs)\community.tsx
FN:28,CommunityScreen
FN:38,(anonymous_1)
FN:44,(anonymous_2)
FN:66,(anonymous_3)
FN:68,(anonymous_4)
FN:73,(anonymous_5)
FN:76,(anonymous_6)
FN:79,(anonymous_7)
FN:82,(anonymous_8)
FN:87,(anonymous_9)
FN:88,(anonymous_10)
FN:93,(anonymous_11)
FN:99,(anonymous_12)
FN:106,(anonymous_13)
FN:112,(anonymous_14)
FN:143,(anonymous_15)
FN:144,(anonymous_16)
FN:152,(anonymous_17)
FN:173,(anonymous_18)
FN:185,(anonymous_19)
FN:195,(anonymous_20)
FN:209,(anonymous_21)
FN:220,(anonymous_22)
FN:232,(anonymous_23)
FN:239,(anonymous_24)
FN:249,(anonymous_25)
FN:277,(anonymous_26)
FN:278,(anonymous_27)
FN:291,(anonymous_28)
FN:316,(anonymous_29)
FN:327,(anonymous_30)
FN:363,(anonymous_31)
FN:377,(anonymous_32)
FN:387,(anonymous_33)
FN:423,(anonymous_34)
FN:434,(anonymous_35)
FN:467,(anonymous_36)
FN:502,(anonymous_37)
FN:511,(anonymous_38)
FN:533,(anonymous_39)
FN:540,(anonymous_40)
FN:589,(anonymous_41)
FN:617,(anonymous_42)
FN:682,(anonymous_43)
FN:710,(anonymous_44)
FN:723,(anonymous_45)
FN:739,(anonymous_46)
FNF:47
FNH:0
FNDA:0,CommunityScreen
FNDA:0,(anonymous_1)
FNDA:0,(anonymous_2)
FNDA:0,(anonymous_3)
FNDA:0,(anonymous_4)
FNDA:0,(anonymous_5)
FNDA:0,(anonymous_6)
FNDA:0,(anonymous_7)
FNDA:0,(anonymous_8)
FNDA:0,(anonymous_9)
FNDA:0,(anonymous_10)
FNDA:0,(anonymous_11)
FNDA:0,(anonymous_12)
FNDA:0,(anonymous_13)
FNDA:0,(anonymous_14)
FNDA:0,(anonymous_15)
FNDA:0,(anonymous_16)
FNDA:0,(anonymous_17)
FNDA:0,(anonymous_18)
FNDA:0,(anonymous_19)
FNDA:0,(anonymous_20)
FNDA:0,(anonymous_21)
FNDA:0,(anonymous_22)
FNDA:0,(anonymous_23)
FNDA:0,(anonymous_24)
FNDA:0,(anonymous_25)
FNDA:0,(anonymous_26)
FNDA:0,(anonymous_27)
FNDA:0,(anonymous_28)
FNDA:0,(anonymous_29)
FNDA:0,(anonymous_30)
FNDA:0,(anonymous_31)
FNDA:0,(anonymous_32)
FNDA:0,(anonymous_33)
FNDA:0,(anonymous_34)
FNDA:0,(anonymous_35)
FNDA:0,(anonymous_36)
FNDA:0,(anonymous_37)
FNDA:0,(anonymous_38)
FNDA:0,(anonymous_39)
FNDA:0,(anonymous_40)
FNDA:0,(anonymous_41)
FNDA:0,(anonymous_42)
FNDA:0,(anonymous_43)
FNDA:0,(anonymous_44)
FNDA:0,(anonymous_45)
FNDA:0,(anonymous_46)
DA:29,0
DA:30,0
DA:32,0
DA:33,0
DA:34,0
DA:35,0
DA:38,0
DA:39,0
DA:40,0
DA:44,0
DA:48,0
DA:49,0
DA:50,0
DA:51,0
DA:52,0
DA:55,0
DA:58,0
DA:59,0
DA:60,0
DA:61,0
DA:62,0
DA:63,0
DA:64,0
DA:66,0
DA:67,0
DA:68,0
DA:69,0
DA:70,0
DA:71,0
DA:73,0
DA:76,0
DA:77,0
DA:79,0
DA:82,0
DA:83,0
DA:84,0
DA:85,0
DA:87,0
DA:88,0
DA:89,0
DA:91,0
DA:93,0
DA:94,0
DA:99,0
DA:100,0
DA:106,0
DA:107,0
DA:108,0
DA:110,0
DA:112,0
DA:113,0
DA:115,0
DA:116,0
DA:118,0
DA:121,0
DA:122,0
DA:123,0
DA:124,0
DA:127,0
DA:128,0
DA:135,0
DA:138,0
DA:139,0
DA:143,0
DA:144,0
DA:145,0
DA:146,0
DA:147,0
DA:148,0
DA:152,0
DA:153,0
DA:155,0
DA:156,0
DA:158,0
DA:159,0
DA:160,0
DA:162,0
DA:163,0
DA:164,0
DA:167,0
DA:173,0
DA:174,0
DA:181,0
DA:183,0
DA:185,0
DA:186,0
DA:187,0
DA:189,0
DA:191,0
DA:195,0
DA:196,0
DA:197,0
DA:198,0
DA:201,0
DA:203,0
DA:205,0
DA:209,0
DA:210,0
DA:212,0
DA:214,0
DA:216,0
DA:220,0
DA:222,0
DA:223,0
DA:224,0
DA:227,0
DA:228,0
DA:229,0
DA:230,0
DA:232,0
DA:233,0
DA:234,0
DA:236,0
DA:239,0
DA:240,0
DA:241,0
DA:242,0
DA:244,0
DA:245,0
DA:246,0
DA:249,0
DA:250,0
DA:252,0
DA:253,0
DA:255,0
DA:256,0
DA:257,0
DA:259,0
DA:260,0
DA:261,0
DA:264,0
DA:270,0
DA:275,0
DA:277,0
DA:278,0
DA:279,0
DA:285,0
DA:287,0
DA:291,0
DA:292,0
DA:293,0
DA:295,0
DA:316,0
DA:328,0
DA:363,0
DA:377,0
DA:387,0
DA:388,0
DA:409,0
DA:410,0
DA:423,0
DA:434,0
DA:448,0
DA:449,0
DA:459,0
DA:469,0
DA:470,0
DA:471,0
DA:503,0
DA:511,0
DA:533,0
DA:540,0
DA:589,0
DA:618,0
DA:682,0
DA:711,0
DA:712,0
DA:723,0
DA:740,0
DA:741,0
DA:752,0
LF:171
LH:0
BRDA:39,0,0,0
BRDA:39,0,1,0
BRDA:83,1,0,0
BRDA:83,1,1,0
BRDA:108,2,0,0
BRDA:108,2,1,0
BRDA:113,3,0,0
BRDA:113,3,1,0
BRDA:118,4,0,0
BRDA:118,4,1,0
BRDA:118,5,0,0
BRDA:118,5,1,0
BRDA:121,6,0,0
BRDA:121,6,1,0
BRDA:122,7,0,0
BRDA:122,7,1,0
BRDA:131,8,0,0
BRDA:131,8,1,0
BRDA:138,9,0,0
BRDA:138,9,1,0
BRDA:153,10,0,0
BRDA:153,10,1,0
BRDA:153,11,0,0
BRDA:153,11,1,0
BRDA:153,11,2,0
BRDA:158,12,0,0
BRDA:158,12,1,0
BRDA:158,13,0,0
BRDA:158,13,1,0
BRDA:163,14,0,0
BRDA:163,14,1,0
BRDA:179,15,0,0
BRDA:179,15,1,0
BRDA:196,16,0,0
BRDA:196,16,1,0
BRDA:210,17,0,0
BRDA:210,17,1,0
BRDA:222,18,0,0
BRDA:222,18,1,0
BRDA:240,19,0,0
BRDA:240,19,1,0
BRDA:250,20,0,0
BRDA:250,20,1,0
BRDA:250,21,0,0
BRDA:250,21,1,0
BRDA:250,21,2,0
BRDA:255,22,0,0
BRDA:255,22,1,0
BRDA:255,23,0,0
BRDA:255,23,1,0
BRDA:260,24,0,0
BRDA:260,24,1,0
BRDA:279,25,0,0
BRDA:279,25,1,0
BRDA:292,26,0,0
BRDA:292,26,1,0
BRDA:299,27,0,0
BRDA:299,27,1,0
BRDA:313,28,0,0
BRDA:313,28,1,0
BRDA:323,29,0,0
BRDA:323,29,1,0
BRDA:325,30,0,0
BRDA:325,30,1,0
BRDA:325,30,2,0
BRDA:332,31,0,0
BRDA:332,31,1,0
BRDA:333,32,0,0
BRDA:333,32,1,0
BRDA:334,33,0,0
BRDA:334,33,1,0
BRDA:337,34,0,0
BRDA:337,34,1,0
BRDA:353,35,0,0
BRDA:353,35,1,0
BRDA:366,36,0,0
BRDA:366,36,1,0
BRDA:368,37,0,0
BRDA:368,37,1,0
BRDA:370,38,0,0
BRDA:370,38,1,0
BRDA:390,39,0,0
BRDA:390,39,1,0
BRDA:409,40,0,0
BRDA:409,40,1,0
BRDA:409,41,0,0
BRDA:409,41,1,0
BRDA:448,42,0,0
BRDA:448,42,1,0
BRDA:463,43,0,0
BRDA:463,43,1,0
BRDA:469,44,0,0
BRDA:469,44,1,0
BRDA:476,45,0,0
BRDA:476,45,1,0
BRDA:500,46,0,0
BRDA:500,46,1,0
BRDA:504,47,0,0
BRDA:504,47,1,0
BRDA:521,48,0,0
BRDA:521,48,1,0
BRDA:532,49,0,0
BRDA:532,49,1,0
BRDA:536,50,0,0
BRDA:536,50,1,0
BRDA:539,51,0,0
BRDA:539,51,1,0
BRDA:543,52,0,0
BRDA:543,52,1,0
BRDA:552,53,0,0
BRDA:552,53,1,0
BRDA:552,54,0,0
BRDA:552,54,1,0
BRDA:552,54,2,0
BRDA:555,55,0,0
BRDA:555,55,1,0
BRDA:555,55,2,0
BRDA:557,56,0,0
BRDA:557,56,1,0
BRDA:577,57,0,0
BRDA:577,57,1,0
BRDA:579,58,0,0
BRDA:579,58,1,0
BRDA:605,59,0,0
BRDA:605,59,1,0
BRDA:609,60,0,0
BRDA:609,60,1,0
BRDA:620,61,0,0
BRDA:620,61,1,0
BRDA:639,62,0,0
BRDA:639,62,1,0
BRDA:660,63,0,0
BRDA:660,63,1,0
BRDA:660,63,2,0
BRDA:663,64,0,0
BRDA:663,64,1,0
BRDA:665,65,0,0
BRDA:665,65,1,0
BRDA:685,66,0,0
BRDA:685,66,1,0
BRDA:688,67,0,0
BRDA:688,67,1,0
BRDA:700,68,0,0
BRDA:700,68,1,0
BRDA:707,69,0,0
BRDA:707,69,1,0
BRDA:711,70,0,0
BRDA:711,70,1,0
BRDA:711,71,0,0
BRDA:711,71,1,0
BRDA:736,72,0,0
BRDA:736,72,1,0
BRDA:740,73,0,0
BRDA:740,73,1,0
BRDA:740,74,0,0
BRDA:740,74,1,0
BRDA:986,75,0,0
BRDA:986,75,1,0
BRDA:1013,76,0,0
BRDA:1013,76,1,0
BRDA:1162,77,0,0
BRDA:1162,77,1,0
BRF:162
BRH:0
end_of_record
TN:
SF:app\(tabs)\home.tsx
FN:58,HomeScreen
FN:66,(anonymous_1)
FN:81,(anonymous_2)
FN:87,(anonymous_3)
FN:91,(anonymous_4)
FN:93,(anonymous_5)
FN:102,(anonymous_6)
FN:106,(anonymous_7)
FN:112,(anonymous_8)
FN:123,(anonymous_9)
FN:128,(anonymous_10)
FN:131,(anonymous_11)
FN:141,(anonymous_12)
FN:144,(anonymous_13)
FN:151,(anonymous_14)
FN:154,(anonymous_15)
FN:157,(anonymous_16)
FN:157,(anonymous_17)
FN:163,(anonymous_18)
FN:169,(anonymous_19)
FN:171,(anonymous_20)
FN:187,(anonymous_21)
FN:191,(anonymous_22)
FN:203,(anonymous_23)
FN:210,(anonymous_24)
FN:217,(anonymous_25)
FN:225,(anonymous_26)
FN:228,(anonymous_27)
FN:258,(anonymous_28)
FN:265,(anonymous_29)
FN:275,(anonymous_30)
FN:277,(anonymous_31)
FN:280,(anonymous_32)
FN:297,(anonymous_33)
FN:299,(anonymous_34)
FN:303,(anonymous_35)
FN:305,(anonymous_36)
FN:327,(anonymous_37)
FN:344,(anonymous_38)
FN:347,(anonymous_39)
FN:354,(anonymous_40)
FN:368,(anonymous_41)
FN:377,(anonymous_42)
FN:386,(anonymous_43)
FN:402,(anonymous_44)
FN:426,(anonymous_45)
FN:434,(anonymous_46)
FN:438,(anonymous_47)
FN:477,(anonymous_48)
FN:477,(anonymous_49)
FN:504,(anonymous_50)
FN:509,(anonymous_51)
FN:515,(anonymous_52)
FN:531,(anonymous_53)
FN:538,(anonymous_54)
FN:576,(anonymous_55)
FN:582,(anonymous_56)
FN:595,(anonymous_57)
FNF:58
FNH:0
FNDA:0,HomeScreen
FNDA:0,(anonymous_1)
FNDA:0,(anonymous_2)
FNDA:0,(anonymous_3)
FNDA:0,(anonymous_4)
FNDA:0,(anonymous_5)
FNDA:0,(anonymous_6)
FNDA:0,(anonymous_7)
FNDA:0,(anonymous_8)
FNDA:0,(anonymous_9)
FNDA:0,(anonymous_10)
FNDA:0,(anonymous_11)
FNDA:0,(anonymous_12)
FNDA:0,(anonymous_13)
FNDA:0,(anonymous_14)
FNDA:0,(anonymous_15)
FNDA:0,(anonymous_16)
FNDA:0,(anonymous_17)
FNDA:0,(anonymous_18)
FNDA:0,(anonymous_19)
FNDA:0,(anonymous_20)
FNDA:0,(anonymous_21)
FNDA:0,(anonymous_22)
FNDA:0,(anonymous_23)
FNDA:0,(anonymous_24)
FNDA:0,(anonymous_25)
FNDA:0,(anonymous_26)
FNDA:0,(anonymous_27)
FNDA:0,(anonymous_28)
FNDA:0,(anonymous_29)
FNDA:0,(anonymous_30)
FNDA:0,(anonymous_31)
FNDA:0,(anonymous_32)
FNDA:0,(anonymous_33)
FNDA:0,(anonymous_34)
FNDA:0,(anonymous_35)
FNDA:0,(anonymous_36)
FNDA:0,(anonymous_37)
FNDA:0,(anonymous_38)
FNDA:0,(anonymous_39)
FNDA:0,(anonymous_40)
FNDA:0,(anonymous_41)
FNDA:0,(anonymous_42)
FNDA:0,(anonymous_43)
FNDA:0,(anonymous_44)
FNDA:0,(anonymous_45)
FNDA:0,(anonymous_46)
FNDA:0,(anonymous_47)
FNDA:0,(anonymous_48)
FNDA:0,(anonymous_49)
FNDA:0,(anonymous_50)
FNDA:0,(anonymous_51)
FNDA:0,(anonymous_52)
FNDA:0,(anonymous_53)
FNDA:0,(anonymous_54)
FNDA:0,(anonymous_55)
FNDA:0,(anonymous_56)
FNDA:0,(anonymous_57)
DA:32,0
DA:33,0
DA:36,0
DA:37,0
DA:38,0
DA:39,0
DA:42,0
DA:59,0
DA:60,0
DA:61,0
DA:62,0
DA:63,0
DA:64,0
DA:65,0
DA:66,0
DA:74,0
DA:75,0
DA:76,0
DA:77,0
DA:78,0
DA:81,0
DA:82,0
DA:83,0
DA:87,0
DA:91,0
DA:92,0
DA:93,0
DA:94,0
DA:95,0
DA:96,0
DA:97,0
DA:100,0
DA:101,0
DA:102,0
DA:106,0
DA:107,0
DA:108,0
DA:109,0
DA:112,0
DA:113,0
DA:114,0
DA:115,0
DA:117,0
DA:122,0
DA:124,0
DA:128,0
DA:129,0
DA:130,0
DA:131,0
DA:132,0
DA:134,0
DA:136,0
DA:141,0
DA:142,0
DA:144,0
DA:145,0
DA:146,0
DA:147,0
DA:148,0
DA:151,0
DA:154,0
DA:156,0
DA:157,0
DA:162,0
DA:163,0
DA:164,0
DA:165,0
DA:169,0
DA:170,0
DA:171,0
DA:172,0
DA:173,0
DA:175,0
DA:176,0
DA:179,0
DA:182,0
DA:183,0
DA:187,0
DA:188,0
DA:190,0
DA:191,0
DA:199,0
DA:200,0
DA:203,0
DA:204,0
DA:210,0
DA:211,0
DA:217,0
DA:218,0
DA:219,0
DA:220,0
DA:221,0
DA:225,0
DA:226,0
DA:228,0
DA:258,0
DA:265,0
DA:275,0
DA:276,0
DA:278,0
DA:281,0
DA:282,0
DA:283,0
DA:297,0
DA:298,0
DA:299,0
DA:303,0
DA:306,0
DA:327,0
DA:328,0
DA:329,0
DA:339,0
DA:340,0
DA:343,0
DA:344,0
DA:347,0
DA:354,0
DA:368,0
DA:369,0
DA:370,0
DA:371,0
DA:372,0
DA:373,0
DA:377,0
DA:378,0
DA:379,0
DA:380,0
DA:381,0
DA:382,0
DA:386,0
DA:387,0
DA:402,0
DA:403,0
DA:404,0
DA:416,0
DA:418,0
DA:426,0
DA:434,0
DA:435,0
DA:438,0
DA:477,0
DA:479,0
DA:480,0
DA:488,0
DA:504,0
DA:509,0
DA:515,0
DA:531,0
DA:538,0
DA:576,0
DA:582,0
DA:595,0
DA:617,0
LF:153
LH:0
BRDA:33,0,0,0
BRDA:33,0,1,0
BRDA:82,1,0,0
BRDA:82,1,1,0
BRDA:92,2,0,0
BRDA:92,2,1,0
BRDA:92,3,0,0
BRDA:92,3,1,0
BRDA:95,4,0,0
BRDA:95,4,1,0
BRDA:142,5,0,0
BRDA:142,5,1,0
BRDA:164,6,0,0
BRDA:164,6,1,0
BRDA:164,7,0,0
BRDA:164,7,1,0
BRDA:164,7,2,0
BRDA:172,8,0,0
BRDA:172,8,1,0
BRDA:182,9,0,0
BRDA:182,9,1,0
BRDA:219,10,0,0
BRDA:219,10,1,0
BRDA:219,11,0,0
BRDA:219,11,1,0
BRDA:219,11,2,0
BRDA:232,12,0,0
BRDA:232,12,1,0
BRDA:247,13,0,0
BRDA:247,13,1,0
BRDA:248,14,0,0
BRDA:248,14,1,0
BRDA:289,15,0,0
BRDA:289,15,1,0
BRDA:301,16,0,0
BRDA:301,16,1,0
BRDA:301,16,2,0
BRDA:308,17,0,0
BRDA:308,17,1,0
BRDA:312,18,0,0
BRDA:312,18,1,0
BRDA:312,18,2,0
BRDA:328,19,0,0
BRDA:328,19,1,0
BRDA:339,20,0,0
BRDA:339,20,1,0
BRDA:339,21,0,0
BRDA:339,21,1,0
BRDA:369,22,0,0
BRDA:369,22,1,0
BRDA:369,22,2,0
BRDA:369,22,3,0
BRDA:378,23,0,0
BRDA:378,23,1,0
BRDA:378,23,2,0
BRDA:378,23,3,0
BRDA:395,24,0,0
BRDA:395,24,1,0
BRDA:403,25,0,0
BRDA:403,25,1,0
BRDA:416,26,0,0
BRDA:416,26,1,0
BRDA:445,27,0,0
BRDA:445,27,1,0
BRDA:445,28,0,0
BRDA:445,28,1,0
BRDA:470,29,0,0
BRDA:470,29,1,0
BRDA:479,30,0,0
BRDA:479,30,1,0
BRDA:503,31,0,0
BRDA:503,31,1,0
BRDA:530,32,0,0
BRDA:530,32,1,0
BRDA:585,33,0,0
BRDA:585,33,1,0
BRDA:588,34,0,0
BRDA:588,34,1,0
BRDA:597,35,0,0
BRDA:597,35,1,0
BRDA:599,36,0,0
BRDA:599,36,1,0
BRDA:640,37,0,0
BRDA:640,37,1,0
BRDA:641,38,0,0
BRDA:641,38,1,0
BRDA:644,39,0,0
BRDA:644,39,1,0
BRDA:645,40,0,0
BRDA:645,40,1,0
BRDA:736,41,0,0
BRDA:736,41,1,0
BRDA:737,42,0,0
BRDA:737,42,1,0
BRDA:738,43,0,0
BRDA:738,43,1,0
BRDA:757,44,0,0
BRDA:757,44,1,0
BRDA:761,45,0,0
BRDA:761,45,1,0
BRDA:799,46,0,0
BRDA:799,46,1,0
BRDA:800,47,0,0
BRDA:800,47,1,0
BRDA:806,48,0,0
BRDA:806,48,1,0
BRDA:813,49,0,0
BRDA:813,49,1,0
BRDA:814,50,0,0
BRDA:814,50,1,0
BRDA:820,51,0,0
BRDA:820,51,1,0
BRDA:844,52,0,0
BRDA:844,52,1,0
BRDA:870,53,0,0
BRDA:870,53,1,0
BRDA:876,54,0,0
BRDA:876,54,1,0
BRDA:877,55,0,0
BRDA:877,55,1,0
BRDA:880,56,0,0
BRDA:880,56,1,0
BRDA:895,57,0,0
BRDA:895,57,1,0
BRDA:909,58,0,0
BRDA:909,58,1,0
BRDA:910,59,0,0
BRDA:910,59,1,0
BRDA:945,60,0,0
BRDA:945,60,1,0
BRDA:958,61,0,0
BRDA:958,61,1,0
BRDA:1012,62,0,0
BRDA:1012,62,1,0
BRDA:1016,63,0,0
BRDA:1016,63,1,0
BRDA:1067,64,0,0
BRDA:1067,64,1,0
BRDA:1080,65,0,0
BRDA:1080,65,1,0
BRF:140
BRH:0
end_of_record
TN:
SF:app\(tabs)\notifications.tsx
FN:33,NotificationsScreen
FN:41,(anonymous_1)
FN:49,(anonymous_2)
FN:54,(anonymous_3)
FN:57,(anonymous_4)
FN:65,(anonymous_5)
FN:68,(anonymous_6)
FN:69,(anonymous_7)
FN:82,(anonymous_8)
FN:86,(anonymous_9)
FN:88,(anonymous_10)
FN:94,(anonymous_11)
FN:120,(anonymous_12)
FN:134,(anonymous_13)
FN:148,(anonymous_14)
FN:161,(anonymous_15)
FN:196,(anonymous_16)
FN:198,(anonymous_17)
FNF:18
FNH:0
FNDA:0,NotificationsScreen
FNDA:0,(anonymous_1)
FNDA:0,(anonymous_2)
FNDA:0,(anonymous_3)
FNDA:0,(anonymous_4)
FNDA:0,(anonymous_5)
FNDA:0,(anonymous_6)
FNDA:0,(anonymous_7)
FNDA:0,(anonymous_8)
FNDA:0,(anonymous_9)
FNDA:0,(anonymous_10)
FNDA:0,(anonymous_11)
FNDA:0,(anonymous_12)
FNDA:0,(anonymous_13)
FNDA:0,(anonymous_14)
FNDA:0,(anonymous_15)
FNDA:0,(anonymous_16)
FNDA:0,(anonymous_17)
DA:25,0
DA:34,0
DA:35,0
DA:37,0
DA:38,0
DA:39,0
DA:41,0
DA:42,0
DA:43,0
DA:44,0
DA:47,0
DA:50,0
DA:51,0
DA:54,0
DA:57,0
DA:58,0
DA:59,0
DA:60,0
DA:61,0
DA:64,0
DA:66,0
DA:68,0
DA:69,0
DA:71,0
DA:73,0
DA:74,0
DA:75,0
DA:76,0
DA:82,0
DA:83,0
DA:86,0
DA:88,0
DA:89,0
DA:91,0
DA:94,0
DA:120,0
DA:130,0
DA:131,0
DA:134,0
DA:148,0
DA:157,0
DA:161,0
DA:196,0
DA:198,0
DA:208,0
LF:45
LH:0
BRDA:42,0,0,0
BRDA:42,0,1,0
BRDA:58,1,0,0
BRDA:58,1,1,0
BRDA:58,2,0,0
BRDA:58,2,1,0
BRDA:66,3,0,0
BRDA:66,3,1,0
BRDA:69,4,0,0
BRDA:69,4,1,0
BRDA:73,5,0,0
BRDA:73,5,1,0
BRDA:75,6,0,0
BRDA:75,6,1,0
BRDA:89,7,0,0
BRDA:89,7,1,0
BRDA:93,8,0,0
BRDA:93,8,1,0
BRDA:99,9,0,0
BRDA:99,9,1,0
BRDA:117,10,0,0
BRDA:117,10,1,0
BRDA:130,11,0,0
BRDA:130,11,1,0
BRDA:168,12,0,0
BRDA:168,12,1,0
BRDA:170,13,0,0
BRDA:170,13,1,0
BRDA:173,14,0,0
BRDA:173,14,1,0
BRDA:180,15,0,0
BRDA:180,15,1,0
BRDA:184,16,0,0
BRDA:184,16,1,0
BRF:34
BRH:0
end_of_record
TN:
SF:app\(tabs)\profile.tsx
FN:43,ProfileScreen
FN:112,(anonymous_1)
FN:115,(anonymous_2)
FN:128,(anonymous_3)
FN:133,(anonymous_4)
FN:138,(anonymous_5)
FN:145,(anonymous_6)
FN:152,(anonymous_7)
FN:165,(anonymous_8)
FN:176,(anonymous_9)
FN:187,(anonymous_10)
FN:190,(anonymous_11)
FN:195,(anonymous_12)
FN:210,(anonymous_13)
FN:220,(anonymous_14)
FN:223,(anonymous_15)
FN:231,(anonymous_16)
FN:250,(anonymous_17)
FN:290,(anonymous_18)
FN:314,(anonymous_19)
FN:342,(anonymous_20)
FN:353,(anonymous_21)
FN:360,(anonymous_22)
FN:364,(anonymous_23)
FN:364,(anonymous_24)
FN:370,(anonymous_25)
FN:374,(anonymous_26)
FN:374,(anonymous_27)
FN:383,(anonymous_28)
FN:387,(anonymous_29)
FN:387,(anonymous_30)
FN:396,(anonymous_31)
FN:399,(anonymous_32)
FN:404,(anonymous_33)
FN:415,(anonymous_34)
FN:453,(anonymous_35)
FN:456,(anonymous_36)
FN:462,(anonymous_37)
FN:505,(anonymous_38)
FN:508,(anonymous_39)
FN:514,(anonymous_40)
FN:536,(anonymous_41)
FN:539,(anonymous_42)
FN:545,(anonymous_43)
FN:554,(anonymous_44)
FN:562,(anonymous_45)
FN:571,(anonymous_46)
FN:577,(anonymous_47)
FN:583,(anonymous_48)
FN:596,(anonymous_49)
FN:604,(anonymous_50)
FN:613,(anonymous_51)
FN:624,(anonymous_52)
FN:648,(anonymous_53)
FN:651,(anonymous_54)
FN:657,(anonymous_55)
FN:687,(anonymous_56)
FN:693,(anonymous_57)
FN:697,(anonymous_58)
FN:706,(anonymous_59)
FN:717,(anonymous_60)
FN:732,(anonymous_61)
FN:744,(anonymous_62)
FN:751,(anonymous_63)
FN:774,(anonymous_64)
FN:780,(anonymous_65)
FN:893,(anonymous_66)
FN:894,(anonymous_67)
FN:899,(anonymous_68)
FN:951,(anonymous_69)
FN:952,(anonymous_70)
FN:957,(anonymous_71)
FN:998,(anonymous_72)
FN:1010,(anonymous_73)
FN:1011,(anonymous_74)
FN:1019,(anonymous_75)
FN:1067,(anonymous_76)
FN:1086,(anonymous_77)
FN:1138,(anonymous_78)
FN:1139,(anonymous_79)
FN:1144,(anonymous_80)
FN:1175,(anonymous_81)
FN:1206,(anonymous_82)
FN:1211,(anonymous_83)
FN:1236,(anonymous_84)
FN:1241,(anonymous_85)
FN:1298,(anonymous_86)
FN:1308,(anonymous_87)
FN:1335,(anonymous_88)
FN:1352,(anonymous_89)
FN:1360,(anonymous_90)
FN:1378,(anonymous_91)
FN:1385,(anonymous_92)
FN:1431,(anonymous_93)
FN:1446,(anonymous_94)
FN:1463,(anonymous_95)
FN:1481,(anonymous_96)
FN:1518,(anonymous_97)
FN:1592,(anonymous_98)
FN:1601,(anonymous_99)
FN:1617,(anonymous_100)
FN:1626,(anonymous_101)
FN:1642,(anonymous_102)
FN:1680,(anonymous_103)
FN:1685,(anonymous_104)
FN:1735,(anonymous_105)
FN:1745,(anonymous_106)
FN:1812,(anonymous_107)
FN:1823,(anonymous_108)
FN:1850,(anonymous_109)
FN:1854,(anonymous_110)
FN:1858,(anonymous_111)
FNF:112
FNH:0
FNDA:0,ProfileScreen
FNDA:0,(anonymous_1)
FNDA:0,(anonymous_2)
FNDA:0,(anonymous_3)
FNDA:0,(anonymous_4)
FNDA:0,(anonymous_5)
FNDA:0,(anonymous_6)
FNDA:0,(anonymous_7)
FNDA:0,(anonymous_8)
FNDA:0,(anonymous_9)
FNDA:0,(anonymous_10)
FNDA:0,(anonymous_11)
FNDA:0,(anonymous_12)
FNDA:0,(anonymous_13)
FNDA:0,(anonymous_14)
FNDA:0,(anonymous_15)
FNDA:0,(anonymous_16)
FNDA:0,(anonymous_17)
FNDA:0,(anonymous_18)
FNDA:0,(anonymous_19)
FNDA:0,(anonymous_20)
FNDA:0,(anonymous_21)
FNDA:0,(anonymous_22)
FNDA:0,(anonymous_23)
FNDA:0,(anonymous_24)
FNDA:0,(anonymous_25)
FNDA:0,(anonymous_26)
FNDA:0,(anonymous_27)
FNDA:0,(anonymous_28)
FNDA:0,(anonymous_29)
FNDA:0,(anonymous_30)
FNDA:0,(anonymous_31)
FNDA:0,(anonymous_32)
FNDA:0,(anonymous_33)
FNDA:0,(anonymous_34)
FNDA:0,(anonymous_35)
FNDA:0,(anonymous_36)
FNDA:0,(anonymous_37)
FNDA:0,(anonymous_38)
FNDA:0,(anonymous_39)
FNDA:0,(anonymous_40)
FNDA:0,(anonymous_41)
FNDA:0,(anonymous_42)
FNDA:0,(anonymous_43)
FNDA:0,(anonymous_44)
FNDA:0,(anonymous_45)
FNDA:0,(anonymous_46)
FNDA:0,(anonymous_47)
FNDA:0,(anonymous_48)
FNDA:0,(anonymous_49)
FNDA:0,(anonymous_50)
FNDA:0,(anonymous_51)
FNDA:0,(anonymous_52)
FNDA:0,(anonymous_53)
FNDA:0,(anonymous_54)
FNDA:0,(anonymous_55)
FNDA:0,(anonymous_56)
FNDA:0,(anonymous_57)
FNDA:0,(anonymous_58)
FNDA:0,(anonymous_59)
FNDA:0,(anonymous_60)
FNDA:0,(anonymous_61)
FNDA:0,(anonymous_62)
FNDA:0,(anonymous_63)
FNDA:0,(anonymous_64)
FNDA:0,(anonymous_65)
FNDA:0,(anonymous_66)
FNDA:0,(anonymous_67)
FNDA:0,(anonymous_68)
FNDA:0,(anonymous_69)
FNDA:0,(anonymous_70)
FNDA:0,(anonymous_71)
FNDA:0,(anonymous_72)
FNDA:0,(anonymous_73)
FNDA:0,(anonymous_74)
FNDA:0,(anonymous_75)
FNDA:0,(anonymous_76)
FNDA:0,(anonymous_77)
FNDA:0,(anonymous_78)
FNDA:0,(anonymous_79)
FNDA:0,(anonymous_80)
FNDA:0,(anonymous_81)
FNDA:0,(anonymous_82)
FNDA:0,(anonymous_83)
FNDA:0,(anonymous_84)
FNDA:0,(anonymous_85)
FNDA:0,(anonymous_86)
FNDA:0,(anonymous_87)
FNDA:0,(anonymous_88)
FNDA:0,(anonymous_89)
FNDA:0,(anonymous_90)
FNDA:0,(anonymous_91)
FNDA:0,(anonymous_92)
FNDA:0,(anonymous_93)
FNDA:0,(anonymous_94)
FNDA:0,(anonymous_95)
FNDA:0,(anonymous_96)
FNDA:0,(anonymous_97)
FNDA:0,(anonymous_98)
FNDA:0,(anonymous_99)
FNDA:0,(anonymous_100)
FNDA:0,(anonymous_101)
FNDA:0,(anonymous_102)
FNDA:0,(anonymous_103)
FNDA:0,(anonymous_104)
FNDA:0,(anonymous_105)
FNDA:0,(anonymous_106)
FNDA:0,(anonymous_107)
FNDA:0,(anonymous_108)
FNDA:0,(anonymous_109)
FNDA:0,(anonymous_110)
FNDA:0,(anonymous_111)
DA:35,0
DA:44,0
DA:62,0
DA:64,0
DA:65,0
DA:66,0
DA:67,0
DA:68,0
DA:69,0
DA:70,0
DA:73,0
DA:74,0
DA:75,0
DA:76,0
DA:79,0
DA:80,0
DA:81,0
DA:84,0
DA:85,0
DA:86,0
DA:89,0
DA:90,0
DA:91,0
DA:92,0
DA:93,0
DA:94,0
DA:95,0
DA:97,0
DA:98,0
DA:99,0
DA:100,0
DA:101,0
DA:102,0
DA:103,0
DA:104,0
DA:105,0
DA:106,0
DA:109,0
DA:110,0
DA:112,0
DA:113,0
DA:114,0
DA:115,0
DA:116,0
DA:119,0
DA:120,0
DA:122,0
DA:123,0
DA:124,0
DA:125,0
DA:126,0
DA:127,0
DA:128,0
DA:129,0
DA:132,0
DA:133,0
DA:136,0
DA:137,0
DA:138,0
DA:140,0
DA:145,0
DA:146,0
DA:147,0
DA:148,0
DA:152,0
DA:153,0
DA:154,0
DA:155,0
DA:156,0
DA:157,0
DA:159,0
DA:161,0
DA:165,0
DA:166,0
DA:167,0
DA:168,0
DA:169,0
DA:170,0
DA:172,0
DA:176,0
DA:177,0
DA:179,0
DA:180,0
DA:181,0
DA:182,0
DA:183,0
DA:184,0
DA:185,0
DA:186,0
DA:187,0
DA:189,0
DA:190,0
DA:193,0
DA:194,0
DA:195,0
DA:197,0
DA:200,0
DA:201,0
DA:202,0
DA:204,0
DA:210,0
DA:211,0
DA:212,0
DA:213,0
DA:214,0
DA:215,0
DA:216,0
DA:218,0
DA:219,0
DA:221,0
DA:224,0
DA:231,0
DA:232,0
DA:233,0
DA:234,0
DA:236,0
DA:237,0
DA:238,0
DA:239,0
DA:240,0
DA:241,0
DA:242,0
DA:244,0
DA:246,0
DA:250,0
DA:251,0
DA:252,0
DA:253,0
DA:255,0
DA:256,0
DA:257,0
DA:258,0
DA:260,0
DA:261,0
DA:262,0
DA:263,0
DA:265,0
DA:266,0
DA:267,0
DA:270,0
DA:276,0
DA:277,0
DA:279,0
DA:281,0
DA:282,0
DA:284,0
DA:286,0
DA:290,0
DA:291,0
DA:292,0
DA:293,0
DA:295,0
DA:296,0
DA:297,0
DA:298,0
DA:299,0
DA:300,0
DA:302,0
DA:303,0
DA:304,0
DA:305,0
DA:307,0
DA:310,0
DA:314,0
DA:315,0
DA:316,0
DA:317,0
DA:318,0
DA:320,0
DA:321,0
DA:322,0
DA:324,0
DA:325,0
DA:326,0
DA:329,0
DA:334,0
DA:336,0
DA:338,0
DA:342,0
DA:343,0
DA:344,0
DA:345,0
DA:346,0
DA:347,0
DA:349,0
DA:353,0
DA:354,0
DA:360,0
DA:361,0
DA:362,0
DA:363,0
DA:364,0
DA:366,0
DA:370,0
DA:371,0
DA:372,0
DA:373,0
DA:374,0
DA:375,0
DA:377,0
DA:379,0
DA:383,0
DA:384,0
DA:385,0
DA:386,0
DA:387,0
DA:388,0
DA:391,0
DA:396,0
DA:399,0
DA:400,0
DA:401,0
DA:404,0
DA:405,0
DA:407,0
DA:408,0
DA:409,0
DA:410,0
DA:411,0
DA:415,0
DA:416,0
DA:417,0
DA:418,0
DA:420,0
DA:421,0
DA:422,0
DA:424,0
DA:425,0
DA:426,0
DA:429,0
DA:430,0
DA:431,0
DA:433,0
DA:434,0
DA:435,0
DA:436,0
DA:437,0
DA:438,0
DA:441,0
DA:446,0
DA:448,0
DA:449,0
DA:450,0
DA:451,0
DA:452,0
DA:453,0
DA:455,0
DA:456,0
DA:458,0
DA:462,0
DA:463,0
DA:464,0
DA:465,0
DA:467,0
DA:468,0
DA:469,0
DA:471,0
DA:472,0
DA:473,0
DA:475,0
DA:476,0
DA:477,0
DA:480,0
DA:481,0
DA:482,0
DA:484,0
DA:485,0
DA:486,0
DA:487,0
DA:488,0
DA:489,0
DA:492,0
DA:497,0
DA:499,0
DA:500,0
DA:501,0
DA:502,0
DA:503,0
DA:504,0
DA:505,0
DA:507,0
DA:508,0
DA:510,0
DA:514,0
DA:515,0
DA:516,0
DA:517,0
DA:519,0
DA:520,0
DA:521,0
DA:523,0
DA:524,0
DA:525,0
DA:528,0
DA:529,0
DA:530,0
DA:531,0
DA:532,0
DA:533,0
DA:534,0
DA:535,0
DA:536,0
DA:538,0
DA:539,0
DA:541,0
DA:545,0
DA:546,0
DA:547,0
DA:549,0
DA:552,0
DA:553,0
DA:554,0
DA:555,0
DA:559,0
DA:560,0
DA:561,0
DA:562,0
DA:563,0
DA:566,0
DA:567,0
DA:568,0
DA:571,0
DA:572,0
DA:573,0
DA:574,0
DA:577,0
DA:578,0
DA:579,0
DA:580,0
DA:583,0
DA:584,0
DA:585,0
DA:586,0
DA:588,0
DA:589,0
DA:591,0
DA:594,0
DA:595,0
DA:596,0
DA:597,0
DA:601,0
DA:602,0
DA:603,0
DA:604,0
DA:605,0
DA:608,0
DA:609,0
DA:610,0
DA:613,0
DA:614,0
DA:615,0
DA:617,0
DA:618,0
DA:619,0
DA:620,0
DA:624,0
DA:625,0
DA:626,0
DA:627,0
DA:630,0
DA:631,0
DA:632,0
DA:633,0
DA:636,0
DA:637,0
DA:640,0
DA:644,0
DA:645,0
DA:646,0
DA:647,0
DA:648,0
DA:650,0
DA:651,0
DA:653,0
DA:657,0
DA:658,0
DA:659,0
DA:660,0
DA:663,0
DA:664,0
DA:665,0
DA:667,0
DA:668,0
DA:669,0
DA:670,0
DA:671,0
DA:672,0
DA:675,0
DA:680,0
DA:682,0
DA:683,0
DA:686,0
DA:687,0
DA:689,0
DA:693,0
DA:694,0
DA:697,0
DA:707,0
DA:708,0
DA:718,0
DA:719,0
DA:733,0
DA:734,0
DA:745,0
DA:751,0
DA:774,0
DA:775,0
DA:780,0
DA:893,0
DA:894,0
DA:899,0
DA:951,0
DA:952,0
DA:957,0
DA:998,0
DA:1010,0
DA:1011,0
DA:1012,0
DA:1013,0
DA:1020,0
DA:1021,0
DA:1067,0
DA:1086,0
DA:1138,0
DA:1139,0
DA:1144,0
DA:1175,0
DA:1188,0
DA:1189,0
DA:1199,0
DA:1200,0
DA:1206,0
DA:1211,0
DA:1236,0
DA:1241,0
DA:1298,0
DA:1309,0
DA:1310,0
DA:1311,0
DA:1312,0
DA:1313,0
DA:1336,0
DA:1337,0
DA:1338,0
DA:1339,0
DA:1340,0
DA:1352,0
DA:1360,0
DA:1379,0
DA:1385,0
DA:1431,0
DA:1447,0
DA:1448,0
DA:1449,0
DA:1464,0
DA:1465,0
DA:1466,0
DA:1467,0
DA:1482,0
DA:1483,0
DA:1484,0
DA:1485,0
DA:1519,0
DA:1520,0
DA:1521,0
DA:1522,0
DA:1524,0
DA:1592,0
DA:1601,0
DA:1617,0
DA:1626,0
DA:1643,0
DA:1644,0
DA:1675,0
DA:1680,0
DA:1685,0
DA:1735,0
DA:1745,0
DA:1812,0
DA:1823,0
DA:1850,0
DA:1854,0
DA:1858,0
DA:1877,0
LF:484
LH:0
BRDA:113,0,0,0
BRDA:113,0,1,0
BRDA:124,1,0,0
BRDA:124,1,1,0
BRDA:146,2,0,0
BRDA:146,2,1,0
BRDA:153,3,0,0
BRDA:153,3,1,0
BRDA:166,4,0,0
BRDA:166,4,1,0
BRDA:177,5,0,0
BRDA:177,5,1,0
BRDA:179,6,0,0
BRDA:179,6,1,0
BRDA:183,7,0,0
BRDA:183,7,1,0
BRDA:211,8,0,0
BRDA:211,8,1,0
BRDA:211,9,0,0
BRDA:211,9,1,0
BRDA:213,10,0,0
BRDA:213,10,1,0
BRDA:215,11,0,0
BRDA:215,11,1,0
BRDA:218,12,0,0
BRDA:218,12,1,0
BRDA:224,13,0,0
BRDA:224,13,1,0
BRDA:232,14,0,0
BRDA:232,14,1,0
BRDA:244,15,0,0
BRDA:244,15,1,0
BRDA:251,16,0,0
BRDA:251,16,1,0
BRDA:251,17,0,0
BRDA:251,17,1,0
BRDA:260,18,0,0
BRDA:260,18,1,0
BRDA:260,19,0,0
BRDA:260,19,1,0
BRDA:262,20,0,0
BRDA:262,20,1,0
BRDA:266,21,0,0
BRDA:266,21,1,0
BRDA:276,22,0,0
BRDA:276,22,1,0
BRDA:284,23,0,0
BRDA:284,23,1,0
BRDA:291,24,0,0
BRDA:291,24,1,0
BRDA:302,25,0,0
BRDA:302,25,1,0
BRDA:304,26,0,0
BRDA:304,26,1,0
BRDA:307,27,0,0
BRDA:307,27,1,0
BRDA:320,28,0,0
BRDA:320,28,1,0
BRDA:320,29,0,0
BRDA:320,29,1,0
BRDA:325,30,0,0
BRDA:325,30,1,0
BRDA:336,31,0,0
BRDA:336,31,1,0
BRDA:349,32,0,0
BRDA:349,32,1,0
BRDA:361,33,0,0
BRDA:361,33,1,0
BRDA:371,34,0,0
BRDA:371,34,1,0
BRDA:375,35,0,0
BRDA:375,35,1,0
BRDA:384,36,0,0
BRDA:384,36,1,0
BRDA:388,37,0,0
BRDA:388,37,1,0
BRDA:400,38,0,0
BRDA:400,38,1,0
BRDA:405,39,0,0
BRDA:405,39,1,0
BRDA:408,40,0,0
BRDA:408,40,1,0
BRDA:416,41,0,0
BRDA:416,41,1,0
BRDA:416,42,0,0
BRDA:416,42,1,0
BRDA:420,43,0,0
BRDA:420,43,1,0
BRDA:424,44,0,0
BRDA:424,44,1,0
BRDA:433,45,0,0
BRDA:433,45,1,0
BRDA:433,46,0,0
BRDA:433,46,1,0
BRDA:437,47,0,0
BRDA:437,47,1,0
BRDA:446,48,0,0
BRDA:446,48,1,0
BRDA:455,49,0,0
BRDA:455,49,1,0
BRDA:463,50,0,0
BRDA:463,50,1,0
BRDA:463,51,0,0
BRDA:463,51,1,0
BRDA:467,52,0,0
BRDA:467,52,1,0
BRDA:471,53,0,0
BRDA:471,53,1,0
BRDA:475,54,0,0
BRDA:475,54,1,0
BRDA:484,55,0,0
BRDA:484,55,1,0
BRDA:484,56,0,0
BRDA:484,56,1,0
BRDA:488,57,0,0
BRDA:488,57,1,0
BRDA:497,58,0,0
BRDA:497,58,1,0
BRDA:507,59,0,0
BRDA:507,59,1,0
BRDA:515,60,0,0
BRDA:515,60,1,0
BRDA:515,61,0,0
BRDA:515,61,1,0
BRDA:519,62,0,0
BRDA:519,62,1,0
BRDA:523,63,0,0
BRDA:523,63,1,0
BRDA:538,64,0,0
BRDA:538,64,1,0
BRDA:547,65,0,0
BRDA:547,65,1,0
BRDA:547,66,0,0
BRDA:547,66,1,0
BRDA:552,67,0,0
BRDA:552,67,1,0
BRDA:560,68,0,0
BRDA:560,68,1,0
BRDA:589,69,0,0
BRDA:589,69,1,0
BRDA:589,70,0,0
BRDA:589,70,1,0
BRDA:594,71,0,0
BRDA:594,71,1,0
BRDA:602,72,0,0
BRDA:602,72,1,0
BRDA:614,73,0,0
BRDA:614,73,1,0
BRDA:619,74,0,0
BRDA:619,74,1,0
BRDA:625,75,0,0
BRDA:625,75,1,0
BRDA:625,76,0,0
BRDA:625,76,1,0
BRDA:636,77,0,0
BRDA:636,77,1,0
BRDA:636,78,0,0
BRDA:636,78,1,0
BRDA:641,79,0,0
BRDA:641,79,1,0
BRDA:650,80,0,0
BRDA:650,80,1,0
BRDA:658,81,0,0
BRDA:658,81,1,0
BRDA:667,82,0,0
BRDA:667,82,1,0
BRDA:667,83,0,0
BRDA:667,83,1,0
BRDA:671,84,0,0
BRDA:671,84,1,0
BRDA:680,85,0,0
BRDA:680,85,1,0
BRDA:686,86,0,0
BRDA:686,86,1,0
BRDA:699,87,0,0
BRDA:699,87,1,0
BRDA:702,88,0,0
BRDA:702,88,1,0
BRDA:708,89,0,0
BRDA:708,89,1,0
BRDA:723,90,0,0
BRDA:723,90,1,0
BRDA:725,91,0,0
BRDA:725,91,1,0
BRDA:742,92,0,0
BRDA:742,92,1,0
BRDA:749,93,0,0
BRDA:749,93,1,0
BRDA:756,94,0,0
BRDA:756,94,1,0
BRDA:761,95,0,0
BRDA:761,95,1,0
BRDA:931,96,0,0
BRDA:931,96,1,0
BRDA:932,97,0,0
BRDA:932,97,1,0
BRDA:934,98,0,0
BRDA:934,98,1,0
BRDA:938,99,0,0
BRDA:938,99,1,0
BRDA:983,100,0,0
BRDA:983,100,1,0
BRDA:984,101,0,0
BRDA:984,101,1,0
BRDA:986,102,0,0
BRDA:986,102,1,0
BRDA:990,103,0,0
BRDA:990,103,1,0
BRDA:1039,104,0,0
BRDA:1039,104,1,0
BRDA:1043,105,0,0
BRDA:1043,105,1,0
BRDA:1044,106,0,0
BRDA:1044,106,1,0
BRDA:1052,107,0,0
BRDA:1052,107,1,0
BRDA:1076,108,0,0
BRDA:1076,108,1,0
BRDA:1078,109,0,0
BRDA:1078,109,1,0
BRDA:1080,110,0,0
BRDA:1080,110,1,0
BRDA:1081,111,0,0
BRDA:1081,111,1,0
BRDA:1094,112,0,0
BRDA:1094,112,1,0
BRDA:1107,113,0,0
BRDA:1107,113,1,0
BRDA:1107,113,2,0
BRDA:1118,114,0,0
BRDA:1118,114,1,0
BRDA:1119,115,0,0
BRDA:1119,115,1,0
BRDA:1121,116,0,0
BRDA:1121,116,1,0
BRDA:1125,117,0,0
BRDA:1125,117,1,0
BRDA:1161,118,0,0
BRDA:1161,118,1,0
BRDA:1163,119,0,0
BRDA:1163,119,1,0
BRDA:1165,120,0,0
BRDA:1165,120,1,0
BRDA:1167,121,0,0
BRDA:1167,121,1,0
BRDA:1188,122,0,0
BRDA:1188,122,1,0
BRDA:1199,123,0,0
BRDA:1199,123,1,0
BRDA:1247,124,0,0
BRDA:1247,124,1,0
BRDA:1269,125,0,0
BRDA:1269,125,1,0
BRDA:1270,126,0,0
BRDA:1270,126,1,0
BRDA:1272,127,0,0
BRDA:1272,127,1,0
BRDA:1276,128,0,0
BRDA:1276,128,1,0
BRDA:1309,129,0,0
BRDA:1309,129,1,0
BRDA:1317,130,0,0
BRDA:1317,130,1,0
BRDA:1329,131,0,0
BRDA:1329,131,1,0
BRDA:1336,132,0,0
BRDA:1336,132,1,0
BRDA:1351,133,0,0
BRDA:1351,133,1,0
BRDA:1354,134,0,0
BRDA:1354,134,1,0
BRDA:1359,135,0,0
BRDA:1359,135,1,0
BRDA:1362,136,0,0
BRDA:1362,136,1,0
BRDA:1369,137,0,0
BRDA:1369,137,1,0
BRDA:1383,138,0,0
BRDA:1383,138,1,0
BRDA:1390,139,0,0
BRDA:1390,139,1,0
BRDA:1395,140,0,0
BRDA:1395,140,1,0
BRDA:1400,141,0,0
BRDA:1400,141,1,0
BRDA:1403,142,0,0
BRDA:1403,142,1,0
BRDA:1407,143,0,0
BRDA:1407,143,1,0
BRDA:1417,144,0,0
BRDA:1417,144,1,0
BRDA:1419,145,0,0
BRDA:1419,145,1,0
BRDA:1439,146,0,0
BRDA:1439,146,1,0
BRDA:1457,147,0,0
BRDA:1457,147,1,0
BRDA:1462,148,0,0
BRDA:1462,148,1,0
BRDA:1520,149,0,0
BRDA:1520,149,1,0
BRDA:1549,150,0,0
BRDA:1549,150,1,0
BRDA:1581,151,0,0
BRDA:1581,151,1,0
BRDA:1587,152,0,0
BRDA:1587,152,1,0
BRDA:1712,153,0,0
BRDA:1712,153,1,0
BRDA:1712,154,0,0
BRDA:1712,154,1,0
BRDA:1717,155,0,0
BRDA:1717,155,1,0
BRDA:1723,156,0,0
BRDA:1723,156,1,0
BRDA:1732,157,0,0
BRDA:1732,157,1,0
BRDA:1734,158,0,0
BRDA:1734,158,1,0
BRDA:1737,159,0,0
BRDA:1737,159,1,0
BRDA:1738,160,0,0
BRDA:1738,160,1,0
BRDA:1744,161,0,0
BRDA:1744,161,1,0
BRDA:1747,162,0,0
BRDA:1747,162,1,0
BRDA:1748,163,0,0
BRDA:1748,163,1,0
BRDA:1769,164,0,0
BRDA:1769,164,1,0
BRDA:1769,164,2,0
BRDA:1784,165,0,0
BRDA:1784,165,1,0
BRDA:1796,166,0,0
BRDA:1796,166,1,0
BRDA:1797,167,0,0
BRDA:1797,167,1,0
BRDA:1800,168,0,0
BRDA:1800,168,1,0
BRDA:1804,169,0,0
BRDA:1804,169,1,0
BRDA:1804,170,0,0
BRDA:1804,170,1,0
BRDA:1809,171,0,0
BRDA:1809,171,1,0
BRDA:1820,172,0,0
BRDA:1820,172,1,0
BRDA:1864,173,0,0
BRDA:1864,173,1,0
BRDA:2213,174,0,0
BRDA:2213,174,1,0
BRF:352
BRH:0
end_of_record
TN:
SF:app\(tabs)\search.tsx
FN:51,SearchScreen
FN:61,(anonymous_1)
FN:72,(anonymous_2)
FN:98,(anonymous_3)
FN:105,(anonymous_4)
FN:109,(anonymous_5)
FN:110,(anonymous_6)
FN:113,(anonymous_7)
FN:118,(anonymous_8)
FN:121,(anonymous_9)
FN:139,(anonymous_10)
FN:153,(anonymous_11)
FN:160,(anonymous_12)
FN:176,(anonymous_13)
FN:181,(anonymous_14)
FN:187,(anonymous_15)
FN:193,(anonymous_16)
FN:200,(anonymous_17)
FN:216,(anonymous_18)
FN:245,(anonymous_19)
FN:252,(anonymous_20)
FN:287,(anonymous_21)
FN:287,(anonymous_22)
FN:295,(anonymous_23)
FN:295,(anonymous_24)
FN:303,(anonymous_25)
FN:303,(anonymous_26)
FN:311,(anonymous_27)
FN:311,(anonymous_28)
FN:319,(anonymous_29)
FN:319,(anonymous_30)
FN:327,(anonymous_31)
FN:345,(anonymous_32)
FN:349,(anonymous_33)
FN:385,(anonymous_34)
FNF:35
FNH:0
FNDA:0,SearchScreen
FNDA:0,(anonymous_1)
FNDA:0,(anonymous_2)
FNDA:0,(anonymous_3)
FNDA:0,(anonymous_4)
FNDA:0,(anonymous_5)
FNDA:0,(anonymous_6)
FNDA:0,(anonymous_7)
FNDA:0,(anonymous_8)
FNDA:0,(anonymous_9)
FNDA:0,(anonymous_10)
FNDA:0,(anonymous_11)
FNDA:0,(anonymous_12)
FNDA:0,(anonymous_13)
FNDA:0,(anonymous_14)
FNDA:0,(anonymous_15)
FNDA:0,(anonymous_16)
FNDA:0,(anonymous_17)
FNDA:0,(anonymous_18)
FNDA:0,(anonymous_19)
FNDA:0,(anonymous_20)
FNDA:0,(anonymous_21)
FNDA:0,(anonymous_22)
FNDA:0,(anonymous_23)
FNDA:0,(anonymous_24)
FNDA:0,(anonymous_25)
FNDA:0,(anonymous_26)
FNDA:0,(anonymous_27)
FNDA:0,(anonymous_28)
FNDA:0,(anonymous_29)
FNDA:0,(anonymous_30)
FNDA:0,(anonymous_31)
FNDA:0,(anonymous_32)
FNDA:0,(anonymous_33)
FNDA:0,(anonymous_34)
DA:42,0
DA:52,0
DA:53,0
DA:54,0
DA:55,0
DA:56,0
DA:57,0
DA:58,0
DA:59,0
DA:61,0
DA:62,0
DA:72,0
DA:73,0
DA:75,0
DA:76,0
DA:77,0
DA:80,0
DA:81,0
DA:82,0
DA:83,0
DA:84,0
DA:85,0
DA:86,0
DA:88,0
DA:89,0
DA:91,0
DA:92,0
DA:94,0
DA:98,0
DA:99,0
DA:105,0
DA:106,0
DA:109,0
DA:110,0
DA:113,0
DA:118,0
DA:119,0
DA:121,0
DA:139,0
DA:146,0
DA:154,0
DA:160,0
DA:176,0
DA:177,0
DA:181,0
DA:187,0
DA:194,0
DA:200,0
DA:216,0
DA:225,0
DA:245,0
DA:252,0
DA:287,0
DA:295,0
DA:303,0
DA:311,0
DA:319,0
DA:327,0
DA:346,0
DA:349,0
DA:385,0
DA:401,0
LF:62
LH:0
BRDA:63,0,0,0
BRDA:63,0,1,0
BRDA:63,0,2,0
BRDA:63,0,3,0
BRDA:63,0,4,0
BRDA:63,0,5,0
BRDA:73,1,0,0
BRDA:73,1,1,0
BRDA:73,2,0,0
BRDA:73,2,1,0
BRDA:81,3,0,0
BRDA:81,3,1,0
BRDA:82,4,0,0
BRDA:82,4,1,0
BRDA:83,5,0,0
BRDA:83,5,1,0
BRDA:84,6,0,0
BRDA:84,6,1,0
BRDA:85,7,0,0
BRDA:85,7,1,0
BRDA:86,8,0,0
BRDA:86,8,1,0
BRDA:112,9,0,0
BRDA:112,9,1,0
BRDA:125,10,0,0
BRDA:125,10,1,0
BRDA:133,11,0,0
BRDA:133,11,1,0
BRDA:134,12,0,0
BRDA:134,12,1,0
BRDA:158,13,0,0
BRDA:158,13,1,0
BRDA:165,14,0,0
BRDA:165,14,1,0
BRDA:198,15,0,0
BRDA:198,15,1,0
BRDA:205,16,0,0
BRDA:205,16,1,0
BRDA:244,17,0,0
BRDA:244,17,1,0
BRDA:251,18,0,0
BRDA:251,18,1,0
BRDA:257,19,0,0
BRDA:257,19,1,0
BRDA:261,20,0,0
BRDA:261,20,1,0
BRDA:261,20,2,0
BRDA:265,21,0,0
BRDA:265,21,1,0
BRDA:265,22,0,0
BRDA:265,22,1,0
BRDA:271,23,0,0
BRDA:271,23,1,0
BRDA:275,24,0,0
BRDA:275,24,1,0
BRDA:330,25,0,0
BRDA:330,25,1,0
BRDA:338,26,0,0
BRDA:338,26,1,0
BRDA:361,27,0,0
BRDA:361,27,1,0
BRDA:365,28,0,0
BRDA:365,28,1,0
BRDA:365,29,0,0
BRDA:365,29,1,0
BRDA:371,30,0,0
BRDA:371,30,1,0
BRDA:376,31,0,0
BRDA:376,31,1,0
BRDA:386,32,0,0
BRDA:386,32,1,0
BRDA:387,33,0,0
BRDA:387,33,1,0
BRDA:441,34,0,0
BRDA:441,34,1,0
BRDA:573,35,0,0
BRDA:573,35,1,0
BRF:77
BRH:0
end_of_record
TN:
SF:app\(tabs)\watchlist.tsx
FN:30,WatchlistScreen
FN:38,(anonymous_1)
FN:44,(anonymous_2)
FN:57,(anonymous_3)
FN:63,(anonymous_4)
FN:67,(anonymous_5)
FN:67,(anonymous_6)
FN:73,(anonymous_7)
FN:77,(anonymous_8)
FN:78,(anonymous_9)
FN:85,(anonymous_10)
FN:87,(anonymous_11)
FN:91,(anonymous_12)
FN:119,(anonymous_13)
FN:141,(anonymous_14)
FN:161,(anonymous_15)
FN:164,(anonymous_16)
FN:165,(anonymous_17)
FN:171,(anonymous_18)
FN:210,(anonymous_19)
FNF:20
FNH:0
FNDA:0,WatchlistScreen
FNDA:0,(anonymous_1)
FNDA:0,(anonymous_2)
FNDA:0,(anonymous_3)
FNDA:0,(anonymous_4)
FNDA:0,(anonymous_5)
FNDA:0,(anonymous_6)
FNDA:0,(anonymous_7)
FNDA:0,(anonymous_8)
FNDA:0,(anonymous_9)
FNDA:0,(anonymous_10)
FNDA:0,(anonymous_11)
FNDA:0,(anonymous_12)
FNDA:0,(anonymous_13)
FNDA:0,(anonymous_14)
FNDA:0,(anonymous_15)
FNDA:0,(anonymous_16)
FNDA:0,(anonymous_17)
FNDA:0,(anonymous_18)
FNDA:0,(anonymous_19)
DA:20,0
DA:28,0
DA:31,0
DA:32,0
DA:33,0
DA:34,0
DA:35,0
DA:36,0
DA:38,0
DA:39,0
DA:40,0
DA:44,0
DA:45,0
DA:46,0
DA:47,0
DA:48,0
DA:49,0
DA:51,0
DA:53,0
DA:57,0
DA:58,0
DA:59,0
DA:60,0
DA:63,0
DA:64,0
DA:65,0
DA:66,0
DA:67,0
DA:69,0
DA:73,0
DA:74,0
DA:75,0
DA:76,0
DA:77,0
DA:78,0
DA:81,0
DA:85,0
DA:87,0
DA:88,0
DA:91,0
DA:119,0
DA:127,0
DA:128,0
DA:141,0
DA:150,0
DA:161,0
DA:165,0
DA:166,0
DA:167,0
DA:171,0
DA:210,0
DA:227,0
LF:52
LH:0
BRDA:39,0,0,0
BRDA:39,0,1,0
BRDA:45,1,0,0
BRDA:45,1,1,0
BRDA:64,2,0,0
BRDA:64,2,1,0
BRDA:74,3,0,0
BRDA:74,3,1,0
BRDA:78,4,0,0
BRDA:78,4,1,0
BRDA:95,5,0,0
BRDA:95,5,1,0
BRDA:103,6,0,0
BRDA:103,6,1,0
BRDA:127,7,0,0
BRDA:127,7,1,0
BRDA:170,8,0,0
BRDA:170,8,1,0
BRDA:176,9,0,0
BRDA:176,9,1,0
BRDA:178,10,0,0
BRDA:178,10,1,0
BRDA:181,11,0,0
BRDA:181,11,1,0
BRDA:182,12,0,0
BRDA:182,12,1,0
BRDA:183,13,0,0
BRDA:183,13,1,0
BRDA:195,14,0,0
BRDA:195,14,1,0
BRDA:195,15,0,0
BRDA:195,15,1,0
BRDA:199,16,0,0
BRDA:199,16,1,0
BRF:34
BRH:0
end_of_record
TN:
SF:app\detail\[id].tsx
FN:33,DetailScreen
FN:52,(anonymous_1)
FN:54,(anonymous_2)
FN:64,(anonymous_3)
FN:68,(anonymous_4)
FN:75,(anonymous_5)
FN:81,(anonymous_6)
FN:91,(anonymous_7)
FN:126,(anonymous_8)
FN:141,(anonymous_9)
FN:163,(anonymous_10)
FN:171,(anonymous_11)
FN:182,(anonymous_12)
FN:190,(anonymous_13)
FN:197,(anonymous_14)
FN:204,(anonymous_15)
FN:206,(anonymous_16)
FN:214,(anonymous_17)
FN:268,(anonymous_18)
FN:274,(anonymous_19)
FN:316,(anonymous_20)
FN:323,(anonymous_21)
FN:340,(anonymous_22)
FN:351,(anonymous_23)
FN:359,(anonymous_24)
FN:363,(anonymous_25)
FN:385,(anonymous_26)
FN:389,(anonymous_27)
FN:414,(anonymous_28)
FN:418,(anonymous_29)
FN:446,(anonymous_30)
FN:489,(anonymous_31)
FN:494,(anonymous_32)
FN:501,(anonymous_33)
FN:508,(anonymous_34)
FN:586,(anonymous_35)
FN:613,(anonymous_36)
FN:625,(anonymous_37)
FN:633,(anonymous_38)
FN:641,(anonymous_39)
FN:649,(anonymous_40)
FN:675,(anonymous_41)
FN:682,(anonymous_42)
FN:700,(anonymous_43)
FN:704,(anonymous_44)
FN:725,(anonymous_45)
FN:725,(anonymous_46)
FN:740,(anonymous_47)
FN:740,(anonymous_48)
FNF:49
FNH:0
FNDA:0,DetailScreen
FNDA:0,(anonymous_1)
FNDA:0,(anonymous_2)
FNDA:0,(anonymous_3)
FNDA:0,(anonymous_4)
FNDA:0,(anonymous_5)
FNDA:0,(anonymous_6)
FNDA:0,(anonymous_7)
FNDA:0,(anonymous_8)
FNDA:0,(anonymous_9)
FNDA:0,(anonymous_10)
FNDA:0,(anonymous_11)
FNDA:0,(anonymous_12)
FNDA:0,(anonymous_13)
FNDA:0,(anonymous_14)
FNDA:0,(anonymous_15)
FNDA:0,(anonymous_16)
FNDA:0,(anonymous_17)
FNDA:0,(anonymous_18)
FNDA:0,(anonymous_19)
FNDA:0,(anonymous_20)
FNDA:0,(anonymous_21)
FNDA:0,(anonymous_22)
FNDA:0,(anonymous_23)
FNDA:0,(anonymous_24)
FNDA:0,(anonymous_25)
FNDA:0,(anonymous_26)
FNDA:0,(anonymous_27)
FNDA:0,(anonymous_28)
FNDA:0,(anonymous_29)
FNDA:0,(anonymous_30)
FNDA:0,(anonymous_31)
FNDA:0,(anonymous_32)
FNDA:0,(anonymous_33)
FNDA:0,(anonymous_34)
FNDA:0,(anonymous_35)
FNDA:0,(anonymous_36)
FNDA:0,(anonymous_37)
FNDA:0,(anonymous_38)
FNDA:0,(anonymous_39)
FNDA:0,(anonymous_40)
FNDA:0,(anonymous_41)
FNDA:0,(anonymous_42)
FNDA:0,(anonymous_43)
FNDA:0,(anonymous_44)
FNDA:0,(anonymous_45)
FNDA:0,(anonymous_46)
FNDA:0,(anonymous_47)
FNDA:0,(anonymous_48)
DA:21,0
DA:29,0
DA:34,0
DA:35,0
DA:37,0
DA:39,0
DA:40,0
DA:41,0
DA:42,0
DA:43,0
DA:44,0
DA:47,0
DA:48,0
DA:49,0
DA:52,0
DA:53,0
DA:54,0
DA:55,0
DA:56,0
DA:57,0
DA:58,0
DA:62,0
DA:63,0
DA:64,0
DA:68,0
DA:69,0
DA:70,0
DA:75,0
DA:76,0
DA:77,0
DA:81,0
DA:82,0
DA:83,0
DA:84,0
DA:85,0
DA:87,0
DA:91,0
DA:92,0
DA:94,0
DA:95,0
DA:96,0
DA:98,0
DA:99,0
DA:102,0
DA:108,0
DA:118,0
DA:120,0
DA:122,0
DA:126,0
DA:127,0
DA:129,0
DA:130,0
DA:131,0
DA:132,0
DA:133,0
DA:135,0
DA:137,0
DA:141,0
DA:142,0
DA:144,0
DA:145,0
DA:146,0
DA:148,0
DA:153,0
DA:154,0
DA:156,0
DA:157,0
DA:159,0
DA:163,0
DA:164,0
DA:165,0
DA:167,0
DA:171,0
DA:172,0
DA:182,0
DA:183,0
DA:190,0
DA:191,0
DA:195,0
DA:197,0
DA:198,0
DA:199,0
DA:200,0
DA:201,0
DA:204,0
DA:205,0
DA:206,0
DA:207,0
DA:208,0
DA:209,0
DA:214,0
DA:215,0
DA:268,0
DA:269,0
DA:275,0
DA:316,0
DA:317,0
DA:324,0
DA:341,0
DA:351,0
DA:352,0
DA:360,0
DA:363,0
DA:386,0
DA:389,0
DA:415,0
DA:418,0
DA:446,0
DA:447,0
DA:449,0
DA:451,0
DA:453,0
DA:455,0
DA:457,0
DA:461,0
DA:462,0
DA:470,0
DA:471,0
DA:489,0
DA:490,0
DA:494,0
DA:502,0
DA:508,0
DA:549,0
DA:587,0
DA:588,0
DA:590,0
DA:614,0
DA:625,0
DA:633,0
DA:641,0
DA:649,0
DA:676,0
DA:682,0
DA:701,0
DA:704,0
DA:725,0
DA:740,0
DA:756,0
LF:139
LH:0
BRDA:53,0,0,0
BRDA:53,0,1,0
BRDA:53,1,0,0
BRDA:53,1,1,0
BRDA:56,2,0,0
BRDA:56,2,1,0
BRDA:69,3,0,0
BRDA:69,3,1,0
BRDA:76,4,0,0
BRDA:76,4,1,0
BRDA:76,5,0,0
BRDA:76,5,1,0
BRDA:82,6,0,0
BRDA:82,6,1,0
BRDA:82,7,0,0
BRDA:82,7,1,0
BRDA:92,8,0,0
BRDA:92,8,1,0
BRDA:92,9,0,0
BRDA:92,9,1,0
BRDA:96,10,0,0
BRDA:96,10,1,0
BRDA:127,11,0,0
BRDA:127,11,1,0
BRDA:127,12,0,0
BRDA:127,12,1,0
BRDA:142,13,0,0
BRDA:142,13,1,0
BRDA:164,14,0,0
BRDA:164,14,1,0
BRDA:198,15,0,0
BRDA:198,15,1,0
BRDA:205,16,0,0
BRDA:205,16,1,0
BRDA:216,17,0,0
BRDA:216,17,1,0
BRDA:227,18,0,0
BRDA:227,18,1,0
BRDA:233,19,0,0
BRDA:233,19,1,0
BRDA:239,20,0,0
BRDA:239,20,1,0
BRDA:245,21,0,0
BRDA:245,21,1,0
BRDA:251,22,0,0
BRDA:251,22,1,0
BRDA:257,23,0,0
BRDA:257,23,1,0
BRDA:272,24,0,0
BRDA:272,24,1,0
BRDA:272,25,0,0
BRDA:272,25,1,0
BRDA:280,26,0,0
BRDA:280,26,1,0
BRDA:297,27,0,0
BRDA:297,27,1,0
BRDA:321,28,0,0
BRDA:321,28,1,0
BRDA:321,29,0,0
BRDA:321,29,1,0
BRDA:336,30,0,0
BRDA:336,30,1,0
BRDA:336,30,2,0
BRDA:354,31,0,0
BRDA:354,31,1,0
BRDA:354,31,2,0
BRDA:366,32,0,0
BRDA:366,32,1,0
BRDA:380,33,0,0
BRDA:380,33,1,0
BRDA:380,33,2,0
BRDA:392,34,0,0
BRDA:392,34,1,0
BRDA:398,35,0,0
BRDA:398,35,1,0
BRDA:409,36,0,0
BRDA:409,36,1,0
BRDA:409,36,2,0
BRDA:421,37,0,0
BRDA:421,37,1,0
BRDA:427,38,0,0
BRDA:427,38,1,0
BRDA:438,39,0,0
BRDA:438,39,1,0
BRDA:438,39,2,0
BRDA:438,39,3,0
BRDA:438,39,4,0
BRDA:438,39,5,0
BRDA:438,39,6,0
BRDA:447,40,0,0
BRDA:447,40,1,0
BRDA:447,40,2,0
BRDA:447,40,3,0
BRDA:447,40,4,0
BRDA:461,41,0,0
BRDA:461,41,1,0
BRDA:470,42,0,0
BRDA:470,42,1,0
BRDA:470,43,0,0
BRDA:470,43,1,0
BRDA:479,44,0,0
BRDA:479,44,1,0
BRDA:498,45,0,0
BRDA:498,45,1,0
BRDA:506,46,0,0
BRDA:506,46,1,0
BRDA:514,47,0,0
BRDA:514,47,1,0
BRDA:519,48,0,0
BRDA:519,48,1,0
BRDA:524,49,0,0
BRDA:524,49,1,0
BRDA:530,50,0,0
BRDA:530,50,1,0
BRDA:541,51,0,0
BRDA:541,51,1,0
BRDA:563,52,0,0
BRDA:563,52,1,0
BRDA:569,53,0,0
BRDA:569,53,1,0
BRDA:572,54,0,0
BRDA:572,54,1,0
BRDA:580,55,0,0
BRDA:580,55,1,0
BRDA:584,56,0,0
BRDA:584,56,1,0
BRDA:587,57,0,0
BRDA:587,57,1,0
BRDA:595,58,0,0
BRDA:595,58,1,0
BRDA:597,59,0,0
BRDA:597,59,1,0
BRDA:601,60,0,0
BRDA:601,60,1,0
BRDA:603,61,0,0
BRDA:603,61,1,0
BRDA:611,62,0,0
BRDA:611,62,1,0
BRDA:611,62,2,0
BRDA:624,63,0,0
BRDA:624,63,1,0
BRDA:627,64,0,0
BRDA:627,64,1,0
BRDA:632,65,0,0
BRDA:632,65,1,0
BRDA:635,66,0,0
BRDA:635,66,1,0
BRDA:640,67,0,0
BRDA:640,67,1,0
BRDA:643,68,0,0
BRDA:643,68,1,0
BRDA:648,69,0,0
BRDA:648,69,1,0
BRDA:651,70,0,0
BRDA:651,70,1,0
BRDA:667,71,0,0
BRDA:667,71,1,0
BRDA:680,72,0,0
BRDA:680,72,1,0
BRDA:687,73,0,0
BRDA:687,73,1,0
BRDA:698,74,0,0
BRDA:698,74,1,0
BRDA:710,75,0,0
BRDA:710,75,1,0
BRDA:721,76,0,0
BRDA:721,76,1,0
BRDA:724,77,0,0
BRDA:724,77,1,0
BRDA:728,78,0,0
BRDA:728,78,1,0
BRDA:729,79,0,0
BRDA:729,79,1,0
BRDA:739,80,0,0
BRDA:739,80,1,0
BRDA:743,81,0,0
BRDA:743,81,1,0
BRDA:746,82,0,0
BRDA:746,82,1,0
BRDA:803,83,0,0
BRDA:803,83,1,0
BRDA:808,84,0,0
BRDA:808,84,1,0
BRF:183
BRH:0
end_of_record
TN:
SF:app\watch\[id].tsx
FN:32,WatchScreen
FN:67,(anonymous_1)
FN:69,(anonymous_2)
FN:79,(anonymous_3)
FN:119,(anonymous_4)
FN:126,(anonymous_5)
FN:151,(anonymous_6)
FN:160,(anonymous_7)
FN:169,(anonymous_8)
FN:173,(anonymous_9)
FN:186,(anonymous_10)
FN:191,(anonymous_11)
FN:198,(anonymous_12)
FN:205,(anonymous_13)
FN:219,(anonymous_14)
FN:235,(anonymous_15)
FN:240,(anonymous_16)
FN:245,(anonymous_17)
FN:258,(anonymous_18)
FN:268,(anonymous_19)
FN:282,(anonymous_20)
FN:298,(anonymous_21)
FN:304,(anonymous_22)
FN:311,(anonymous_23)
FN:318,(anonymous_24)
FN:322,(anonymous_25)
FN:374,(anonymous_26)
FN:418,(anonymous_27)
FN:422,(anonymous_28)
FN:427,(anonymous_29)
FN:445,(anonymous_30)
FN:484,(anonymous_31)
FN:494,(anonymous_32)
FN:499,(anonymous_33)
FN:506,(anonymous_34)
FN:510,(anonymous_35)
FN:523,(anonymous_36)
FN:527,(anonymous_37)
FN:538,(anonymous_38)
FN:544,(anonymous_39)
FN:560,(anonymous_40)
FN:572,(anonymous_41)
FN:591,(anonymous_42)
FN:646,(anonymous_43)
FN:658,(anonymous_44)
FN:678,(anonymous_45)
FN:680,(anonymous_46)
FN:702,(anonymous_47)
FN:718,(anonymous_48)
FN:739,(anonymous_49)
FN:766,(anonymous_50)
FN:772,(anonymous_51)
FN:779,(anonymous_52)
FN:809,(anonymous_53)
FN:824,(anonymous_54)
FN:828,(anonymous_55)
FN:857,(anonymous_56)
FN:864,(anonymous_57)
FN:874,(anonymous_58)
FN:925,(anonymous_59)
FN:926,(anonymous_60)
FN:933,(anonymous_61)
FN:939,(anonymous_62)
FN:962,(anonymous_63)
FN:1094,(anonymous_64)
FN:1107,(anonymous_65)
FN:1115,(anonymous_66)
FNF:67
FNH:0
FNDA:0,WatchScreen
FNDA:0,(anonymous_1)
FNDA:0,(anonymous_2)
FNDA:0,(anonymous_3)
FNDA:0,(anonymous_4)
FNDA:0,(anonymous_5)
FNDA:0,(anonymous_6)
FNDA:0,(anonymous_7)
FNDA:0,(anonymous_8)
FNDA:0,(anonymous_9)
FNDA:0,(anonymous_10)
FNDA:0,(anonymous_11)
FNDA:0,(anonymous_12)
FNDA:0,(anonymous_13)
FNDA:0,(anonymous_14)
FNDA:0,(anonymous_15)
FNDA:0,(anonymous_16)
FNDA:0,(anonymous_17)
FNDA:0,(anonymous_18)
FNDA:0,(anonymous_19)
FNDA:0,(anonymous_20)
FNDA:0,(anonymous_21)
FNDA:0,(anonymous_22)
FNDA:0,(anonymous_23)
FNDA:0,(anonymous_24)
FNDA:0,(anonymous_25)
FNDA:0,(anonymous_26)
FNDA:0,(anonymous_27)
FNDA:0,(anonymous_28)
FNDA:0,(anonymous_29)
FNDA:0,(anonymous_30)
FNDA:0,(anonymous_31)
FNDA:0,(anonymous_32)
FNDA:0,(anonymous_33)
FNDA:0,(anonymous_34)
FNDA:0,(anonymous_35)
FNDA:0,(anonymous_36)
FNDA:0,(anonymous_37)
FNDA:0,(anonymous_38)
FNDA:0,(anonymous_39)
FNDA:0,(anonymous_40)
FNDA:0,(anonymous_41)
FNDA:0,(anonymous_42)
FNDA:0,(anonymous_43)
FNDA:0,(anonymous_44)
FNDA:0,(anonymous_45)
FNDA:0,(anonymous_46)
FNDA:0,(anonymous_47)
FNDA:0,(anonymous_48)
FNDA:0,(anonymous_49)
FNDA:0,(anonymous_50)
FNDA:0,(anonymous_51)
FNDA:0,(anonymous_52)
FNDA:0,(anonymous_53)
FNDA:0,(anonymous_54)
FNDA:0,(anonymous_55)
FNDA:0,(anonymous_56)
FNDA:0,(anonymous_57)
FNDA:0,(anonymous_58)
FNDA:0,(anonymous_59)
FNDA:0,(anonymous_60)
FNDA:0,(anonymous_61)
FNDA:0,(anonymous_62)
FNDA:0,(anonymous_63)
FNDA:0,(anonymous_64)
FNDA:0,(anonymous_65)
FNDA:0,(anonymous_66)
DA:33,0
DA:34,0
DA:35,0
DA:36,0
DA:38,0
DA:39,0
DA:40,0
DA:41,0
DA:44,0
DA:45,0
DA:46,0
DA:47,0
DA:48,0
DA:49,0
DA:50,0
DA:51,0
DA:52,0
DA:53,0
DA:54,0
DA:55,0
DA:56,0
DA:57,0
DA:58,0
DA:61,0
DA:62,0
DA:63,0
DA:64,0
DA:67,0
DA:68,0
DA:69,0
DA:70,0
DA:71,0
DA:72,0
DA:73,0
DA:77,0
DA:78,0
DA:79,0
DA:91,0
DA:94,0
DA:95,0
DA:96,0
DA:97,0
DA:98,0
DA:101,0
DA:102,0
DA:103,0
DA:104,0
DA:105,0
DA:106,0
DA:107,0
DA:108,0
DA:109,0
DA:110,0
DA:113,0
DA:114,0
DA:115,0
DA:116,0
DA:119,0
DA:120,0
DA:122,0
DA:123,0
DA:124,0
DA:126,0
DA:127,0
DA:128,0
DA:130,0
DA:132,0
DA:133,0
DA:134,0
DA:135,0
DA:141,0
DA:142,0
DA:143,0
DA:145,0
DA:146,0
DA:147,0
DA:151,0
DA:152,0
DA:153,0
DA:154,0
DA:160,0
DA:161,0
DA:162,0
DA:163,0
DA:164,0
DA:169,0
DA:170,0
DA:171,0
DA:173,0
DA:175,0
DA:176,0
DA:179,0
DA:180,0
DA:186,0
DA:187,0
DA:188,0
DA:191,0
DA:192,0
DA:193,0
DA:194,0
DA:198,0
DA:199,0
DA:200,0
DA:205,0
DA:206,0
DA:207,0
DA:208,0
DA:209,0
DA:211,0
DA:212,0
DA:215,0
DA:219,0
DA:220,0
DA:221,0
DA:222,0
DA:231,0
DA:235,0
DA:236,0
DA:240,0
DA:241,0
DA:242,0
DA:245,0
DA:246,0
DA:247,0
DA:248,0
DA:249,0
DA:250,0
DA:252,0
DA:254,0
DA:258,0
DA:259,0
DA:260,0
DA:261,0
DA:262,0
DA:264,0
DA:268,0
DA:269,0
DA:270,0
DA:271,0
DA:273,0
DA:274,0
DA:276,0
DA:278,0
DA:282,0
DA:284,0
DA:285,0
DA:286,0
DA:287,0
DA:288,0
DA:290,0
DA:291,0
DA:293,0
DA:298,0
DA:299,0
DA:300,0
DA:301,0
DA:304,0
DA:305,0
DA:306,0
DA:307,0
DA:308,0
DA:311,0
DA:312,0
DA:313,0
DA:314,0
DA:318,0
DA:319,0
DA:322,0
DA:323,0
DA:325,0
DA:326,0
DA:329,0
DA:330,0
DA:331,0
DA:333,0
DA:334,0
DA:335,0
DA:338,0
DA:345,0
DA:346,0
DA:347,0
DA:349,0
DA:352,0
DA:364,0
DA:365,0
DA:367,0
DA:368,0
DA:370,0
DA:374,0
DA:375,0
DA:377,0
DA:378,0
DA:379,0
DA:382,0
DA:383,0
DA:384,0
DA:386,0
DA:387,0
DA:388,0
DA:391,0
DA:397,0
DA:406,0
DA:407,0
DA:409,0
DA:410,0
DA:412,0
DA:418,0
DA:419,0
DA:420,0
DA:422,0
DA:423,0
DA:427,0
DA:428,0
DA:432,0
DA:433,0
DA:435,0
DA:437,0
DA:440,0
DA:445,0
DA:446,0
DA:447,0
DA:448,0
DA:449,0
DA:451,0
DA:453,0
DA:454,0
DA:455,0
DA:457,0
DA:458,0
DA:459,0
DA:460,0
DA:461,0
DA:462,0
DA:464,0
DA:470,0
DA:471,0
DA:472,0
DA:473,0
DA:475,0
DA:478,0
DA:484,0
DA:485,0
DA:487,0
DA:490,0
DA:494,0
DA:495,0
DA:499,0
DA:500,0
DA:501,0
DA:506,0
DA:507,0
DA:510,0
DA:511,0
DA:512,0
DA:514,0
DA:522,0
DA:523,0
DA:524,0
DA:525,0
DA:527,0
DA:528,0
DA:538,0
DA:539,0
DA:540,0
DA:544,0
DA:545,0
DA:546,0
DA:550,0
DA:551,0
DA:561,0
DA:562,0
DA:564,0
DA:573,0
DA:574,0
DA:585,0
DA:586,0
DA:588,0
DA:591,0
DA:592,0
DA:647,0
DA:648,0
DA:649,0
DA:650,0
DA:659,0
DA:660,0
DA:661,0
DA:678,0
DA:681,0
DA:703,0
DA:704,0
DA:705,0
DA:719,0
DA:720,0
DA:721,0
DA:739,0
DA:741,0
DA:742,0
DA:743,0
DA:744,0
DA:745,0
DA:746,0
DA:747,0
DA:749,0
DA:751,0
DA:766,0
DA:773,0
DA:779,0
DA:809,0
DA:825,0
DA:828,0
DA:857,0
DA:858,0
DA:864,0
DA:865,0
DA:875,0
DA:876,0
DA:877,0
DA:878,0
DA:879,0
DA:881,0
DA:925,0
DA:927,0
DA:933,0
DA:939,0
DA:963,0
DA:964,0
DA:966,0
DA:978,0
DA:1094,0
DA:1107,0
DA:1116,0
DA:1163,0
LF:332
LH:0
BRDA:35,0,0,0
BRDA:35,0,1,0
BRDA:36,1,0,0
BRDA:36,1,1,0
BRDA:68,2,0,0
BRDA:68,2,1,0
BRDA:68,3,0,0
BRDA:68,3,1,0
BRDA:71,4,0,0
BRDA:71,4,1,0
BRDA:101,5,0,0
BRDA:101,5,1,0
BRDA:102,6,0,0
BRDA:102,6,1,0
BRDA:103,7,0,0
BRDA:103,7,1,0
BRDA:104,8,0,0
BRDA:104,8,1,0
BRDA:105,9,0,0
BRDA:105,9,1,0
BRDA:110,10,0,0
BRDA:110,10,1,0
BRDA:120,11,0,0
BRDA:120,11,1,0
BRDA:120,12,0,0
BRDA:120,12,1,0
BRDA:127,13,0,0
BRDA:127,13,1,0
BRDA:130,14,0,0
BRDA:130,14,1,0
BRDA:133,15,0,0
BRDA:133,15,1,0
BRDA:141,16,0,0
BRDA:141,16,1,0
BRDA:145,17,0,0
BRDA:145,17,1,0
BRDA:152,18,0,0
BRDA:152,18,1,0
BRDA:161,19,0,0
BRDA:161,19,1,0
BRDA:170,20,0,0
BRDA:170,20,1,0
BRDA:170,21,0,0
BRDA:170,21,1,0
BRDA:175,22,0,0
BRDA:175,22,1,0
BRDA:175,23,0,0
BRDA:175,23,1,0
BRDA:179,24,0,0
BRDA:179,24,1,0
BRDA:187,25,0,0
BRDA:187,25,1,0
BRDA:192,26,0,0
BRDA:192,26,1,0
BRDA:192,27,0,0
BRDA:192,27,1,0
BRDA:199,28,0,0
BRDA:199,28,1,0
BRDA:206,29,0,0
BRDA:206,29,1,0
BRDA:209,30,0,0
BRDA:209,30,1,0
BRDA:209,31,0,0
BRDA:209,31,1,0
BRDA:220,32,0,0
BRDA:220,32,1,0
BRDA:220,33,0,0
BRDA:220,33,1,0
BRDA:224,34,0,0
BRDA:224,34,1,0
BRDA:246,35,0,0
BRDA:246,35,1,0
BRDA:259,36,0,0
BRDA:259,36,1,0
BRDA:269,37,0,0
BRDA:269,37,1,0
BRDA:284,38,0,0
BRDA:284,38,1,0
BRDA:284,38,2,0
BRDA:305,39,0,0
BRDA:305,39,1,0
BRDA:323,40,0,0
BRDA:323,40,1,0
BRDA:323,41,0,0
BRDA:323,41,1,0
BRDA:329,42,0,0
BRDA:329,42,1,0
BRDA:329,43,0,0
BRDA:329,43,1,0
BRDA:334,44,0,0
BRDA:334,44,1,0
BRDA:346,45,0,0
BRDA:346,45,1,0
BRDA:368,46,0,0
BRDA:368,46,1,0
BRDA:375,47,0,0
BRDA:375,47,1,0
BRDA:375,48,0,0
BRDA:375,48,1,0
BRDA:377,49,0,0
BRDA:377,49,1,0
BRDA:382,50,0,0
BRDA:382,50,1,0
BRDA:382,51,0,0
BRDA:382,51,1,0
BRDA:387,52,0,0
BRDA:387,52,1,0
BRDA:410,53,0,0
BRDA:410,53,1,0
BRDA:419,54,0,0
BRDA:419,54,1,0
BRDA:428,55,0,0
BRDA:428,55,1,0
BRDA:435,56,0,0
BRDA:435,56,1,0
BRDA:453,57,0,0
BRDA:453,57,1,0
BRDA:453,58,0,0
BRDA:453,58,1,0
BRDA:453,58,2,0
BRDA:458,59,0,0
BRDA:458,59,1,0
BRDA:460,60,0,0
BRDA:460,60,1,0
BRDA:464,61,0,0
BRDA:464,61,1,0
BRDA:471,62,0,0
BRDA:471,62,1,0
BRDA:475,63,0,0
BRDA:475,63,1,0
BRDA:485,64,0,0
BRDA:485,64,1,0
BRDA:495,65,0,0
BRDA:495,65,1,0
BRDA:500,66,0,0
BRDA:500,66,1,0
BRDA:507,67,0,0
BRDA:507,67,1,0
BRDA:511,68,0,0
BRDA:511,68,1,0
BRDA:525,69,0,0
BRDA:525,69,1,0
BRDA:539,70,0,0
BRDA:539,70,1,0
BRDA:545,71,0,0
BRDA:545,71,1,0
BRDA:550,72,0,0
BRDA:550,72,1,0
BRDA:561,73,0,0
BRDA:561,73,1,0
BRDA:569,74,0,0
BRDA:569,74,1,0
BRDA:588,75,0,0
BRDA:588,75,1,0
BRDA:594,76,0,0
BRDA:594,76,1,0
BRDA:595,77,0,0
BRDA:595,77,1,0
BRDA:596,78,0,0
BRDA:596,78,1,0
BRDA:602,79,0,0
BRDA:602,79,1,0
BRDA:607,80,0,0
BRDA:607,80,1,0
BRDA:607,80,2,0
BRDA:609,81,0,0
BRDA:609,81,1,0
BRDA:610,82,0,0
BRDA:610,82,1,0
BRDA:610,83,0,0
BRDA:610,83,1,0
BRDA:611,84,0,0
BRDA:611,84,1,0
BRDA:619,85,0,0
BRDA:619,85,1,0
BRDA:623,86,0,0
BRDA:623,86,1,0
BRDA:623,87,0,0
BRDA:623,87,1,0
BRDA:624,88,0,0
BRDA:624,88,1,0
BRDA:625,89,0,0
BRDA:625,89,1,0
BRDA:625,90,0,0
BRDA:625,90,1,0
BRDA:627,91,0,0
BRDA:627,91,1,0
BRDA:633,92,0,0
BRDA:633,92,1,0
BRDA:636,93,0,0
BRDA:636,93,1,0
BRDA:647,94,0,0
BRDA:647,94,1,0
BRDA:666,95,0,0
BRDA:666,95,1,0
BRDA:673,96,0,0
BRDA:673,96,1,0
BRDA:675,97,0,0
BRDA:675,97,1,0
BRDA:683,98,0,0
BRDA:683,98,1,0
BRDA:696,99,0,0
BRDA:696,99,1,0
BRDA:703,100,0,0
BRDA:703,100,1,0
BRDA:710,101,0,0
BRDA:710,101,1,0
BRDA:710,102,0,0
BRDA:710,102,1,0
BRDA:712,103,0,0
BRDA:712,103,1,0
BRDA:712,104,0,0
BRDA:712,104,1,0
BRDA:745,105,0,0
BRDA:745,105,1,0
BRDA:756,106,0,0
BRDA:756,106,1,0
BRDA:758,107,0,0
BRDA:758,107,1,0
BRDA:763,108,0,0
BRDA:763,108,1,0
BRDA:777,109,0,0
BRDA:777,109,1,0
BRDA:784,110,0,0
BRDA:784,110,1,0
BRDA:789,111,0,0
BRDA:789,111,1,0
BRDA:793,112,0,0
BRDA:793,112,1,0
BRDA:800,113,0,0
BRDA:800,113,1,0
BRDA:806,114,0,0
BRDA:806,114,1,0
BRDA:820,115,0,0
BRDA:820,115,1,0
BRDA:820,115,2,0
BRDA:833,116,0,0
BRDA:833,116,1,0
BRDA:843,117,0,0
BRDA:843,117,1,0
BRDA:865,118,0,0
BRDA:865,118,1,0
BRDA:866,119,0,0
BRDA:866,119,1,0
BRDA:866,120,0,0
BRDA:866,120,1,0
BRDA:866,120,2,0
BRDA:878,121,0,0
BRDA:878,121,1,0
BRDA:889,122,0,0
BRDA:889,122,1,0
BRDA:889,123,0,0
BRDA:889,123,1,0
BRDA:889,123,2,0
BRDA:892,124,0,0
BRDA:892,124,1,0
BRDA:899,125,0,0
BRDA:899,125,1,0
BRDA:904,126,0,0
BRDA:904,126,1,0
BRDA:907,127,0,0
BRDA:907,127,1,0
BRDA:912,128,0,0
BRDA:912,128,1,0
BRDA:918,129,0,0
BRDA:918,129,1,0
BRDA:923,130,0,0
BRDA:923,130,1,0
BRDA:933,131,0,0
BRDA:933,131,1,0
BRDA:946,132,0,0
BRDA:946,132,1,0
BRDA:946,133,0,0
BRDA:946,133,1,0
BRDA:963,134,0,0
BRDA:963,134,1,0
BRDA:981,135,0,0
BRDA:981,135,1,0
BRDA:986,136,0,0
BRDA:986,136,1,0
BRDA:994,137,0,0
BRDA:994,137,1,0
BRDA:994,137,2,0
BRDA:995,138,0,0
BRDA:995,138,1,0
BRDA:1014,139,0,0
BRDA:1014,139,1,0
BRDA:1045,140,0,0
BRDA:1045,140,1,0
BRDA:1055,141,0,0
BRDA:1055,141,1,0
BRDA:1056,142,0,0
BRDA:1056,142,1,0
BRDA:1075,143,0,0
BRDA:1075,143,1,0
BRDA:1075,143,2,0
BRDA:1075,143,3,0
BRDA:1077,144,0,0
BRDA:1077,144,1,0
BRDA:1077,144,2,0
BRDA:1079,145,0,0
BRDA:1079,145,1,0
BRDA:1099,146,0,0
BRDA:1099,146,1,0
BRDA:1105,147,0,0
BRDA:1105,147,1,0
BRDA:1112,148,0,0
BRDA:1112,148,1,0
BRDA:1114,149,0,0
BRDA:1114,149,1,0
BRDA:1117,150,0,0
BRDA:1117,150,1,0
BRDA:1145,151,0,0
BRDA:1145,151,1,0
BRDA:1145,151,2,0
BRDA:1145,151,3,0
BRDA:1147,152,0,0
BRDA:1147,152,1,0
BRDA:1147,152,2,0
BRDA:1149,153,0,0
BRDA:1149,153,1,0
BRDA:1319,154,0,0
BRDA:1319,154,1,0
BRDA:1336,155,0,0
BRDA:1336,155,1,0
BRDA:1371,156,0,0
BRDA:1371,156,1,0
BRDA:1411,157,0,0
BRDA:1411,157,1,0
BRDA:1454,158,0,0
BRDA:1454,158,1,0
BRDA:1598,159,0,0
BRDA:1598,159,1,0
BRF:333
BRH:0
end_of_record
TN:
SF:src\components\NotificationBell.tsx
FN:11,NotificationBell
FN:15,(anonymous_1)
FN:27,(anonymous_2)
FNF:3
FNH:0
FNDA:0,NotificationBell
FNDA:0,(anonymous_1)
FNDA:0,(anonymous_2)
DA:12,0
DA:13,0
DA:15,0
DA:16,0
DA:17,0
DA:18,0
DA:22,0
DA:25,0
DA:28,0
DA:32,0
DA:35,0
DA:36,0
DA:39,0
DA:53,0
LF:14
LH:0
BRDA:16,0,0,0
BRDA:16,0,1,0
BRDA:35,1,0,0
BRDA:35,1,1,0
BRDA:42,2,0,0
BRDA:42,2,1,0
BRDA:45,3,0,0
BRDA:45,3,1,0
BRF:8
BRH:0
end_of_record
TN:
SF:src\components\SubtitleRenderer.tsx
FN:29,parseVttTime
FN:46,parseAssTime
FN:58,cleanAssText
FN:68,parseVtt
FN:112,parseAss
FN:139,(anonymous_5)
FN:181,parseSubtitles
FN:212,SubtitleRenderer
FN:234,(anonymous_8)
FN:248,(anonymous_9)
FN:278,(anonymous_10)
FN:298,(anonymous_11)
FNF:12
FNH:0
FNDA:0,parseVttTime
FNDA:0,parseAssTime
FNDA:0,cleanAssText
FNDA:0,parseVtt
FNDA:0,parseAss
FNDA:0,(anonymous_5)
FNDA:0,parseSubtitles
FNDA:0,SubtitleRenderer
FNDA:0,(anonymous_8)
FNDA:0,(anonymous_9)
FNDA:0,(anonymous_10)
FNDA:0,(anonymous_11)
DA:30,0
DA:31,0
DA:33,0
DA:34,0
DA:35,0
DA:36,0
DA:37,0
DA:38,0
DA:39,0
DA:42,0
DA:47,0
DA:48,0
DA:50,0
DA:51,0
DA:52,0
DA:54,0
DA:59,0
DA:69,0
DA:70,0
DA:71,0
DA:74,0
DA:75,0
DA:78,0
DA:79,0
DA:82,0
DA:83,0
DA:84,0
DA:86,0
DA:87,0
DA:90,0
DA:91,0
DA:92,0
DA:93,0
DA:94,0
DA:97,0
DA:98,0
DA:105,0
DA:108,0
DA:113,0
DA:114,0
DA:116,0
DA:117,0
DA:119,0
DA:120,0
DA:122,0
DA:123,0
DA:124,0
DA:127,0
DA:128,0
DA:129,0
DA:132,0
DA:135,0
DA:136,0
DA:139,0
DA:140,0
DA:144,0
DA:145,0
DA:146,0
DA:149,0
DA:150,0
DA:151,0
DA:153,0
DA:155,0
DA:156,0
DA:157,0
DA:158,0
DA:160,0
DA:161,0
DA:165,0
DA:166,0
DA:168,0
DA:170,0
DA:171,0
DA:177,0
DA:183,0
DA:184,0
DA:185,0
DA:186,0
DA:187,0
DA:193,0
DA:198,0
DA:200,0
DA:201,0
DA:204,0
DA:207,0
DA:213,0
DA:214,0
DA:215,0
DA:216,0
DA:217,0
DA:220,0
DA:227,0
DA:234,0
DA:235,0
DA:236,0
DA:237,0
DA:238,0
DA:242,0
DA:243,0
DA:244,0
DA:245,0
DA:248,0
DA:249,0
DA:250,0
DA:251,0
DA:253,0
DA:254,0
DA:255,0
DA:256,0
DA:259,0
DA:260,0
DA:263,0
DA:264,0
DA:268,0
DA:269,0
DA:270,0
DA:271,0
DA:272,0
DA:275,0
DA:278,0
DA:281,0
DA:283,0
DA:284,0
DA:286,0
DA:287,0
DA:288,0
DA:290,0
DA:294,0
DA:298,0
DA:299,0
DA:300,0
DA:301,0
DA:305,0
DA:306,0
DA:307,0
DA:309,0
DA:310,0
DA:311,0
DA:313,0
DA:314,0
DA:315,0
DA:316,0
DA:317,0
DA:319,0
DA:324,0
DA:325,0
DA:326,0
DA:327,0
DA:328,0
DA:330,0
DA:331,0
DA:336,0
DA:339,0
DA:340,0
DA:343,0
DA:344,0
DA:345,0
DA:347,0
DA:365,0
LF:159
LH:0
BRDA:33,0,0,0
BRDA:33,0,1,0
BRDA:37,1,0,0
BRDA:37,1,1,0
BRDA:48,2,0,0
BRDA:48,2,1,0
BRDA:74,3,0,0
BRDA:74,3,1,0
BRDA:82,4,0,0
BRDA:82,4,1,0
BRDA:92,5,0,0
BRDA:92,5,1,0
BRDA:97,6,0,0
BRDA:97,6,1,0
BRDA:122,7,0,0
BRDA:122,7,1,0
BRDA:127,8,0,0
BRDA:127,8,1,0
BRDA:127,9,0,0
BRDA:127,9,1,0
BRDA:132,10,0,0
BRDA:132,10,1,0
BRDA:135,11,0,0
BRDA:135,11,1,0
BRDA:144,12,0,0
BRDA:144,12,1,0
BRDA:153,13,0,0
BRDA:153,13,1,0
BRDA:153,14,0,0
BRDA:153,14,1,0
BRDA:153,14,2,0
BRDA:155,15,0,0
BRDA:155,15,1,0
BRDA:160,16,0,0
BRDA:160,16,1,0
BRDA:170,17,0,0
BRDA:170,17,1,0
BRDA:185,18,0,0
BRDA:185,18,1,0
BRDA:193,19,0,0
BRDA:193,19,1,0
BRDA:193,19,2,0
BRDA:193,19,3,0
BRDA:198,20,0,0
BRDA:198,20,1,0
BRDA:200,21,0,0
BRDA:200,21,1,0
BRDA:212,22,0,0
BRDA:221,23,0,0
BRDA:221,23,1,0
BRDA:222,24,0,0
BRDA:222,24,1,0
BRDA:223,25,0,0
BRDA:223,25,1,0
BRDA:235,26,0,0
BRDA:235,26,1,0
BRDA:243,27,0,0
BRDA:243,27,1,0
BRDA:255,28,0,0
BRDA:255,28,1,0
BRDA:263,29,0,0
BRDA:263,29,1,0
BRDA:263,30,0,0
BRDA:263,30,1,0
BRDA:268,31,0,0
BRDA:268,31,1,0
BRDA:269,32,0,0
BRDA:269,32,1,0
BRDA:270,33,0,0
BRDA:270,33,1,0
BRDA:270,34,0,0
BRDA:270,34,1,0
BRDA:299,35,0,0
BRDA:299,35,1,0
BRDA:313,36,0,0
BRDA:313,36,1,0
BRDA:313,37,0,0
BRDA:313,37,1,0
BRDA:316,38,0,0
BRDA:316,38,1,0
BRDA:324,39,0,0
BRDA:324,39,1,0
BRDA:326,40,0,0
BRDA:326,40,1,0
BRDA:326,41,0,0
BRDA:326,41,1,0
BRDA:330,42,0,0
BRDA:330,42,1,0
BRDA:336,43,0,0
BRDA:336,43,1,0
BRDA:339,44,0,0
BRDA:339,44,1,0
BRDA:339,45,0,0
BRDA:339,45,1,0
BRDA:352,46,0,0
BRDA:352,46,1,0
BRDA:370,47,0,0
BRDA:370,47,1,0
BRDA:390,48,0,0
BRDA:390,48,1,0
BRF:100
BRH:0
end_of_record
TN:
SF:src\components\VideoControls.tsx
FN:75,VideoControls
FN:129,(anonymous_1)
FN:141,(anonymous_2)
FN:146,(anonymous_3)
FN:151,(anonymous_4)
FN:153,(anonymous_5)
FN:160,(anonymous_6)
FN:167,(anonymous_7)
FN:175,(anonymous_8)
FN:183,(anonymous_9)
FN:193,(anonymous_10)
FN:196,(anonymous_11)
FN:242,(anonymous_12)
FN:279,(anonymous_13)
FN:288,(anonymous_14)
FN:318,(anonymous_15)
FN:331,(anonymous_16)
FN:336,(anonymous_17)
FN:345,(anonymous_18)
FN:350,(anonymous_19)
FN:359,(anonymous_20)
FN:376,(anonymous_21)
FN:380,(anonymous_22)
FN:384,(anonymous_23)
FN:396,(anonymous_24)
FN:400,(anonymous_25)
FN:404,(anonymous_26)
FN:418,(anonymous_27)
FN:426,(anonymous_28)
FN:432,(anonymous_29)
FN:439,(anonymous_30)
FN:471,(anonymous_31)
FN:483,(anonymous_32)
FN:499,(anonymous_33)
FN:500,(anonymous_34)
FN:568,(anonymous_35)
FN:649,(anonymous_36)
FN:658,(anonymous_37)
FN:667,(anonymous_38)
FN:684,(anonymous_39)
FN:697,(anonymous_40)
FN:704,(anonymous_41)
FN:720,(anonymous_42)
FN:737,(anonymous_43)
FN:745,(anonymous_44)
FN:752,(anonymous_45)
FN:770,(anonymous_46)
FN:777,(anonymous_47)
FN:801,(anonymous_48)
FN:805,(anonymous_49)
FN:821,(anonymous_50)
FN:825,(anonymous_51)
FN:843,(anonymous_52)
FN:873,(anonymous_53)
FN:889,(anonymous_54)
FN:936,(anonymous_55)
FNF:56
FNH:0
FNDA:0,VideoControls
FNDA:0,(anonymous_1)
FNDA:0,(anonymous_2)
FNDA:0,(anonymous_3)
FNDA:0,(anonymous_4)
FNDA:0,(anonymous_5)
FNDA:0,(anonymous_6)
FNDA:0,(anonymous_7)
FNDA:0,(anonymous_8)
FNDA:0,(anonymous_9)
FNDA:0,(anonymous_10)
FNDA:0,(anonymous_11)
FNDA:0,(anonymous_12)
FNDA:0,(anonymous_13)
FNDA:0,(anonymous_14)
FNDA:0,(anonymous_15)
FNDA:0,(anonymous_16)
FNDA:0,(anonymous_17)
FNDA:0,(anonymous_18)
FNDA:0,(anonymous_19)
FNDA:0,(anonymous_20)
FNDA:0,(anonymous_21)
FNDA:0,(anonymous_22)
FNDA:0,(anonymous_23)
FNDA:0,(anonymous_24)
FNDA:0,(anonymous_25)
FNDA:0,(anonymous_26)
FNDA:0,(anonymous_27)
FNDA:0,(anonymous_28)
FNDA:0,(anonymous_29)
FNDA:0,(anonymous_30)
FNDA:0,(anonymous_31)
FNDA:0,(anonymous_32)
FNDA:0,(anonymous_33)
FNDA:0,(anonymous_34)
FNDA:0,(anonymous_35)
FNDA:0,(anonymous_36)
FNDA:0,(anonymous_37)
FNDA:0,(anonymous_38)
FNDA:0,(anonymous_39)
FNDA:0,(anonymous_40)
FNDA:0,(anonymous_41)
FNDA:0,(anonymous_42)
FNDA:0,(anonymous_43)
FNDA:0,(anonymous_44)
FNDA:0,(anonymous_45)
FNDA:0,(anonymous_46)
FNDA:0,(anonymous_47)
FNDA:0,(anonymous_48)
FNDA:0,(anonymous_49)
FNDA:0,(anonymous_50)
FNDA:0,(anonymous_51)
FNDA:0,(anonymous_52)
FNDA:0,(anonymous_53)
FNDA:0,(anonymous_54)
FNDA:0,(anonymous_55)
DA:12,0
DA:13,0
DA:114,0
DA:115,0
DA:116,0
DA:117,0
DA:118,0
DA:119,0
DA:120,0
DA:121,0
DA:122,0
DA:123,0
DA:124,0
DA:125,0
DA:126,0
DA:129,0
DA:130,0
DA:131,0
DA:133,0
DA:134,0
DA:140,0
DA:141,0
DA:142,0
DA:146,0
DA:151,0
DA:152,0
DA:153,0
DA:154,0
DA:155,0
DA:160,0
DA:161,0
DA:162,0
DA:163,0
DA:164,0
DA:167,0
DA:168,0
DA:169,0
DA:170,0
DA:171,0
DA:172,0
DA:175,0
DA:176,0
DA:177,0
DA:178,0
DA:179,0
DA:180,0
DA:183,0
DA:184,0
DA:185,0
DA:186,0
DA:187,0
DA:188,0
DA:189,0
DA:193,0
DA:194,0
DA:196,0
DA:198,0
DA:200,0
DA:203,0
DA:204,0
DA:205,0
DA:207,0
DA:208,0
DA:209,0
DA:211,0
DA:212,0
DA:213,0
DA:215,0
DA:216,0
DA:217,0
DA:219,0
DA:220,0
DA:221,0
DA:223,0
DA:224,0
DA:225,0
DA:227,0
DA:228,0
DA:229,0
DA:231,0
DA:232,0
DA:233,0
DA:235,0
DA:236,0
DA:237,0
DA:241,0
DA:242,0
DA:246,0
DA:247,0
DA:261,0
DA:262,0
DA:273,0
DA:274,0
DA:279,0
DA:289,0
DA:290,0
DA:292,0
DA:318,0
DA:331,0
DA:336,0
DA:345,0
DA:350,0
DA:359,0
DA:376,0
DA:381,0
DA:384,0
DA:396,0
DA:401,0
DA:404,0
DA:418,0
DA:426,0
DA:433,0
DA:439,0
DA:472,0
DA:473,0
DA:484,0
DA:485,0
DA:499,0
DA:501,0
DA:502,0
DA:568,0
DA:611,0
DA:649,0
DA:658,0
DA:667,0
DA:685,0
DA:686,0
DA:698,0
DA:705,0
DA:706,0
DA:720,0
DA:737,0
DA:746,0
DA:752,0
DA:771,0
DA:777,0
DA:802,0
DA:805,0
DA:822,0
DA:825,0
DA:843,0
DA:873,0
DA:889,0
DA:936,0
DA:976,0
DA:1428,0
LF:146
LH:0
BRDA:130,0,0,0
BRDA:130,0,1,0
BRDA:140,1,0,0
BRDA:140,1,1,0
BRDA:140,2,0,0
BRDA:140,2,1,0
BRDA:154,3,0,0
BRDA:154,3,1,0
BRDA:161,4,0,0
BRDA:161,4,1,0
BRDA:161,5,0,0
BRDA:161,5,1,0
BRDA:168,6,0,0
BRDA:168,6,1,0
BRDA:176,7,0,0
BRDA:176,7,1,0
BRDA:184,8,0,0
BRDA:184,8,1,0
BRDA:194,9,0,0
BRDA:194,9,1,0
BRDA:198,10,0,0
BRDA:198,10,1,0
BRDA:200,11,0,0
BRDA:200,11,1,0
BRDA:200,11,2,0
BRDA:200,11,3,0
BRDA:200,11,4,0
BRDA:200,11,5,0
BRDA:200,11,6,0
BRDA:200,11,7,0
BRDA:200,11,8,0
BRDA:200,11,9,0
BRDA:228,12,0,0
BRDA:228,12,1,0
BRDA:246,13,0,0
BRDA:246,13,1,0
BRDA:261,14,0,0
BRDA:261,14,1,0
BRDA:261,15,0,0
BRDA:261,15,1,0
BRDA:261,15,2,0
BRDA:273,16,0,0
BRDA:273,16,1,0
BRDA:289,17,0,0
BRDA:289,17,1,0
BRDA:301,18,0,0
BRDA:301,18,1,0
BRDA:310,19,0,0
BRDA:310,19,1,0
BRDA:315,20,0,0
BRDA:315,20,1,0
BRDA:322,21,0,0
BRDA:322,21,1,0
BRDA:328,22,0,0
BRDA:328,22,1,0
BRDA:328,22,2,0
BRDA:328,22,3,0
BRDA:336,23,0,0
BRDA:336,23,1,0
BRDA:350,24,0,0
BRDA:350,24,1,0
BRDA:350,25,0,0
BRDA:350,25,1,0
BRDA:356,26,0,0
BRDA:356,26,1,0
BRDA:356,26,2,0
BRDA:356,26,3,0
BRDA:364,27,0,0
BRDA:364,27,1,0
BRDA:366,28,0,0
BRDA:366,28,1,0
BRDA:374,29,0,0
BRDA:374,29,1,0
BRDA:383,30,0,0
BRDA:383,30,1,0
BRDA:386,31,0,0
BRDA:386,31,1,0
BRDA:394,32,0,0
BRDA:394,32,1,0
BRDA:394,32,2,0
BRDA:403,33,0,0
BRDA:403,33,1,0
BRDA:406,34,0,0
BRDA:406,34,1,0
BRDA:414,35,0,0
BRDA:414,35,1,0
BRDA:425,36,0,0
BRDA:425,36,1,0
BRDA:428,37,0,0
BRDA:428,37,1,0
BRDA:437,38,0,0
BRDA:437,38,1,0
BRDA:441,39,0,0
BRDA:441,39,1,0
BRDA:445,40,0,0
BRDA:445,40,1,0
BRDA:445,40,2,0
BRDA:453,41,0,0
BRDA:453,41,1,0
BRDA:453,41,2,0
BRDA:453,41,3,0
BRDA:461,42,0,0
BRDA:461,42,1,0
BRDA:461,42,2,0
BRDA:461,42,3,0
BRDA:470,43,0,0
BRDA:470,43,1,0
BRDA:476,44,0,0
BRDA:476,44,1,0
BRDA:477,45,0,0
BRDA:477,45,1,0
BRDA:497,46,0,0
BRDA:497,46,1,0
BRDA:508,47,0,0
BRDA:508,47,1,0
BRDA:508,47,2,0
BRDA:538,48,0,0
BRDA:538,48,1,0
BRDA:554,49,0,0
BRDA:554,49,1,0
BRDA:558,50,0,0
BRDA:558,50,1,0
BRDA:568,51,0,0
BRDA:568,51,1,0
BRDA:571,52,0,0
BRDA:571,52,1,0
BRDA:571,53,0,0
BRDA:571,53,1,0
BRDA:601,54,0,0
BRDA:601,54,1,0
BRDA:619,55,0,0
BRDA:619,55,1,0
BRDA:627,56,0,0
BRDA:627,56,1,0
BRDA:627,56,2,0
BRDA:629,57,0,0
BRDA:629,57,1,0
BRDA:632,58,0,0
BRDA:632,58,1,0
BRDA:651,59,0,0
BRDA:651,59,1,0
BRDA:655,60,0,0
BRDA:655,60,1,0
BRDA:655,60,2,0
BRDA:655,60,3,0
BRDA:675,61,0,0
BRDA:675,61,1,0
BRDA:675,61,2,0
BRDA:682,62,0,0
BRDA:682,62,1,0
BRDA:690,63,0,0
BRDA:690,63,1,0
BRDA:695,64,0,0
BRDA:695,64,1,0
BRDA:702,65,0,0
BRDA:702,65,1,0
BRDA:710,66,0,0
BRDA:710,66,1,0
BRDA:710,66,2,0
BRDA:712,67,0,0
BRDA:712,67,1,0
BRDA:733,68,0,0
BRDA:733,68,1,0
BRDA:750,69,0,0
BRDA:750,69,1,0
BRDA:756,70,0,0
BRDA:756,70,1,0
BRDA:775,71,0,0
BRDA:775,71,1,0
BRDA:781,72,0,0
BRDA:781,72,1,0
BRDA:792,73,0,0
BRDA:792,73,1,0
BRDA:797,74,0,0
BRDA:797,74,1,0
BRDA:804,75,0,0
BRDA:804,75,1,0
BRDA:807,76,0,0
BRDA:807,76,1,0
BRDA:817,77,0,0
BRDA:817,77,1,0
BRDA:817,77,2,0
BRDA:817,77,3,0
BRDA:824,78,0,0
BRDA:824,78,1,0
BRDA:827,79,0,0
BRDA:827,79,1,0
BRDA:837,80,0,0
BRDA:837,80,1,0
BRDA:837,80,2,0
BRDA:837,80,3,0
BRDA:842,81,0,0
BRDA:842,81,1,0
BRDA:845,82,0,0
BRDA:845,82,1,0
BRDA:846,83,0,0
BRDA:846,83,1,0
BRDA:856,84,0,0
BRDA:856,84,1,0
BRDA:856,84,2,0
BRDA:856,84,3,0
BRDA:862,85,0,0
BRDA:862,85,1,0
BRDA:862,85,2,0
BRDA:862,85,3,0
BRDA:881,86,0,0
BRDA:881,86,1,0
BRDA:939,87,0,0
BRDA:939,87,1,0
BRDA:939,88,0,0
BRDA:939,88,1,0
BRDA:944,89,0,0
BRDA:944,89,1,0
BRDA:965,90,0,0
BRDA:965,90,1,0
BRF:215
BRH:0
end_of_record
TN:
SF:src\components\VideoPlayer.native.tsx
FN:56,VideoPlayer
FN:95,(anonymous_1)
FN:102,(anonymous_2)
FN:105,(anonymous_3)
FN:129,(anonymous_4)
FN:135,(anonymous_5)
FN:146,(anonymous_6)
FN:167,(anonymous_7)
FN:176,(anonymous_8)
FN:180,(anonymous_9)
FN:187,(anonymous_10)
FN:195,(anonymous_11)
FN:203,(anonymous_12)
FN:212,(anonymous_13)
FN:221,(anonymous_14)
FN:232,(anonymous_15)
FN:286,(anonymous_16)
FN:302,(anonymous_17)
FN:313,(anonymous_18)
FN:330,(anonymous_19)
FN:340,(anonymous_20)
FN:355,(anonymous_21)
FN:360,(anonymous_22)
FN:370,(anonymous_23)
FN:374,(anonymous_24)
FN:389,(anonymous_25)
FN:393,(anonymous_26)
FN:411,(anonymous_27)
FN:411,(anonymous_28)
FN:430,(anonymous_29)
FN:435,(anonymous_30)
FN:446,(anonymous_31)
FN:458,(anonymous_32)
FN:465,(anonymous_33)
FNF:34
FNH:0
FNDA:0,VideoPlayer
FNDA:0,(anonymous_1)
FNDA:0,(anonymous_2)
FNDA:0,(anonymous_3)
FNDA:0,(anonymous_4)
FNDA:0,(anonymous_5)
FNDA:0,(anonymous_6)
FNDA:0,(anonymous_7)
FNDA:0,(anonymous_8)
FNDA:0,(anonymous_9)
FNDA:0,(anonymous_10)
FNDA:0,(anonymous_11)
FNDA:0,(anonymous_12)
FNDA:0,(anonymous_13)
FNDA:0,(anonymous_14)
FNDA:0,(anonymous_15)
FNDA:0,(anonymous_16)
FNDA:0,(anonymous_17)
FNDA:0,(anonymous_18)
FNDA:0,(anonymous_19)
FNDA:0,(anonymous_20)
FNDA:0,(anonymous_21)
FNDA:0,(anonymous_22)
FNDA:0,(anonymous_23)
FNDA:0,(anonymous_24)
FNDA:0,(anonymous_25)
FNDA:0,(anonymous_26)
FNDA:0,(anonymous_27)
FNDA:0,(anonymous_28)
FNDA:0,(anonymous_29)
FNDA:0,(anonymous_30)
FNDA:0,(anonymous_31)
FNDA:0,(anonymous_32)
FNDA:0,(anonymous_33)
DA:78,0
DA:79,0
DA:80,0
DA:81,0
DA:82,0
DA:83,0
DA:84,0
DA:85,0
DA:86,0
DA:87,0
DA:88,0
DA:89,0
DA:90,0
DA:91,0
DA:92,0
DA:93,0
DA:95,0
DA:96,0
DA:97,0
DA:98,0
DA:102,0
DA:103,0
DA:105,0
DA:106,0
DA:108,0
DA:109,0
DA:110,0
DA:111,0
DA:112,0
DA:113,0
DA:114,0
DA:115,0
DA:116,0
DA:117,0
DA:119,0
DA:120,0
DA:121,0
DA:123,0
DA:124,0
DA:129,0
DA:130,0
DA:135,0
DA:136,0
DA:137,0
DA:138,0
DA:139,0
DA:140,0
DA:142,0
DA:146,0
DA:147,0
DA:148,0
DA:149,0
DA:150,0
DA:151,0
DA:154,0
DA:155,0
DA:156,0
DA:157,0
DA:159,0
DA:160,0
DA:161,0
DA:167,0
DA:168,0
DA:169,0
DA:170,0
DA:176,0
DA:177,0
DA:179,0
DA:180,0
DA:182,0
DA:187,0
DA:188,0
DA:189,0
DA:190,0
DA:191,0
DA:195,0
DA:196,0
DA:197,0
DA:198,0
DA:203,0
DA:204,0
DA:205,0
DA:206,0
DA:208,0
DA:212,0
DA:213,0
DA:214,0
DA:215,0
DA:217,0
DA:221,0
DA:222,0
DA:225,0
DA:226,0
DA:233,0
DA:234,0
DA:235,0
DA:244,0
DA:287,0
DA:288,0
DA:290,0
DA:302,0
DA:313,0
DA:330,0
DA:340,0
DA:355,0
DA:360,0
DA:371,0
DA:374,0
DA:390,0
DA:393,0
DA:411,0
DA:430,0
DA:435,0
DA:447,0
DA:448,0
DA:459,0
DA:466,0
DA:467,0
DA:519,0
LF:119
LH:0
BRDA:58,0,0,0
BRDA:62,1,0,0
BRDA:67,2,0,0
BRDA:68,3,0,0
BRDA:97,4,0,0
BRDA:97,4,1,0
BRDA:103,5,0,0
BRDA:103,5,1,0
BRDA:108,6,0,0
BRDA:108,6,1,0
BRDA:113,7,0,0
BRDA:113,7,1,0
BRDA:115,8,0,0
BRDA:115,8,1,0
BRDA:117,9,0,0
BRDA:117,9,1,0
BRDA:119,10,0,0
BRDA:119,10,1,0
BRDA:136,11,0,0
BRDA:136,11,1,0
BRDA:136,11,2,0
BRDA:136,11,3,0
BRDA:137,12,0,0
BRDA:137,12,1,0
BRDA:137,13,0,0
BRDA:137,13,1,0
BRDA:138,14,0,0
BRDA:138,14,1,0
BRDA:147,15,0,0
BRDA:147,15,1,0
BRDA:150,16,0,0
BRDA:150,16,1,0
BRDA:154,17,0,0
BRDA:154,17,1,0
BRDA:155,18,0,0
BRDA:155,18,1,0
BRDA:155,19,0,0
BRDA:155,19,1,0
BRDA:155,19,2,0
BRDA:155,19,3,0
BRDA:159,20,0,0
BRDA:159,20,1,0
BRDA:159,21,0,0
BRDA:159,21,1,0
BRDA:159,21,2,0
BRDA:159,21,3,0
BRDA:168,22,0,0
BRDA:168,22,1,0
BRDA:177,23,0,0
BRDA:177,23,1,0
BRDA:177,24,0,0
BRDA:177,24,1,0
BRDA:180,25,0,0
BRDA:180,25,1,0
BRDA:182,26,0,0
BRDA:182,26,1,0
BRDA:196,27,0,0
BRDA:196,27,1,0
BRDA:196,28,0,0
BRDA:196,28,1,0
BRDA:196,28,2,0
BRDA:196,28,3,0
BRDA:225,29,0,0
BRDA:225,29,1,0
BRDA:259,30,0,0
BRDA:259,30,1,0
BRDA:273,31,0,0
BRDA:273,31,1,0
BRDA:273,31,2,0
BRDA:283,32,0,0
BRDA:283,32,1,0
BRDA:287,33,0,0
BRDA:287,33,1,0
BRDA:294,34,0,0
BRDA:294,34,1,0
BRDA:299,35,0,0
BRDA:299,35,1,0
BRDA:299,35,2,0
BRDA:299,35,3,0
BRDA:299,35,4,0
BRDA:310,36,0,0
BRDA:310,36,1,0
BRDA:310,36,2,0
BRDA:310,36,3,0
BRDA:310,36,4,0
BRDA:327,37,0,0
BRDA:327,37,1,0
BRDA:327,37,2,0
BRDA:327,37,3,0
BRDA:337,38,0,0
BRDA:337,38,1,0
BRDA:345,39,0,0
BRDA:345,39,1,0
BRDA:366,40,0,0
BRDA:366,40,1,0
BRDA:373,41,0,0
BRDA:373,41,1,0
BRDA:376,42,0,0
BRDA:376,42,1,0
BRDA:385,43,0,0
BRDA:385,43,1,0
BRDA:385,43,2,0
BRDA:385,43,3,0
BRDA:392,44,0,0
BRDA:392,44,1,0
BRDA:395,45,0,0
BRDA:395,45,1,0
BRDA:405,46,0,0
BRDA:405,46,1,0
BRDA:405,46,2,0
BRDA:410,47,0,0
BRDA:410,47,1,0
BRDA:413,48,0,0
BRDA:413,48,1,0
BRDA:414,49,0,0
BRDA:414,49,1,0
BRDA:444,50,0,0
BRDA:444,50,1,0
BRDA:452,51,0,0
BRDA:452,51,1,0
BRDA:457,52,0,0
BRDA:457,52,1,0
BRDA:463,53,0,0
BRDA:463,53,1,0
BRDA:471,54,0,0
BRDA:471,54,1,0
BRDA:471,54,2,0
BRDA:473,55,0,0
BRDA:473,55,1,0
BRDA:489,56,0,0
BRDA:489,56,1,0
BRDA:489,56,2,0
BRDA:489,56,3,0
BRDA:492,57,0,0
BRDA:492,57,1,0
BRDA:493,58,0,0
BRDA:493,58,1,0
BRDA:496,59,0,0
BRDA:496,59,1,0
BRDA:497,60,0,0
BRDA:497,60,1,0
BRDA:500,61,0,0
BRDA:500,61,1,0
BRDA:501,62,0,0
BRDA:501,62,1,0
BRDA:504,63,0,0
BRDA:504,63,1,0
BRDA:505,64,0,0
BRDA:505,64,1,0
BRDA:510,65,0,0
BRDA:510,65,1,0
BRF:151
BRH:0
end_of_record
TN:
SF:src\components\VideoPlayer.tsx
FNF:0
FNH:0
LF:0
LH:0
BRF:0
BRH:0
end_of_record
TN:
SF:src\components\VideoPlayer.web.tsx
FN:46,VideoPlayer
FN:104,(anonymous_1)
FN:111,(anonymous_2)
FN:118,(anonymous_3)
FN:132,(anonymous_4)
FN:133,(anonymous_5)
FN:138,(anonymous_6)
FN:147,(anonymous_7)
FN:156,(anonymous_8)
FN:173,(anonymous_9)
FN:184,(anonymous_10)
FN:190,(anonymous_11)
FN:197,(anonymous_12)
FN:204,(anonymous_13)
FN:214,(anonymous_14)
FN:224,(anonymous_15)
FN:228,(anonymous_16)
FN:234,(anonymous_17)
FN:238,(anonymous_18)
FN:243,(anonymous_19)
FN:249,(anonymous_20)
FN:250,(anonymous_21)
FN:256,(anonymous_22)
FN:263,(anonymous_23)
FN:267,(anonymous_24)
FN:275,(anonymous_25)
FN:297,(anonymous_26)
FN:298,(anonymous_27)
FN:299,(anonymous_28)
FN:300,(anonymous_29)
FN:320,(anonymous_30)
FN:330,(anonymous_31)
FN:336,(anonymous_32)
FN:342,(anonymous_33)
FN:366,(anonymous_34)
FN:370,(anonymous_35)
FN:387,(anonymous_36)
FN:400,(anonymous_37)
FN:404,(anonymous_38)
FN:409,(anonymous_39)
FN:413,(anonymous_40)
FN:418,(anonymous_41)
FN:424,(anonymous_42)
FN:440,(anonymous_43)
FN:447,(anonymous_44)
FN:460,(anonymous_45)
FN:569,(anonymous_46)
FN:570,(anonymous_47)
FNF:48
FNH:0
FNDA:0,VideoPlayer
FNDA:0,(anonymous_1)
FNDA:0,(anonymous_2)
FNDA:0,(anonymous_3)
FNDA:0,(anonymous_4)
FNDA:0,(anonymous_5)
FNDA:0,(anonymous_6)
FNDA:0,(anonymous_7)
FNDA:0,(anonymous_8)
FNDA:0,(anonymous_9)
FNDA:0,(anonymous_10)
FNDA:0,(anonymous_11)
FNDA:0,(anonymous_12)
FNDA:0,(anonymous_13)
FNDA:0,(anonymous_14)
FNDA:0,(anonymous_15)
FNDA:0,(anonymous_16)
FNDA:0,(anonymous_17)
FNDA:0,(anonymous_18)
FNDA:0,(anonymous_19)
FNDA:0,(anonymous_20)
FNDA:0,(anonymous_21)
FNDA:0,(anonymous_22)
FNDA:0,(anonymous_23)
FNDA:0,(anonymous_24)
FNDA:0,(anonymous_25)
FNDA:0,(anonymous_26)
FNDA:0,(anonymous_27)
FNDA:0,(anonymous_28)
FNDA:0,(anonymous_29)
FNDA:0,(anonymous_30)
FNDA:0,(anonymous_31)
FNDA:0,(anonymous_32)
FNDA:0,(anonymous_33)
FNDA:0,(anonymous_34)
FNDA:0,(anonymous_35)
FNDA:0,(anonymous_36)
FNDA:0,(anonymous_37)
FNDA:0,(anonymous_38)
FNDA:0,(anonymous_39)
FNDA:0,(anonymous_40)
FNDA:0,(anonymous_41)
FNDA:0,(anonymous_42)
FNDA:0,(anonymous_43)
FNDA:0,(anonymous_44)
FNDA:0,(anonymous_45)
FNDA:0,(anonymous_46)
FNDA:0,(anonymous_47)
DA:74,0
DA:75,0
DA:76,0
DA:77,0
DA:79,0
DA:80,0
DA:81,0
DA:82,0
DA:83,0
DA:84,0
DA:87,0
DA:88,0
DA:89,0
DA:90,0
DA:91,0
DA:92,0
DA:93,0
DA:94,0
DA:95,0
DA:99,0
DA:100,0
DA:101,0
DA:102,0
DA:104,0
DA:105,0
DA:106,0
DA:107,0
DA:108,0
DA:111,0
DA:112,0
DA:113,0
DA:114,0
DA:115,0
DA:118,0
DA:119,0
DA:120,0
DA:121,0
DA:122,0
DA:124,0
DA:125,0
DA:126,0
DA:128,0
DA:129,0
DA:131,0
DA:132,0
DA:133,0
DA:138,0
DA:139,0
DA:140,0
DA:141,0
DA:142,0
DA:147,0
DA:148,0
DA:149,0
DA:150,0
DA:151,0
DA:156,0
DA:157,0
DA:158,0
DA:159,0
DA:160,0
DA:163,0
DA:164,0
DA:168,0
DA:169,0
DA:173,0
DA:174,0
DA:175,0
DA:177,0
DA:178,0
DA:180,0
DA:184,0
DA:185,0
DA:186,0
DA:187,0
DA:190,0
DA:191,0
DA:192,0
DA:193,0
DA:194,0
DA:197,0
DA:198,0
DA:199,0
DA:200,0
DA:202,0
DA:203,0
DA:204,0
DA:205,0
DA:207,0
DA:209,0
DA:210,0
DA:213,0
DA:214,0
DA:215,0
DA:217,0
DA:218,0
DA:219,0
DA:224,0
DA:225,0
DA:228,0
DA:231,0
DA:234,0
DA:235,0
DA:238,0
DA:239,0
DA:240,0
DA:241,0
DA:242,0
DA:243,0
DA:249,0
DA:250,0
DA:251,0
DA:254,0
DA:255,0
DA:256,0
DA:257,0
DA:258,0
DA:263,0
DA:264,0
DA:266,0
DA:267,0
DA:269,0
DA:270,0
DA:271,0
DA:275,0
DA:276,0
DA:278,0
DA:279,0
DA:280,0
DA:281,0
DA:282,0
DA:284,0
DA:288,0
DA:289,0
DA:290,0
DA:293,0
DA:294,0
DA:297,0
DA:298,0
DA:299,0
DA:300,0
DA:302,0
DA:303,0
DA:304,0
DA:305,0
DA:306,0
DA:308,0
DA:310,0
DA:311,0
DA:321,0
DA:325,0
DA:327,0
DA:328,0
DA:330,0
DA:331,0
DA:332,0
DA:333,0
DA:335,0
DA:336,0
DA:337,0
DA:342,0
DA:343,0
DA:346,0
DA:347,0
DA:348,0
DA:350,0
DA:352,0
DA:353,0
DA:354,0
DA:358,0
DA:360,0
DA:362,0
DA:363,0
DA:364,0
DA:366,0
DA:367,0
DA:369,0
DA:370,0
DA:371,0
DA:372,0
DA:374,0
DA:375,0
DA:377,0
DA:379,0
DA:380,0
DA:381,0
DA:383,0
DA:384,0
DA:385,0
DA:386,0
DA:387,0
DA:388,0
DA:391,0
DA:392,0
DA:394,0
DA:398,0
DA:399,0
DA:400,0
DA:401,0
DA:402,0
DA:403,0
DA:404,0
DA:408,0
DA:409,0
DA:410,0
DA:411,0
DA:412,0
DA:413,0
DA:418,0
DA:419,0
DA:420,0
DA:421,0
DA:424,0
DA:425,0
DA:426,0
DA:427,0
DA:428,0
DA:429,0
DA:431,0
DA:432,0
DA:433,0
DA:440,0
DA:441,0
DA:442,0
DA:443,0
DA:447,0
DA:448,0
DA:449,0
DA:450,0
DA:451,0
DA:453,0
DA:454,0
DA:455,0
DA:460,0
DA:461,0
DA:462,0
DA:463,0
DA:464,0
DA:469,0
DA:470,0
DA:476,0
DA:477,0
DA:479,0
DA:481,0
DA:499,0
DA:500,0
DA:518,0
DA:569,0
DA:570,0
DA:591,0
DA:598,0
DA:605,0
DA:612,0
LF:253
LH:0
BRDA:48,0,0,0
BRDA:56,1,0,0
BRDA:84,2,0,0
BRDA:84,2,1,0
BRDA:124,3,0,0
BRDA:124,3,1,0
BRDA:129,4,0,0
BRDA:129,4,1,0
BRDA:129,5,0,0
BRDA:129,5,1,0
BRDA:139,6,0,0
BRDA:139,6,1,0
[...]
FNDA:5,(anonymous_31)
FNDA:0,(anonymous_32)
DA:7,0
DA:8,0
DA:10,0
DA:11,0
DA:15,0
DA:16,0
DA:18,0
DA:19,0
DA:33,0
DA:34,0
DA:36,0
DA:37,0
DA:38,0
DA:39,0
DA:40,0
DA:42,0
DA:48,0
DA:49,0
DA:54,0
DA:58,0
DA:59,0
DA:60,0
DA:61,0
DA:62,0
DA:63,0
DA:64,0
DA:65,0
DA:67,0
DA:102,1
DA:104,0
DA:105,0
DA:106,0
DA:109,0
DA:110,0
DA:111,0
DA:117,0
DA:118,0
DA:119,0
DA:122,0
DA:129,0
DA:130,0
DA:135,0
DA:136,0
DA:138,0
DA:141,0
DA:142,0
DA:143,0
DA:150,0
DA:151,0
DA:158,0
DA:159,0
DA:170,0
DA:171,0
DA:172,0
DA:177,0
DA:178,0
DA:179,0
DA:183,0
DA:184,0
DA:197,0
DA:198,0
DA:204,0
DA:205,0
DA:206,0
DA:208,0
DA:213,0
DA:227,0
DA:228,0
DA:229,0
DA:232,0
DA:235,0
DA:237,0
DA:242,0
DA:244,0
DA:245,0
DA:247,0
DA:248,0
DA:249,0
DA:253,0
DA:254,0
DA:272,0
DA:276,0
DA:277,0
DA:279,0
DA:285,0
DA:286,0
DA:287,0
DA:290,0
DA:291,0
DA:292,0
DA:294,0
DA:295,0
DA:298,0
DA:299,0
DA:302,0
DA:306,0
DA:307,0
DA:308,0
DA:311,0
DA:312,0
DA:313,0
DA:315,0
DA:316,0
DA:319,0
DA:320,0
DA:322,0
DA:323,0
DA:326,0
DA:328,0
DA:331,0
DA:336,0
DA:337,0
DA:338,0
DA:341,0
DA:342,0
DA:343,0
DA:348,0
DA:349,0
DA:354,0
DA:355,0
DA:364,0
DA:365,0
DA:366,0
DA:369,0
DA:371,0
DA:379,0
DA:385,0
DA:389,0
DA:395,0
DA:396,0
DA:398,0
DA:402,0
DA:413,0
DA:414,0
DA:415,0
DA:418,0
DA:419,0
DA:422,0
DA:423,0
DA:425,0
DA:426,0
DA:429,0
DA:430,0
DA:433,0
DA:434,0
DA:452,0
DA:455,0
DA:457,0
DA:459,0
DA:460,0
DA:461,0
DA:464,0
DA:465,0
DA:466,0
DA:484,0
DA:486,0
DA:491,0
DA:492,0
DA:493,0
DA:496,0
DA:497,0
DA:498,0
DA:500,0
DA:501,0
DA:504,0
DA:505,0
DA:508,0
DA:511,0
DA:517,0
DA:518,0
DA:563,0
DA:564,0
DA:565,0
DA:566,0
DA:569,0
DA:570,0
DA:576,0
DA:577,0
DA:583,0
DA:585,0
DA:588,0
DA:592,0
DA:593,0
DA:594,0
DA:595,0
DA:598,0
DA:599,0
DA:604,0
DA:605,0
DA:609,0
DA:611,0
DA:614,0
DA:618,5
DA:619,2
DA:621,3
DA:622,3
DA:623,3
DA:627,0
DA:628,0
DA:630,0
DA:631,0
DA:632,0
DA:634,0
DA:635,0
DA:636,0
DA:637,0
DA:638,0
DA:639,0
DA:640,0
DA:641,0
DA:643,0
LF:211
LH:6
BRDA:7,0,0,0
BRDA:7,0,1,0
BRDA:15,1,0,0
BRDA:15,1,1,0
BRDA:48,2,0,0
BRDA:48,2,1,0
BRDA:54,3,0,0
BRDA:54,3,1,0
BRDA:58,4,0,0
BRDA:58,4,1,0
BRDA:59,5,0,0
BRDA:59,5,1,0
BRDA:60,6,0,0
BRDA:60,6,1,0
BRDA:62,7,0,0
BRDA:62,7,1,0
BRDA:64,8,0,0
BRDA:64,8,1,0
BRDA:64,9,0,0
BRDA:64,9,1,0
BRDA:67,10,0,0
BRDA:67,10,1,0
BRDA:67,10,2,0
BRDA:103,11,0,0
BRDA:105,12,0,0
BRDA:105,12,1,0
BRDA:118,13,0,0
BRDA:118,13,1,0
BRDA:134,14,0,0
BRDA:136,15,0,0
BRDA:136,15,1,0
BRDA:171,16,0,0
BRDA:171,16,1,0
BRDA:177,17,0,0
BRDA:177,17,1,0
BRDA:177,18,0,0
BRDA:177,18,1,0
BRDA:186,19,0,0
BRDA:186,19,1,0
BRDA:187,20,0,0
BRDA:187,20,1,0
BRDA:189,21,0,0
BRDA:189,21,1,0
BRDA:190,22,0,0
BRDA:190,22,1,0
BRDA:191,23,0,0
BRDA:191,23,1,0
BRDA:204,24,0,0
BRDA:204,24,1,0
BRDA:206,25,0,0
BRDA:206,25,1,0
BRDA:228,26,0,0
BRDA:228,26,1,0
BRDA:249,27,0,0
BRDA:249,27,1,0
BRDA:249,28,0,0
BRDA:249,28,1,0
BRDA:253,29,0,0
BRDA:253,29,1,0
BRDA:253,30,0,0
BRDA:253,30,1,0
BRDA:259,31,0,0
BRDA:259,31,1,0
BRDA:264,32,0,0
BRDA:264,32,1,0
BRDA:265,33,0,0
BRDA:265,33,1,0
BRDA:276,34,0,0
BRDA:276,34,1,0
BRDA:286,35,0,0
BRDA:286,35,1,0
BRDA:294,36,0,0
BRDA:294,36,1,0
BRDA:298,37,0,0
BRDA:298,37,1,0
BRDA:307,38,0,0
BRDA:307,38,1,0
BRDA:315,39,0,0
BRDA:315,39,1,0
BRDA:319,40,0,0
BRDA:319,40,1,0
BRDA:322,41,0,0
BRDA:322,41,1,0
BRDA:337,42,0,0
BRDA:337,42,1,0
BRDA:365,43,0,0
BRDA:365,43,1,0
BRDA:373,44,0,0
BRDA:373,44,1,0
BRDA:374,45,0,0
BRDA:374,45,1,0
BRDA:414,46,0,0
BRDA:414,46,1,0
BRDA:425,47,0,0
BRDA:425,47,1,0
BRDA:433,48,0,0
BRDA:433,48,1,0
BRDA:439,49,0,0
BRDA:439,49,1,0
BRDA:444,50,0,0
BRDA:444,50,1,0
BRDA:445,51,0,0
BRDA:445,51,1,0
BRDA:464,52,0,0
BRDA:464,52,1,0
BRDA:464,53,0,0
BRDA:464,53,1,0
BRDA:471,54,0,0
BRDA:471,54,1,0
BRDA:476,55,0,0
BRDA:476,55,1,0
BRDA:477,56,0,0
BRDA:477,56,1,0
BRDA:492,57,0,0
BRDA:492,57,1,0
BRDA:500,58,0,0
BRDA:500,58,1,0
BRDA:504,59,0,0
BRDA:504,59,1,0
BRDA:562,60,0,0
BRDA:564,61,0,0
BRDA:564,61,1,0
BRDA:593,62,0,0
BRDA:593,62,1,0
BRDA:618,63,0,2
BRDA:618,63,1,3
BRDA:618,64,0,5
BRDA:618,64,1,4
BRDA:634,65,0,0
BRDA:634,65,1,0
BRDA:636,66,0,0
BRDA:636,66,1,0
BRDA:638,67,0,0
BRDA:638,67,1,0
BRDA:640,68,0,0
BRDA:640,68,1,0
BRF:136
BRH:4
end_of_record
TN:
SF:src\services\newsService.ts
FN:5,getDb
FN:26,(anonymous_1)
FN:46,(anonymous_2)
FN:56,(anonymous_3)
FN:71,(anonymous_4)
FN:81,(anonymous_5)
FN:126,(anonymous_6)
FNF:7
FNH:0
FNDA:0,getDb
FNDA:0,(anonymous_1)
FNDA:0,(anonymous_2)
FNDA:0,(anonymous_3)
FNDA:0,(anonymous_4)
FNDA:0,(anonymous_5)
FNDA:0,(anonymous_6)
DA:6,0
DA:7,0
DA:9,0
DA:10,0
DA:25,0
DA:27,0
DA:28,0
DA:30,0
DA:33,0
DA:34,0
DA:35,0
DA:41,0
DA:42,0
DA:43,0
DA:46,0
DA:51,0
DA:52,0
DA:57,0
DA:58,0
DA:59,0
DA:62,0
DA:63,0
DA:64,0
DA:70,0
DA:71,0
DA:76,0
DA:77,0
DA:82,0
DA:83,0
DA:127,0
DA:128,0
DA:130,0
DA:131,0
DA:132,0
DA:134,0
DA:135,0
DA:136,0
DA:137,0
DA:138,0
DA:139,0
DA:141,0
LF:41
LH:0
BRDA:6,0,0,0
BRDA:6,0,1,0
BRDA:26,1,0,0
BRDA:28,2,0,0
BRDA:28,2,1,0
BRDA:42,3,0,0
BRDA:42,3,1,0
BRDA:58,4,0,0
BRDA:58,4,1,0
BRDA:134,5,0,0
BRDA:134,5,1,0
BRDA:136,6,0,0
BRDA:136,6,1,0
BRDA:138,7,0,0
BRDA:138,7,1,0
BRF:15
BRH:0
end_of_record
TN:
SF:src\services\notificationService.ts
FN:5,getMessagingInstance
FN:29,(anonymous_1)
FN:58,(anonymous_2)
FN:97,(anonymous_3)
FN:124,(anonymous_4)
FN:128,(anonymous_5)
FN:142,(anonymous_6)
FN:150,(anonymous_7)
FN:156,(anonymous_8)
FN:159,(anonymous_9)
FN:164,(anonymous_10)
FN:171,(anonymous_11)
FN:177,(anonymous_12)
FN:180,(anonymous_13)
FNF:14
FNH:0
FNDA:0,getMessagingInstance
FNDA:0,(anonymous_1)
FNDA:0,(anonymous_2)
FNDA:0,(anonymous_3)
FNDA:0,(anonymous_4)
FNDA:0,(anonymous_5)
FNDA:0,(anonymous_6)
FNDA:0,(anonymous_7)
FNDA:0,(anonymous_8)
FNDA:0,(anonymous_9)
FNDA:0,(anonymous_10)
FNDA:0,(anonymous_11)
FNDA:0,(anonymous_12)
FNDA:0,(anonymous_13)
DA:6,0
DA:7,0
DA:9,0
DA:10,0
DA:11,0
DA:13,0
DA:14,0
DA:28,0
DA:30,0
DA:31,0
DA:32,0
DA:33,0
DA:36,0
DA:37,0
DA:41,0
DA:42,0
DA:43,0
DA:44,0
DA:46,0
DA:47,0
DA:48,0
DA:51,0
DA:53,0
DA:54,0
DA:59,0
DA:60,0
DA:61,0
DA:62,0
DA:64,0
DA:65,0
DA:66,0
DA:67,0
DA:69,0
DA:72,0
DA:74,0
DA:75,0
DA:80,0
DA:81,0
DA:82,0
DA:83,0
DA:85,0
DA:86,0
DA:87,0
DA:89,0
DA:90,0
DA:94,0
DA:98,0
DA:99,0
DA:100,0
DA:101,0
DA:104,0
DA:105,0
DA:107,0
DA:108,0
DA:109,0
DA:110,0
DA:115,0
DA:117,0
DA:121,0
DA:125,0
DA:126,0
DA:127,0
DA:128,0
DA:129,0
DA:135,0
DA:138,0
DA:139,0
DA:140,0
DA:141,0
DA:143,0
DA:150,0
DA:152,0
DA:156,0
DA:160,0
DA:161,0
DA:162,0
DA:163,0
DA:165,0
DA:166,0
DA:167,0
DA:171,0
DA:173,0
DA:177,0
DA:181,0
DA:182,0
DA:183,0
DA:188,0
DA:192,0
DA:193,0
DA:194,0
DA:203,0
LF:91
LH:0
BRDA:6,0,0,0
BRDA:6,0,1,0
BRDA:6,1,0,0
BRDA:6,1,1,0
BRDA:30,2,0,0
BRDA:30,2,1,0
BRDA:31,3,0,0
BRDA:31,3,1,0
BRDA:46,4,0,0
BRDA:46,4,1,0
BRDA:60,5,0,0
BRDA:60,5,1,0
BRDA:60,6,0,0
BRDA:60,6,1,0
BRDA:64,7,0,0
BRDA:64,7,1,0
BRDA:65,8,0,0
BRDA:65,8,1,0
BRDA:80,9,0,0
BRDA:80,9,1,0
BRDA:85,10,0,0
BRDA:85,10,1,0
BRDA:99,11,0,0
BRDA:99,11,1,0
BRDA:105,12,0,0
BRDA:105,12,1,0
BRDA:105,13,0,0
BRDA:105,13,1,0
BRDA:126,14,0,0
BRDA:126,14,1,0
BRDA:126,15,0,0
BRDA:126,15,1,0
BRDA:130,16,0,0
BRDA:130,16,1,0
BRDA:131,17,0,0
BRDA:131,17,1,0
BRDA:138,18,0,0
BRDA:138,18,1,0
BRDA:144,19,0,0
BRDA:144,19,1,0
BRDA:145,20,0,0
BRDA:145,20,1,0
BRDA:160,21,0,0
BRDA:160,21,1,0
BRDA:166,22,0,0
BRDA:166,22,1,0
BRDA:181,23,0,0
BRDA:181,23,1,0
BRDA:182,24,0,0
BRDA:182,24,1,0
BRDA:182,25,0,0
BRDA:182,25,1,0
BRF:52
BRH:0
end_of_record
TN:
SF:src\services\profileService.ts
FN:5,getStorage
FN:20,uploadProfilePhoto
FN:72,deleteProfilePhoto
FNF:3
FNH:1
FNDA:0,getStorage
FNDA:3,uploadProfilePhoto
FNDA:0,deleteProfilePhoto
DA:6,0
DA:7,0
DA:9,0
DA:10,0
DA:25,3
DA:26,3
DA:29,3
DA:30,0
DA:34,3
DA:35,3
DA:36,0
DA:39,3
DA:40,3
DA:41,3
DA:42,3
DA:43,3
DA:45,3
DA:51,2
DA:52,2
DA:54,0
DA:57,1
DA:58,1
DA:59,0
DA:60,0
DA:62,0
DA:76,0
DA:77,0
DA:78,0
DA:81,0
DA:82,0
DA:86,0
DA:87,0
DA:89,0
DA:90,0
DA:91,0
DA:92,0
DA:95,0
LF:37
LH:15
BRDA:6,0,0,0
BRDA:6,0,1,0
BRDA:29,1,0,0
BRDA:29,1,1,3
BRDA:35,2,0,0
BRDA:35,2,1,3
BRDA:51,3,0,2
BRDA:51,3,1,0
BRDA:54,4,0,0
BRDA:54,4,1,0
BRDA:57,5,0,1
BRDA:57,5,1,0
BRDA:58,6,0,1
BRDA:58,6,1,0
BRDA:59,7,0,0
BRDA:59,7,1,0
BRDA:62,8,0,0
BRDA:62,8,1,0
BRDA:62,8,2,0
BRDA:77,9,0,0
BRDA:77,9,1,0
BRDA:89,10,0,0
BRDA:89,10,1,0
BRDA:89,11,0,0
BRDA:89,11,1,0
BRF:25
BRH:5
end_of_record
TN:
SF:src\services\recaptchaService.ts
FN:8,verifyRecaptchaToken
FNF:1
FNH:0
FNDA:0,verifyRecaptchaToken
DA:9,0
DA:10,0
DA:18,0
DA:19,0
DA:20,0
DA:23,0
DA:24,0
DA:26,0
DA:27,0
LF:9
LH:0
BRDA:18,0,0,0
BRDA:18,0,1,0
BRF:2
BRH:0
end_of_record
TN:
SF:src\services\savedAnimeService.ts
FN:5,getDb
FN:33,(anonymous_1)
FN:46,(anonymous_2)
FN:53,(anonymous_3)
FN:67,(anonymous_4)
FN:73,(anonymous_5)
FN:97,(anonymous_6)
FN:110,(anonymous_7)
FN:123,(anonymous_8)
FN:149,(anonymous_9)
FN:161,(anonymous_10)
FN:171,(anonymous_11)
FN:182,(anonymous_12)
FN:196,(anonymous_13)
FN:207,(anonymous_14)
FN:220,(anonymous_15)
FNF:16
FNH:0
FNDA:0,getDb
FNDA:0,(anonymous_1)
FNDA:0,(anonymous_2)
FNDA:0,(anonymous_3)
FNDA:0,(anonymous_4)
FNDA:0,(anonymous_5)
FNDA:0,(anonymous_6)
FNDA:0,(anonymous_7)
FNDA:0,(anonymous_8)
FNDA:0,(anonymous_9)
FNDA:0,(anonymous_10)
FNDA:0,(anonymous_11)
FNDA:0,(anonymous_12)
FNDA:0,(anonymous_13)
FNDA:0,(anonymous_14)
FNDA:0,(anonymous_15)
DA:6,0
DA:7,0
DA:9,0
DA:10,0
DA:24,0
DA:32,0
DA:34,0
DA:35,0
DA:36,0
DA:39,0
DA:40,0
DA:45,0
DA:46,0
DA:54,0
DA:55,0
DA:56,0
DA:59,0
DA:60,0
DA:66,0
DA:67,0
DA:74,0
DA:75,0
DA:76,0
DA:80,0
DA:81,0
DA:82,0
DA:83,0
DA:87,0
DA:88,0
DA:98,0
DA:99,0
DA:100,0
DA:103,0
DA:104,0
DA:111,0
DA:112,0
DA:113,0
DA:116,0
DA:117,0
DA:128,0
DA:129,0
DA:130,0
DA:133,0
DA:134,0
DA:138,0
DA:139,0
DA:142,0
DA:143,0
DA:146,0
DA:150,0
DA:151,0
DA:152,0
DA:155,0
DA:156,0
DA:162,0
DA:163,0
DA:164,0
DA:167,0
DA:168,0
DA:172,0
DA:173,0
DA:174,0
DA:177,0
DA:178,0
DA:179,0
DA:183,0
DA:184,0
DA:185,0
DA:188,0
DA:189,0
DA:190,0
DA:191,0
DA:193,0
DA:197,0
DA:198,0
DA:199,0
DA:200,0
DA:202,0
DA:203,0
DA:208,0
DA:209,0
DA:210,0
DA:213,0
DA:214,0
DA:219,0
DA:220,0
LF:86
LH:0
BRDA:6,0,0,0
BRDA:6,0,1,0
BRDA:35,1,0,0
BRDA:35,1,1,0
BRDA:55,2,0,0
BRDA:55,2,1,0
BRDA:73,3,0,0
BRDA:75,4,0,0
BRDA:75,4,1,0
BRDA:82,5,0,0
BRDA:82,5,1,0
BRDA:99,6,0,0
BRDA:99,6,1,0
BRDA:112,7,0,0
BRDA:112,7,1,0
BRDA:129,8,0,0
BRDA:129,8,1,0
BRDA:135,9,0,0
BRDA:135,9,1,0
BRDA:138,10,0,0
BRDA:138,10,1,0
BRDA:142,11,0,0
BRDA:142,11,1,0
BRDA:151,12,0,0
BRDA:151,12,1,0
BRDA:163,13,0,0
BRDA:163,13,1,0
BRDA:173,14,0,0
BRDA:173,14,1,0
BRDA:184,15,0,0
BRDA:184,15,1,0
BRDA:190,16,0,0
BRDA:190,16,1,0
BRDA:196,17,0,0
BRDA:198,18,0,0
BRDA:198,18,1,0
BRDA:209,19,0,0
BRDA:209,19,1,0
BRF:38
BRH:0
end_of_record
TN:
SF:src\services\uploadService.ts
FN:20,getSignedUrl
FN:55,getSignedUrlWithMetadata
FN:98,refreshSignedUrl
FN:113,getOrRefreshSignedUrl
FN:147,clearUrlCache
FN:160,isUrlExpired
FN:196,getSignedUrlWithAutoRenewal
FN:225,loadImageWithAutoRenewal
FN:235,(anonymous_8)
FN:238,(anonymous_9)
FN:242,(anonymous_10)
FN:257,(anonymous_11)
FN:258,(anonymous_12)
FNF:13
FNH:0
FNDA:0,getSignedUrl
FNDA:0,getSignedUrlWithMetadata
FNDA:0,refreshSignedUrl
FNDA:0,getOrRefreshSignedUrl
FNDA:0,clearUrlCache
FNDA:0,isUrlExpired
FNDA:0,getSignedUrlWithAutoRenewal
FNDA:0,loadImageWithAutoRenewal
FNDA:0,(anonymous_8)
FNDA:0,(anonymous_9)
FNDA:0,(anonymous_10)
FNDA:0,(anonymous_11)
FNDA:0,(anonymous_12)
DA:21,0
DA:22,0
DA:25,0
DA:26,0
DA:30,0
DA:31,0
DA:33,0
DA:36,0
DA:37,0
DA:38,0
DA:39,0
DA:41,0
DA:60,0
DA:61,0
DA:64,0
DA:65,0
DA:69,0
DA:70,0
DA:76,0
DA:79,0
DA:80,0
DA:81,0
DA:82,0
DA:84,0
DA:99,0
DA:110,0
DA:111,0
DA:117,0
DA:118,0
DA:121,0
DA:123,0
DA:124,0
DA:126,0
DA:127,0
DA:132,0
DA:135,0
DA:140,0
DA:148,0
DA:149,0
DA:151,0
DA:161,0
DA:162,0
DA:163,0
DA:164,0
DA:166,0
DA:168,0
DA:172,0
DA:173,0
DA:174,0
DA:175,0
DA:176,0
DA:177,0
DA:179,0
DA:180,0
DA:182,0
DA:185,0
DA:197,0
DA:200,0
DA:201,0
DA:205,0
DA:208,0
DA:213,0
DA:229,0
DA:231,0
DA:234,0
DA:235,0
DA:236,0
DA:238,0
DA:239,0
DA:242,0
DA:244,0
DA:246,0
DA:247,0
DA:250,0
DA:256,0
DA:257,0
DA:258,0
DA:259,0
DA:260,0
DA:261,0
DA:263,0
DA:265,0
DA:266,0
DA:267,0
DA:271,0
DA:277,0
DA:279,0
DA:280,0
DA:281,0
LF:89
LH:0
BRDA:21,0,0,0
BRDA:21,0,1,0
BRDA:30,1,0,0
BRDA:30,1,1,0
BRDA:33,2,0,0
BRDA:33,2,1,0
BRDA:36,3,0,0
BRDA:36,3,1,0
BRDA:37,4,0,0
BRDA:37,4,1,0
BRDA:38,5,0,0
BRDA:38,5,1,0
BRDA:42,6,0,0
BRDA:42,6,1,0
BRDA:42,6,2,0
BRDA:60,7,0,0
BRDA:60,7,1,0
BRDA:69,8,0,0
BRDA:69,8,1,0
BRDA:76,9,0,0
BRDA:76,9,1,0
BRDA:79,10,0,0
BRDA:79,10,1,0
BRDA:80,11,0,0
BRDA:80,11,1,0
BRDA:81,12,0,0
BRDA:81,12,1,0
BRDA:85,13,0,0
BRDA:85,13,1,0
BRDA:85,13,2,0
BRDA:115,14,0,0
BRDA:121,15,0,0
BRDA:121,15,1,0
BRDA:121,16,0,0
BRDA:121,16,1,0
BRDA:126,17,0,0
BRDA:126,17,1,0
BRDA:126,18,0,0
BRDA:126,18,1,0
BRDA:148,19,0,0
BRDA:148,19,1,0
BRDA:166,20,0,0
BRDA:166,20,1,0
BRDA:166,21,0,0
BRDA:166,21,1,0
BRDA:200,22,0,0
BRDA:200,22,1,0
BRDA:200,23,0,0
BRDA:200,23,1,0
BRDA:234,24,0,0
BRDA:234,24,1,0
BRDA:234,25,0,0
BRDA:234,25,1,0
BRDA:260,26,0,0
BRDA:260,26,1,0
BRDA:265,27,0,0
BRDA:265,27,1,0
BRDA:266,28,0,0
BRDA:266,28,1,0
BRDA:279,29,0,0
BRDA:279,29,1,0
BRDA:280,30,0,0
BRDA:280,30,1,0
BRF:63
BRH:0
end_of_record
TN:
SF:src\services\userNotificationService.ts
FN:6,getDb
FN:45,(anonymous_1)
FN:61,(anonymous_2)
FN:74,(anonymous_3)
FN:99,(anonymous_4)
FN:118,(anonymous_5)
FN:135,(anonymous_6)
FN:148,(anonymous_7)
FN:166,(anonymous_8)
FN:198,(anonymous_9)
FN:207,(anonymous_10)
FN:213,(anonymous_11)
FN:225,(anonymous_12)
FN:226,(anonymous_13)
FN:236,(anonymous_14)
FN:243,(anonymous_15)
FN:249,(anonymous_16)
FN:260,(anonymous_17)
FN:267,(anonymous_18)
FN:274,(anonymous_19)
FNF:20
FNH:0
FNDA:0,getDb
FNDA:0,(anonymous_1)
FNDA:0,(anonymous_2)
FNDA:0,(anonymous_3)
FNDA:0,(anonymous_4)
FNDA:0,(anonymous_5)
FNDA:0,(anonymous_6)
FNDA:0,(anonymous_7)
FNDA:0,(anonymous_8)
FNDA:0,(anonymous_9)
FNDA:0,(anonymous_10)
FNDA:0,(anonymous_11)
FNDA:0,(anonymous_12)
FNDA:0,(anonymous_13)
FNDA:0,(anonymous_14)
FNDA:0,(anonymous_15)
FNDA:0,(anonymous_16)
FNDA:0,(anonymous_17)
FNDA:0,(anonymous_18)
FNDA:0,(anonymous_19)
DA:7,0
DA:8,0
DA:10,0
DA:11,0
DA:41,1
DA:46,0
DA:47,0
DA:48,0
DA:51,0
DA:52,0
DA:53,0
DA:60,0
DA:61,0
DA:66,0
DA:67,0
DA:75,0
DA:76,0
DA:77,0
DA:80,0
DA:81,0
DA:82,0
DA:88,0
DA:89,0
DA:91,0
DA:92,0
DA:100,0
DA:101,0
DA:102,0
DA:105,0
DA:106,0
DA:107,0
DA:111,0
DA:119,0
DA:120,0
DA:121,0
DA:124,0
DA:125,0
DA:126,0
DA:132,0
DA:133,0
DA:135,0
DA:136,0
DA:139,0
DA:141,0
DA:149,0
DA:150,0
DA:151,0
DA:154,0
DA:155,0
DA:156,0
DA:158,0
DA:167,0
DA:168,0
DA:169,0
DA:172,0
DA:173,0
DA:174,0
DA:181,0
DA:182,0
DA:183,0
DA:185,0
DA:198,0
DA:200,0
DA:211,0
DA:212,0
DA:213,0
DA:216,0
DA:217,0
DA:218,0
DA:225,0
DA:226,0
DA:230,0
DA:233,0
DA:235,0
DA:236,0
DA:247,0
DA:248,0
DA:249,0
DA:252,0
DA:253,0
DA:254,0
DA:260,0
DA:261,0
DA:264,0
DA:266,0
DA:267,0
DA:275,0
DA:276,0
DA:278,0
DA:279,0
DA:280,0
DA:282,0
DA:283,0
DA:284,0
DA:285,0
DA:286,0
DA:287,0
DA:288,0
DA:289,0
DA:291,0
LF:100
LH:1
BRDA:7,0,0,0
BRDA:7,0,1,0
BRDA:45,1,0,0
BRDA:47,2,0,0
BRDA:47,2,1,0
BRDA:76,3,0,0
BRDA:76,3,1,0
BRDA:101,4,0,0
BRDA:101,4,1,0
BRDA:120,5,0,0
BRDA:120,5,1,0
BRDA:150,6,0,0
BRDA:150,6,1,0
BRDA:168,7,0,0
BRDA:168,7,1,0
BRDA:183,8,0,0
BRDA:183,8,1,0
BRDA:193,9,0,0
BRDA:193,9,1,0
BRDA:194,10,0,0
BRDA:194,10,1,0
BRDA:212,11,0,0
BRDA:212,11,1,0
BRDA:248,12,0,0
BRDA:248,12,1,0
BRDA:282,13,0,0
BRDA:282,13,1,0
BRDA:284,14,0,0
BRDA:284,14,1,0
BRDA:286,15,0,0
BRDA:286,15,1,0
BRDA:288,16,0,0
BRDA:288,16,1,0
BRF:33
BRH:0
end_of_record
TN:
SF:src\services\userSettingsService.ts
FN:4,getDb
FN:25,(anonymous_1)
FN:45,(anonymous_2)
FN:67,(anonymous_3)
FN:71,(anonymous_4)
FNF:5
FNH:0
FNDA:0,getDb
FNDA:0,(anonymous_1)
FNDA:0,(anonymous_2)
FNDA:0,(anonymous_3)
FNDA:0,(anonymous_4)
DA:5,0
DA:6,0
DA:8,0
DA:9,0
DA:18,0
DA:24,0
DA:26,0
DA:27,0
DA:28,0
DA:31,0
DA:32,0
DA:33,0
DA:35,0
DA:36,0
DA:38,0
DA:40,0
DA:41,0
DA:46,0
DA:47,0
DA:48,0
DA:51,0
DA:52,0
DA:53,0
DA:62,0
DA:63,0
DA:68,0
DA:72,0
LF:27
LH:0
BRDA:5,0,0,0
BRDA:5,0,1,0
BRDA:27,1,0,0
BRDA:27,1,1,0
BRDA:35,2,0,0
BRDA:35,2,1,0
BRDA:47,3,0,0
BRDA:47,3,1,0
BRF:8
BRH:0
end_of_record
TN:
SF:src\services\watchHistoryService.ts
FN:19,(anonymous_0)
FN:25,(anonymous_1)
FN:33,(anonymous_2)
FN:37,(anonymous_3)
FN:46,(anonymous_4)
FN:52,(anonymous_5)
FN:78,(anonymous_6)
FN:82,(anonymous_7)
FN:91,(anonymous_8)
FN:100,(anonymous_9)
FN:122,(anonymous_10)
FN:129,(anonymous_11)
FNF:12
FNH:0
FNDA:0,(anonymous_0)
FNDA:0,(anonymous_1)
FNDA:0,(anonymous_2)
FNDA:0,(anonymous_3)
FNDA:0,(anonymous_4)
FNDA:0,(anonymous_5)
FNDA:0,(anonymous_6)
FNDA:0,(anonymous_7)
FNDA:0,(anonymous_8)
FNDA:0,(anonymous_9)
FNDA:0,(anonymous_10)
FNDA:0,(anonymous_11)
DA:14,0
DA:15,0
DA:17,0
DA:20,0
DA:21,0
DA:22,0
DA:23,0
DA:25,0
DA:27,0
DA:28,0
DA:34,0
DA:35,0
DA:36,0
DA:37,0
DA:40,0
DA:41,0
DA:47,0
DA:48,0
DA:51,0
DA:52,0
DA:55,0
DA:60,0
DA:62,0
DA:65,0
DA:69,0
DA:71,0
DA:73,0
DA:79,0
DA:80,0
DA:81,0
DA:82,0
DA:84,0
DA:86,0
DA:92,0
DA:93,0
DA:95,0
DA:101,0
DA:102,0
DA:103,0
DA:104,0
DA:106,0
DA:107,0
DA:108,0
DA:109,0
DA:110,0
DA:114,0
DA:116,0
DA:117,0
DA:123,0
DA:124,0
DA:125,0
DA:130,0
DA:131,0
LF:53
LH:0
BRDA:22,0,0,0
BRDA:22,0,1,0
BRDA:36,1,0,0
BRDA:36,1,1,0
BRDA:37,2,0,0
BRDA:37,2,1,0
BRDA:52,3,0,0
BRDA:52,3,1,0
BRDA:60,4,0,0
BRDA:60,4,1,0
BRDA:82,5,0,0
BRDA:82,5,1,0
BRDA:100,6,0,0
BRDA:107,7,0,0
BRDA:107,7,1,0
BRDA:110,8,0,0
BRDA:110,8,1,0
BRDA:130,9,0,0
BRDA:130,9,1,0
BRDA:130,10,0,0
BRDA:130,10,1,0
BRF:21
BRH:0
end_of_record
TN:
SF:src\utils\apiCache.ts
FN:10,getCached
FN:37,clearApiCache
FN:42,(anonymous_2)
FN:43,(anonymous_3)
FNF:4
FNH:0
FNDA:0,getCached
FNDA:0,clearApiCache
FNDA:0,(anonymous_2)
FNDA:0,(anonymous_3)
DA:3,0
DA:11,0
DA:12,0
DA:13,0
DA:14,0
DA:15,0
DA:16,0
DA:23,0
DA:25,0
DA:26,0
DA:34,0
DA:38,0
DA:39,0
DA:42,0
DA:43,0
DA:44,0
LF:16
LH:0
BRDA:13,0,0,0
BRDA:13,0,1,0
BRDA:15,1,0,0
BRDA:15,1,1,0
BRDA:38,2,0,0
BRDA:38,2,1,0
BRF:6
BRH:0
end_of_record
TN:
SF:src\utils\imageProxy.ts
FN:8,getProxiedImageUrl
FNF:1
FNH:1
FNDA:5,getProxiedImageUrl
DA:9,5
DA:12,3
DA:13,1
DA:17,2
DA:18,2
DA:19,2
DA:24,2
DA:25,2
DA:29,0
DA:32,0
LF:10
LH:8
BRDA:9,0,0,2
BRDA:9,0,1,3
BRDA:12,1,0,1
BRDA:12,1,1,2
BRDA:19,2,0,2
BRDA:19,2,1,2
BRDA:19,2,2,2
BRDA:24,3,0,2
BRDA:24,3,1,0
BRF:9
BRH:8
end_of_record
TN:
SF:src\utils\recaptcha.ts
FN:37,loadRecaptchaScript
FN:52,(anonymous_1)
FN:53,(anonymous_2)
FN:68,(anonymous_3)
FN:73,(anonymous_4)
FN:77,(anonymous_5)
FN:84,(anonymous_6)
FN:91,(anonymous_7)
FN:104,executeRecaptcha
FN:119,(anonymous_9)
FN:120,(anonymous_10)
FN:150,renderRecaptcha
FN:168,(anonymous_12)
FN:169,(anonymous_13)
FN:174,(anonymous_14)
FN:175,(anonymous_15)
FN:189,resetRecaptcha
FNF:17
FNH:8
FNDA:3,loadRecaptchaScript
FNDA:0,(anonymous_1)
FNDA:0,(anonymous_2)
FNDA:0,(anonymous_3)
FNDA:0,(anonymous_4)
FNDA:0,(anonymous_5)
FNDA:0,(anonymous_6)
FNDA:0,(anonymous_7)
FNDA:3,executeRecaptcha
FNDA:2,(anonymous_9)
FNDA:2,(anonymous_10)
FNDA:2,renderRecaptcha
FNDA:1,(anonymous_12)
FNDA:1,(anonymous_13)
FNDA:0,(anonymous_14)
FNDA:0,(anonymous_15)
FNDA:2,resetRecaptcha
DA:31,1
DA:32,1
DA:38,3
DA:39,0
DA:42,3
DA:43,3
DA:46,0
DA:47,0
DA:50,0
DA:52,0
DA:53,0
DA:54,0
DA:55,0
DA:56,0
DA:57,0
DA:58,0
DA:59,0
DA:60,0
DA:66,0
DA:68,0
DA:69,0
DA:70,0
DA:71,0
DA:72,0
DA:73,0
DA:74,0
DA:75,0
DA:77,0
DA:78,0
DA:79,0
DA:80,0
DA:84,0
DA:85,0
DA:86,0
DA:87,0
DA:91,0
DA:92,0
DA:93,0
DA:95,0
DA:108,3
DA:109,1
DA:112,2
DA:114,2
DA:115,0
DA:118,2
DA:119,2
DA:120,2
DA:121,2
DA:122,2
DA:123,1
DA:126,1
DA:127,1
DA:128,1
DA:129,1
DA:131,0
DA:134,0
DA:157,2
DA:158,1
DA:161,1
DA:163,1
DA:164,0
DA:167,1
DA:168,1
DA:169,1
DA:170,1
DA:171,1
DA:177,1
DA:179,0
DA:190,2
DA:191,1
DA:193,1
LF:71
LH:32
BRDA:38,0,0,0
BRDA:38,0,1,3
BRDA:38,1,0,3
BRDA:38,1,1,3
BRDA:42,2,0,3
BRDA:42,2,1,0
BRDA:46,3,0,0
BRDA:46,3,1,0
BRDA:50,4,0,0
BRDA:50,4,1,0
BRDA:54,5,0,0
BRDA:54,5,1,0
BRDA:58,6,0,0
BRDA:58,6,1,0
BRDA:78,7,0,0
BRDA:78,7,1,0
BRDA:86,8,0,0
BRDA:86,8,1,0
BRDA:106,9,0,0
BRDA:108,10,0,1
BRDA:108,10,1,2
BRDA:108,11,0,3
BRDA:108,11,1,2
BRDA:114,12,0,0
BRDA:114,12,1,2
BRDA:126,13,0,1
BRDA:126,13,1,0
BRDA:126,14,0,1
BRDA:126,14,1,1
BRDA:157,15,0,1
BRDA:157,15,1,1
BRDA:157,16,0,2
BRDA:157,16,1,1
BRDA:163,17,0,0
BRDA:163,17,1,1
BRDA:174,18,0,1
BRDA:174,18,1,0
BRDA:175,19,0,1
BRDA:175,19,1,0
BRDA:190,20,0,1
BRDA:190,20,1,1
BRDA:190,21,0,2
BRDA:190,21,1,1
BRDA:190,21,2,1
BRF:44
BRH:24
end_of_record
